Apache Maven 3.6.1 (d66c9c0b3152b2e69ee9bac180bb8fcc8e6af555; 2019-04-04T15:00:29-04:00)
Maven home: /usr/local/Cellar/maven/3.6.1/libexec
Java version: 1.8.0_212, vendor: AdoptOpenJDK, runtime: /Library/Java/JavaVirtualMachines/adoptopenjdk-8.jdk/Contents/Home/jre
Default locale: en_US, platform encoding: UTF-8
OS name: "mac os x", version: "10.15.7", arch: "x86_64", family: "mac"
[DEBUG] Created new class realm maven.api
[DEBUG] Importing foreign packages into class realm maven.api
[DEBUG]   Imported: javax.annotation.* < plexus.core
[DEBUG]   Imported: javax.annotation.security.* < plexus.core
[DEBUG]   Imported: javax.enterprise.inject.* < plexus.core
[DEBUG]   Imported: javax.enterprise.util.* < plexus.core
[DEBUG]   Imported: javax.inject.* < plexus.core
[DEBUG]   Imported: org.apache.maven.* < plexus.core
[DEBUG]   Imported: org.apache.maven.artifact < plexus.core
[DEBUG]   Imported: org.apache.maven.classrealm < plexus.core
[DEBUG]   Imported: org.apache.maven.cli < plexus.core
[DEBUG]   Imported: org.apache.maven.configuration < plexus.core
[DEBUG]   Imported: org.apache.maven.exception < plexus.core
[DEBUG]   Imported: org.apache.maven.execution < plexus.core
[DEBUG]   Imported: org.apache.maven.execution.scope < plexus.core
[DEBUG]   Imported: org.apache.maven.lifecycle < plexus.core
[DEBUG]   Imported: org.apache.maven.model < plexus.core
[DEBUG]   Imported: org.apache.maven.monitor < plexus.core
[DEBUG]   Imported: org.apache.maven.plugin < plexus.core
[DEBUG]   Imported: org.apache.maven.profiles < plexus.core
[DEBUG]   Imported: org.apache.maven.project < plexus.core
[DEBUG]   Imported: org.apache.maven.reporting < plexus.core
[DEBUG]   Imported: org.apache.maven.repository < plexus.core
[DEBUG]   Imported: org.apache.maven.rtinfo < plexus.core
[DEBUG]   Imported: org.apache.maven.settings < plexus.core
[DEBUG]   Imported: org.apache.maven.toolchain < plexus.core
[DEBUG]   Imported: org.apache.maven.usability < plexus.core
[DEBUG]   Imported: org.apache.maven.wagon.* < plexus.core
[DEBUG]   Imported: org.apache.maven.wagon.authentication < plexus.core
[DEBUG]   Imported: org.apache.maven.wagon.authorization < plexus.core
[DEBUG]   Imported: org.apache.maven.wagon.events < plexus.core
[DEBUG]   Imported: org.apache.maven.wagon.observers < plexus.core
[DEBUG]   Imported: org.apache.maven.wagon.proxy < plexus.core
[DEBUG]   Imported: org.apache.maven.wagon.repository < plexus.core
[DEBUG]   Imported: org.apache.maven.wagon.resource < plexus.core
[DEBUG]   Imported: org.codehaus.classworlds < plexus.core
[DEBUG]   Imported: org.codehaus.plexus.* < plexus.core
[DEBUG]   Imported: org.codehaus.plexus.classworlds < plexus.core
[DEBUG]   Imported: org.codehaus.plexus.component < plexus.core
[DEBUG]   Imported: org.codehaus.plexus.configuration < plexus.core
[DEBUG]   Imported: org.codehaus.plexus.container < plexus.core
[DEBUG]   Imported: org.codehaus.plexus.context < plexus.core
[DEBUG]   Imported: org.codehaus.plexus.lifecycle < plexus.core
[DEBUG]   Imported: org.codehaus.plexus.logging < plexus.core
[DEBUG]   Imported: org.codehaus.plexus.personality < plexus.core
[DEBUG]   Imported: org.codehaus.plexus.util.xml.Xpp3Dom < plexus.core
[DEBUG]   Imported: org.codehaus.plexus.util.xml.pull.XmlPullParser < plexus.core
[DEBUG]   Imported: org.codehaus.plexus.util.xml.pull.XmlPullParserException < plexus.core
[DEBUG]   Imported: org.codehaus.plexus.util.xml.pull.XmlSerializer < plexus.core
[DEBUG]   Imported: org.eclipse.aether.* < plexus.core
[DEBUG]   Imported: org.eclipse.aether.artifact < plexus.core
[DEBUG]   Imported: org.eclipse.aether.collection < plexus.core
[DEBUG]   Imported: org.eclipse.aether.deployment < plexus.core
[DEBUG]   Imported: org.eclipse.aether.graph < plexus.core
[DEBUG]   Imported: org.eclipse.aether.impl < plexus.core
[DEBUG]   Imported: org.eclipse.aether.installation < plexus.core
[DEBUG]   Imported: org.eclipse.aether.internal.impl < plexus.core
[DEBUG]   Imported: org.eclipse.aether.metadata < plexus.core
[DEBUG]   Imported: org.eclipse.aether.repository < plexus.core
[DEBUG]   Imported: org.eclipse.aether.resolution < plexus.core
[DEBUG]   Imported: org.eclipse.aether.spi < plexus.core
[DEBUG]   Imported: org.eclipse.aether.transfer < plexus.core
[DEBUG]   Imported: org.eclipse.aether.version < plexus.core
[DEBUG]   Imported: org.fusesource.jansi.* < plexus.core
[DEBUG]   Imported: org.slf4j.* < plexus.core
[DEBUG]   Imported: org.slf4j.event.* < plexus.core
[DEBUG]   Imported: org.slf4j.helpers.* < plexus.core
[DEBUG]   Imported: org.slf4j.spi.* < plexus.core
[DEBUG] Populating class realm maven.api
[INFO] Error stacktraces are turned on.
[DEBUG] Message scheme: color
[DEBUG] Message styles: debug info warning error success failure strong mojo project
[DEBUG] Reading global settings from /usr/local/Cellar/maven/3.6.1/libexec/conf/settings.xml
[DEBUG] Reading user settings from /Users/jeremy/.m2/settings.xml
[DEBUG] Reading global toolchains from /usr/local/Cellar/maven/3.6.1/libexec/conf/toolchains.xml
[DEBUG] Reading user toolchains from /Users/jeremy/.m2/toolchains.xml
[DEBUG] Using local repository at /Users/jeremy/.m2/repository
[DEBUG] Using manager EnhancedLocalRepositoryManager with priority 10.0 for /Users/jeremy/.m2/repository
[INFO] Scanning for projects...
[DEBUG] Extension realms for project com.mycompany:odc-falsepositives:war:1.0-SNAPSHOT: (none)
[DEBUG] Looking up lifecycle mappings for packaging war from ClassRealm[plexus.core, parent: null]
[DEBUG] === REACTOR BUILD PLAN ================================================
[DEBUG] Project: com.mycompany:odc-falsepositives:war:1.0-SNAPSHOT
[DEBUG] Tasks:   [verify]
[DEBUG] Style:   Regular
[DEBUG] =======================================================================
[INFO] 
[INFO] ------------------< com.mycompany:odc-falsepositives >------------------
[INFO] Building odc-falsepositives 1.0-SNAPSHOT
[INFO] --------------------------------[ war ]---------------------------------
[DEBUG] Lifecycle default -> [validate, initialize, generate-sources, process-sources, generate-resources, process-resources, compile, process-classes, generate-test-sources, process-test-sources, generate-test-resources, process-test-resources, test-compile, process-test-classes, test, prepare-package, package, pre-integration-test, integration-test, post-integration-test, verify, install, deploy]
[DEBUG] Lifecycle clean -> [pre-clean, clean, post-clean]
[DEBUG] Lifecycle site -> [pre-site, site, post-site, site-deploy]
[DEBUG] Skipped remote request for org.owasp:dependency-check-maven:6.0.4-SNAPSHOT/maven-metadata.xml locally installed metadata up-to-date.
[DEBUG] Skipped remote request for org.owasp:dependency-check-maven:6.0.4-SNAPSHOT/maven-metadata.xml locally installed metadata up-to-date.
[DEBUG] Skipped remote request for org.owasp:dependency-check-maven:6.0.4-SNAPSHOT/maven-metadata.xml locally installed metadata up-to-date.
[DEBUG] Skipped remote request for org.owasp:dependency-check-maven:6.0.4-SNAPSHOT/maven-metadata.xml locally installed metadata up-to-date.
[DEBUG] Skipped remote request for org.owasp:dependency-check-parent:6.0.4-SNAPSHOT/maven-metadata.xml locally installed metadata up-to-date.
[DEBUG] Skipped remote request for org.owasp:dependency-check-parent:6.0.4-SNAPSHOT/maven-metadata.xml locally installed metadata up-to-date.
[DEBUG] Lifecycle default -> [validate, initialize, generate-sources, process-sources, generate-resources, process-resources, compile, process-classes, generate-test-sources, process-test-sources, generate-test-resources, process-test-resources, test-compile, process-test-classes, test, prepare-package, package, pre-integration-test, integration-test, post-integration-test, verify, install, deploy]
[DEBUG] Lifecycle clean -> [pre-clean, clean, post-clean]
[DEBUG] Lifecycle site -> [pre-site, site, post-site, site-deploy]
[DEBUG] Lifecycle default -> [validate, initialize, generate-sources, process-sources, generate-resources, process-resources, compile, process-classes, generate-test-sources, process-test-sources, generate-test-resources, process-test-resources, test-compile, process-test-classes, test, prepare-package, package, pre-integration-test, integration-test, post-integration-test, verify, install, deploy]
[DEBUG] Lifecycle clean -> [pre-clean, clean, post-clean]
[DEBUG] Lifecycle site -> [pre-site, site, post-site, site-deploy]
[DEBUG] Lifecycle default -> [validate, initialize, generate-sources, process-sources, generate-resources, process-resources, compile, process-classes, generate-test-sources, process-test-sources, generate-test-resources, process-test-resources, test-compile, process-test-classes, test, prepare-package, package, pre-integration-test, integration-test, post-integration-test, verify, install, deploy]
[DEBUG] Lifecycle clean -> [pre-clean, clean, post-clean]
[DEBUG] Lifecycle site -> [pre-site, site, post-site, site-deploy]
[DEBUG] Lifecycle default -> [validate, initialize, generate-sources, process-sources, generate-resources, process-resources, compile, process-classes, generate-test-sources, process-test-sources, generate-test-resources, process-test-resources, test-compile, process-test-classes, test, prepare-package, package, pre-integration-test, integration-test, post-integration-test, verify, install, deploy]
[DEBUG] Lifecycle clean -> [pre-clean, clean, post-clean]
[DEBUG] Lifecycle site -> [pre-site, site, post-site, site-deploy]
[DEBUG] Lifecycle default -> [validate, initialize, generate-sources, process-sources, generate-resources, process-resources, compile, process-classes, generate-test-sources, process-test-sources, generate-test-resources, process-test-resources, test-compile, process-test-classes, test, prepare-package, package, pre-integration-test, integration-test, post-integration-test, verify, install, deploy]
[DEBUG] Lifecycle clean -> [pre-clean, clean, post-clean]
[DEBUG] Lifecycle site -> [pre-site, site, post-site, site-deploy]
[DEBUG] Lifecycle default -> [validate, initialize, generate-sources, process-sources, generate-resources, process-resources, compile, process-classes, generate-test-sources, process-test-sources, generate-test-resources, process-test-resources, test-compile, process-test-classes, test, prepare-package, package, pre-integration-test, integration-test, post-integration-test, verify, install, deploy]
[DEBUG] Lifecycle clean -> [pre-clean, clean, post-clean]
[DEBUG] Lifecycle site -> [pre-site, site, post-site, site-deploy]
[DEBUG] Lifecycle default -> [validate, initialize, generate-sources, process-sources, generate-resources, process-resources, compile, process-classes, generate-test-sources, process-test-sources, generate-test-resources, process-test-resources, test-compile, process-test-classes, test, prepare-package, package, pre-integration-test, integration-test, post-integration-test, verify, install, deploy]
[DEBUG] Lifecycle clean -> [pre-clean, clean, post-clean]
[DEBUG] Lifecycle site -> [pre-site, site, post-site, site-deploy]
[DEBUG] === PROJECT BUILD PLAN ================================================
[DEBUG] Project:       com.mycompany:odc-falsepositives:1.0-SNAPSHOT
[DEBUG] Dependencies (collect): []
[DEBUG] Dependencies (resolve): [compile, compile+runtime, runtime, test]
[DEBUG] Repositories (dependencies): [maven-central (https://repo1.maven.org/maven2/, default, releases+snapshots), gradle-releases (https://repo.gradle.org/gradle/libs-releases-local/, default, releases+snapshots), itext (https://repo.itextsupport.com/releases, default, releases+snapshots), spring (https://repo.spring.io/release/, default, releases+snapshots), central (https://repo.spring.io/libs-release, default, releases), mavengoogle (https://dl.google.com/android/maven2/, default, releases+snapshots), shibboleth (https://build.shibboleth.net/nexus/content/repositories/releases/, default, releases+snapshots), clojars (https://clojars.org/repo/, default, releases+snapshots), redhat (https://maven.repository.redhat.com/ga/, default, releases+snapshots), google (https://dl.google.com/dl/android/maven2/, default, releases+snapshots), alfresco (https://artifacts.alfresco.com/nexus/content/repositories/public/, default, releases+snapshots), gradle (https://plugins.gradle.org/m2/, default, releases+snapshots)]
[DEBUG] Repositories (plugins)     : [jfrog (https://dependencycheck.jfrog.io/dependencycheck/libs-snapshot, default, releases+snapshots), repository.spring.release (https://repo.spring.io/plugins-release/, default, releases+snapshots), central (https://repo.maven.apache.org/maven2, default, releases)]
[DEBUG] -----------------------------------------------------------------------
[DEBUG] Goal:          org.apache.maven.plugins:maven-resources-plugin:2.6:resources (default-resources)
[DEBUG] Style:         Regular
[DEBUG] Configuration: <?xml version="1.0" encoding="UTF-8"?>
<configuration>
  <buildFilters default-value="${project.build.filters}"/>
  <encoding default-value="${project.build.sourceEncoding}">${encoding}</encoding>
  <escapeString>${maven.resources.escapeString}</escapeString>
  <escapeWindowsPaths default-value="true">${maven.resources.escapeWindowsPaths}</escapeWindowsPaths>
  <includeEmptyDirs default-value="false">${maven.resources.includeEmptyDirs}</includeEmptyDirs>
  <outputDirectory default-value="${project.build.outputDirectory}"/>
  <overwrite default-value="false">${maven.resources.overwrite}</overwrite>
  <project default-value="${project}"/>
  <resources default-value="${project.resources}"/>
  <session default-value="${session}"/>
  <supportMultiLineFiltering default-value="false">${maven.resources.supportMultiLineFiltering}</supportMultiLineFiltering>
  <useBuildFilters default-value="true"/>
  <useDefaultDelimiters default-value="true"/>
</configuration>
[DEBUG] -----------------------------------------------------------------------
[DEBUG] Goal:          org.apache.maven.plugins:maven-compiler-plugin:3.1:compile (default-compile)
[DEBUG] Style:         Regular
[DEBUG] Configuration: <?xml version="1.0" encoding="UTF-8"?>
<configuration>
  <basedir default-value="${basedir}"/>
  <buildDirectory default-value="${project.build.directory}"/>
  <classpathElements default-value="${project.compileClasspathElements}"/>
  <compileSourceRoots default-value="${project.compileSourceRoots}"/>
  <compilerId default-value="javac">${maven.compiler.compilerId}</compilerId>
  <compilerReuseStrategy default-value="${reuseCreated}">${maven.compiler.compilerReuseStrategy}</compilerReuseStrategy>
  <compilerVersion>${maven.compiler.compilerVersion}</compilerVersion>
  <debug default-value="true">${maven.compiler.debug}</debug>
  <debuglevel>${maven.compiler.debuglevel}</debuglevel>
  <encoding default-value="${project.build.sourceEncoding}">${encoding}</encoding>
  <executable>${maven.compiler.executable}</executable>
  <failOnError default-value="true">${maven.compiler.failOnError}</failOnError>
  <forceJavacCompilerUse default-value="false">${maven.compiler.forceJavacCompilerUse}</forceJavacCompilerUse>
  <fork default-value="false">${maven.compiler.fork}</fork>
  <generatedSourcesDirectory default-value="${project.build.directory}/generated-sources/annotations"/>
  <maxmem>${maven.compiler.maxmem}</maxmem>
  <meminitial>${maven.compiler.meminitial}</meminitial>
  <mojoExecution>${mojoExecution}</mojoExecution>
  <optimize default-value="false">${maven.compiler.optimize}</optimize>
  <outputDirectory default-value="${project.build.outputDirectory}"/>
  <projectArtifact default-value="${project.artifact}"/>
  <showDeprecation default-value="false">${maven.compiler.showDeprecation}</showDeprecation>
  <showWarnings default-value="false">${maven.compiler.showWarnings}</showWarnings>
  <skipMain>${maven.main.skip}</skipMain>
  <skipMultiThreadWarning default-value="false">${maven.compiler.skipMultiThreadWarning}</skipMultiThreadWarning>
  <source default-value="1.5">${maven.compiler.source}</source>
  <staleMillis default-value="0">${lastModGranularityMs}</staleMillis>
  <target default-value="1.5">${maven.compiler.target}</target>
  <useIncrementalCompilation default-value="true">${maven.compiler.useIncrementalCompilation}</useIncrementalCompilation>
  <verbose default-value="false">${maven.compiler.verbose}</verbose>
  <mavenSession default-value="${session}"/>
  <session default-value="${session}"/>
</configuration>
[DEBUG] -----------------------------------------------------------------------
[DEBUG] Goal:          org.apache.maven.plugins:maven-resources-plugin:2.6:testResources (default-testResources)
[DEBUG] Style:         Regular
[DEBUG] Configuration: <?xml version="1.0" encoding="UTF-8"?>
<configuration>
  <buildFilters default-value="${project.build.filters}"/>
  <encoding default-value="${project.build.sourceEncoding}">${encoding}</encoding>
  <escapeString>${maven.resources.escapeString}</escapeString>
  <escapeWindowsPaths default-value="true">${maven.resources.escapeWindowsPaths}</escapeWindowsPaths>
  <includeEmptyDirs default-value="false">${maven.resources.includeEmptyDirs}</includeEmptyDirs>
  <outputDirectory default-value="${project.build.testOutputDirectory}"/>
  <overwrite default-value="false">${maven.resources.overwrite}</overwrite>
  <project default-value="${project}"/>
  <resources default-value="${project.testResources}"/>
  <session default-value="${session}"/>
  <skip>${maven.test.skip}</skip>
  <supportMultiLineFiltering default-value="false">${maven.resources.supportMultiLineFiltering}</supportMultiLineFiltering>
  <useBuildFilters default-value="true"/>
  <useDefaultDelimiters default-value="true"/>
</configuration>
[DEBUG] -----------------------------------------------------------------------
[DEBUG] Goal:          org.apache.maven.plugins:maven-compiler-plugin:3.1:testCompile (default-testCompile)
[DEBUG] Style:         Regular
[DEBUG] Configuration: <?xml version="1.0" encoding="UTF-8"?>
<configuration>
  <basedir default-value="${basedir}"/>
  <buildDirectory default-value="${project.build.directory}"/>
  <classpathElements default-value="${project.testClasspathElements}"/>
  <compileSourceRoots default-value="${project.testCompileSourceRoots}"/>
  <compilerId default-value="javac">${maven.compiler.compilerId}</compilerId>
  <compilerReuseStrategy default-value="${reuseCreated}">${maven.compiler.compilerReuseStrategy}</compilerReuseStrategy>
  <compilerVersion>${maven.compiler.compilerVersion}</compilerVersion>
  <debug default-value="true">${maven.compiler.debug}</debug>
  <debuglevel>${maven.compiler.debuglevel}</debuglevel>
  <encoding default-value="${project.build.sourceEncoding}">${encoding}</encoding>
  <executable>${maven.compiler.executable}</executable>
  <failOnError default-value="true">${maven.compiler.failOnError}</failOnError>
  <forceJavacCompilerUse default-value="false">${maven.compiler.forceJavacCompilerUse}</forceJavacCompilerUse>
  <fork default-value="false">${maven.compiler.fork}</fork>
  <generatedTestSourcesDirectory default-value="${project.build.directory}/generated-test-sources/test-annotations"/>
  <maxmem>${maven.compiler.maxmem}</maxmem>
  <meminitial>${maven.compiler.meminitial}</meminitial>
  <mojoExecution>${mojoExecution}</mojoExecution>
  <optimize default-value="false">${maven.compiler.optimize}</optimize>
  <outputDirectory default-value="${project.build.testOutputDirectory}"/>
  <showDeprecation default-value="false">${maven.compiler.showDeprecation}</showDeprecation>
  <showWarnings default-value="false">${maven.compiler.showWarnings}</showWarnings>
  <skip>${maven.test.skip}</skip>
  <skipMultiThreadWarning default-value="false">${maven.compiler.skipMultiThreadWarning}</skipMultiThreadWarning>
  <source default-value="1.5">${maven.compiler.source}</source>
  <staleMillis default-value="0">${lastModGranularityMs}</staleMillis>
  <target default-value="1.5">${maven.compiler.target}</target>
  <testSource>${maven.compiler.testSource}</testSource>
  <testTarget>${maven.compiler.testTarget}</testTarget>
  <useIncrementalCompilation default-value="true">${maven.compiler.useIncrementalCompilation}</useIncrementalCompilation>
  <verbose default-value="false">${maven.compiler.verbose}</verbose>
  <mavenSession default-value="${session}"/>
  <session default-value="${session}"/>
</configuration>
[DEBUG] -----------------------------------------------------------------------
[DEBUG] Goal:          org.apache.maven.plugins:maven-surefire-plugin:2.12.4:test (default-test)
[DEBUG] Style:         Regular
[DEBUG] Configuration: <?xml version="1.0" encoding="UTF-8"?>
<configuration>
  <argLine>${argLine}</argLine>
  <basedir default-value="${basedir}"/>
  <childDelegation default-value="false">${childDelegation}</childDelegation>
  <classesDirectory default-value="${project.build.outputDirectory}"/>
  <debugForkedProcess>${maven.surefire.debug}</debugForkedProcess>
  <disableXmlReport default-value="false">${disableXmlReport}</disableXmlReport>
  <enableAssertions default-value="true">${enableAssertions}</enableAssertions>
  <excludedGroups>${excludedGroups}</excludedGroups>
  <failIfNoSpecifiedTests>${surefire.failIfNoSpecifiedTests}</failIfNoSpecifiedTests>
  <failIfNoTests>${failIfNoTests}</failIfNoTests>
  <forkMode default-value="once">${forkMode}</forkMode>
  <forkedProcessTimeoutInSeconds>${surefire.timeout}</forkedProcessTimeoutInSeconds>
  <groups>${groups}</groups>
  <junitArtifactName default-value="junit:junit">${junitArtifactName}</junitArtifactName>
  <jvm>${jvm}</jvm>
  <localRepository default-value="${localRepository}"/>
  <objectFactory>${objectFactory}</objectFactory>
  <parallel>${parallel}</parallel>
  <parallelMavenExecution default-value="${session.parallel}"/>
  <perCoreThreadCount default-value="true">${perCoreThreadCount}</perCoreThreadCount>
  <pluginArtifactMap>${plugin.artifactMap}</pluginArtifactMap>
  <pluginDescriptor default-value="${plugin}"/>
  <printSummary default-value="true">${surefire.printSummary}</printSummary>
  <projectArtifactMap>${project.artifactMap}</projectArtifactMap>
  <redirectTestOutputToFile default-value="false">${maven.test.redirectTestOutputToFile}</redirectTestOutputToFile>
  <remoteRepositories default-value="${project.pluginArtifactRepositories}"/>
  <reportFormat default-value="brief">${surefire.reportFormat}</reportFormat>
  <reportNameSuffix default-value="">${surefire.reportNameSuffix}</reportNameSuffix>
  <reportsDirectory default-value="${project.build.directory}/surefire-reports"/>
  <runOrder default-value="filesystem"/>
  <skip default-value="false">${maven.test.skip}</skip>
  <skipExec>${maven.test.skip.exec}</skipExec>
  <skipTests default-value="false">${skipTests}</skipTests>
  <test>${test}</test>
  <testClassesDirectory default-value="${project.build.testOutputDirectory}"/>
  <testFailureIgnore default-value="false">${maven.test.failure.ignore}</testFailureIgnore>
  <testNGArtifactName default-value="org.testng:testng">${testNGArtifactName}</testNGArtifactName>
  <testSourceDirectory default-value="${project.build.testSourceDirectory}"/>
  <threadCount>${threadCount}</threadCount>
  <trimStackTrace default-value="true">${trimStackTrace}</trimStackTrace>
  <useFile default-value="true">${surefire.useFile}</useFile>
  <useManifestOnlyJar default-value="true">${surefire.useManifestOnlyJar}</useManifestOnlyJar>
  <useSystemClassLoader default-value="true">${surefire.useSystemClassLoader}</useSystemClassLoader>
  <useUnlimitedThreads default-value="false">${useUnlimitedThreads}</useUnlimitedThreads>
  <workingDirectory>${basedir}</workingDirectory>
  <project default-value="${project}"/>
  <session default-value="${session}"/>
</configuration>
[DEBUG] -----------------------------------------------------------------------
[DEBUG] Goal:          org.apache.maven.plugins:maven-war-plugin:2.2:war (default-war)
[DEBUG] Style:         Regular
[DEBUG] Configuration: <?xml version="1.0" encoding="UTF-8"?>
<configuration>
  <archiveClasses default-value="false">${archiveClasses}</archiveClasses>
  <attachClasses default-value="false"/>
  <cacheFile default-value="${project.build.directory}/war/work/webapp-cache.xml"/>
  <classesClassifier default-value="classes"/>
  <classesDirectory default-value="${project.build.outputDirectory}"/>
  <containerConfigXML>${maven.war.containerConfigXML}</containerConfigXML>
  <escapeString>${maven.war.escapeString}</escapeString>
  <escapedBackslashesInFilePath default-value="false">${maven.war.escapedBackslashesInFilePath}</escapedBackslashesInFilePath>
  <failOnMissingWebXml default-value="true">${failOnMissingWebXml}</failOnMissingWebXml>
  <filteringDeploymentDescriptors default-value="false">${maven.war.filteringDeploymentDescriptors}</filteringDeploymentDescriptors>
  <outputDirectory default-value="${project.build.directory}"/>
  <primaryArtifact default-value="true">${primaryArtifact}</primaryArtifact>
  <project default-value="${project}"/>
  <session default-value="${session}"/>
  <useCache default-value="false">${useCache}</useCache>
  <warName default-value="${project.build.finalName}"/>
  <warSourceDirectory default-value="${basedir}/src/main/webapp"/>
  <warSourceIncludes default-value="**"/>
  <webXml>${maven.war.webxml}</webXml>
  <webappDirectory default-value="${project.build.directory}/${project.build.finalName}"/>
  <workDirectory default-value="${project.build.directory}/war/work"/>
</configuration>
[DEBUG] -----------------------------------------------------------------------
[DEBUG] Goal:          org.owasp:dependency-check-maven:6.0.4-SNAPSHOT:aggregate (default)
[DEBUG] Style:         Aggregating
[DEBUG] Configuration: <?xml version="1.0" encoding="UTF-8"?>
<configuration>
  <archiveAnalyzerEnabled>${archiveAnalyzerEnabled}</archiveAnalyzerEnabled>
  <artifactoryAnalyzerApiToken>${artifactoryAnalyzerApiToken}</artifactoryAnalyzerApiToken>
  <artifactoryAnalyzerBearerToken>${artifactoryAnalyzerBearerToken}</artifactoryAnalyzerBearerToken>
  <artifactoryAnalyzerEnabled>${artifactoryAnalyzerEnabled}</artifactoryAnalyzerEnabled>
  <artifactoryAnalyzerParallelAnalysis default-value="true">${artifactoryAnalyzerParallelAnalysis}</artifactoryAnalyzerParallelAnalysis>
  <artifactoryAnalyzerServerId>${artifactoryAnalyzerServerId}</artifactoryAnalyzerServerId>
  <artifactoryAnalyzerUrl>${artifactoryAnalyzerUrl}</artifactoryAnalyzerUrl>
  <artifactoryAnalyzerUseProxy>${artifactoryAnalyzerUseProxy}</artifactoryAnalyzerUseProxy>
  <artifactoryAnalyzerUsername>${artifactoryAnalyzerUsername}</artifactoryAnalyzerUsername>
  <assemblyAnalyzerEnabled>${assemblyAnalyzerEnabled}</assemblyAnalyzerEnabled>
  <autoUpdate>${autoUpdate}</autoUpdate>
  <autoconfAnalyzerEnabled>${autoconfAnalyzerEnabled}</autoconfAnalyzerEnabled>
  <bundleAuditAnalyzerEnabled>${bundleAuditAnalyzerEnabled}</bundleAuditAnalyzerEnabled>
  <bundleAuditPath>${bundleAuditPath}</bundleAuditPath>
  <bundleAuditWorkingDirectory>${bundleAuditWorkingDirectory}</bundleAuditWorkingDirectory>
  <centralAnalyzerEnabled>${centralAnalyzerEnabled}</centralAnalyzerEnabled>
  <centralAnalyzerUseCache>${centralAnalyzerUseCache}</centralAnalyzerUseCache>
  <cmakeAnalyzerEnabled>${cmakeAnalyzerEnabled}</cmakeAnalyzerEnabled>
  <cocoapodsAnalyzerEnabled>${cocoapodsAnalyzerEnabled}</cocoapodsAnalyzerEnabled>
  <composerAnalyzerEnabled>${composerAnalyzerEnabled}</composerAnalyzerEnabled>
  <connectionString>${connectionString}</connectionString>
  <connectionTimeout>${connectionTimeout}</connectionTimeout>
  <cvePassword>${cvePassword}</cvePassword>
  <cveServerId>${cveServerId}</cveServerId>
  <cveUrlBase>${cveUrlBase}</cveUrlBase>
  <cveUrlModified>${cveUrlModified}</cveUrlModified>
  <cveUser>${cveUser}</cveUser>
  <cveValidForHours>${cveValidForHours}</cveValidForHours>
  <dataDirectory>${dataDirectory}</dataDirectory>
  <databaseDriverName>${databaseDriverName}</databaseDriverName>
  <databaseDriverPath>${databaseDriverPath}</databaseDriverPath>
  <databasePassword>${databasePassword}</databasePassword>
  <databaseUser>${databaseUser}</databaseUser>
  <dbFilename>${dbFilename}</dbFilename>
  <enableExperimental>true</enableExperimental>
  <enableRetired>${enableRetired}</enableRetired>
  <failBuildOnAnyVulnerability default-value="false">${failBuildOnAnyVulnerability}</failBuildOnAnyVulnerability>
  <failBuildOnCVSS default-value="11">0</failBuildOnCVSS>
  <failOnError default-value="true">${failOnError}</failOnError>
  <format default-value="HTML">${format}</format>
  <formats>
    <formats>all</formats>${formats}</formats>
  <golangDepEnabled>${golangDepEnabled}</golangDepEnabled>
  <golangModEnabled>${golangModEnabled}</golangModEnabled>
  <hintsFile>/Users/jeremy/Projects/odc-falsepositives/src/main/resources/hints.xml</hintsFile>
  <jarAnalyzerEnabled>${jarAnalyzerEnabled}</jarAnalyzerEnabled>
  <junitFailOnCVSS default-value="0">6.0</junitFailOnCVSS>
  <mavenSettings default-value="${settings}">${mavenSettings}</mavenSettings>
  <mavenSettingsProxyId>${mavenSettingsProxyId}</mavenSettingsProxyId>
  <mixAuditAnalyzerEnabled>${mixAuditAnalyzerEnabled}</mixAuditAnalyzerEnabled>
  <mixAuditPath>${mixAuditPath}</mixAuditPath>
  <name default-value="dependency-check:aggregate">${name}</name>
  <nexusAnalyzerEnabled>${nexusAnalyzerEnabled}</nexusAnalyzerEnabled>
  <nexusServerId>${nexusServerId}</nexusServerId>
  <nexusUrl>${nexusUrl}</nexusUrl>
  <nexusUsesProxy>${nexusUsesProxy}</nexusUsesProxy>
  <nodeAnalyzerEnabled>${nodeAnalyzerEnabled}</nodeAnalyzerEnabled>
  <nodeAuditAnalyzerEnabled>${nodeAuditAnalyzerEnabled}</nodeAuditAnalyzerEnabled>
  <nodeAuditAnalyzerUseCache>${nodeAuditAnalyzerUseCache}</nodeAuditAnalyzerUseCache>
  <nodeAuditSkipDevDependencies>${nodeAuditSkipDevDependencies}</nodeAuditSkipDevDependencies>
  <nugetconfAnalyzerEnabled>${nugetconfAnalyzerEnabled}</nugetconfAnalyzerEnabled>
  <nuspecAnalyzerEnabled>${nuspecAnalyzerEnabled}</nuspecAnalyzerEnabled>
  <opensslAnalyzerEnabled>${opensslAnalyzerEnabled}</opensslAnalyzerEnabled>
  <ossIndexServerId>${ossIndexServerId}</ossIndexServerId>
  <ossindexAnalyzerEnabled>${ossindexAnalyzerEnabled}</ossindexAnalyzerEnabled>
  <ossindexAnalyzerUrl>${ossindexAnalyzerUrl}</ossindexAnalyzerUrl>
  <ossindexAnalyzerUseCache>${ossindexAnalyzerUseCache}</ossindexAnalyzerUseCache>
  <outputDirectory default-value="${project.build.directory}"/>
  <pathToCore>${pathToCore}</pathToCore>
  <pathToGo>${pathToGo}</pathToGo>
  <pipAnalyzerEnabled>${pipAnalyzerEnabled}</pipAnalyzerEnabled>
  <pipfileAnalyzerEnabled>${pipfileAnalyzerEnabled}</pipfileAnalyzerEnabled>
  <prettyPrint>true</prettyPrint>
  <project>${project}</project>
  <pyDistributionAnalyzerEnabled>${pyDistributionAnalyzerEnabled}</pyDistributionAnalyzerEnabled>
  <pyPackageAnalyzerEnabled>${pyPackageAnalyzerEnabled}</pyPackageAnalyzerEnabled>
  <reactorProjects>${reactorProjects}</reactorProjects>
  <reportOutputDirectory>${project.reporting.outputDirectory}</reportOutputDirectory>
  <retireJsAnalyzerEnabled>${retireJsAnalyzerEnabled}</retireJsAnalyzerEnabled>
  <retireJsForceUpdate>${retireJsForceUpdate}</retireJsForceUpdate>
  <retireJsUrl>${retireJsUrl}</retireJsUrl>
  <retirejs>
    <filters>
      <filter>Test2\s*JavaScript</filter>
      <filter>two</filter>
    </filters>
    <filterNonVulnerable>false</filterNonVulnerable>${retirejs}</retirejs>
  <rubygemsAnalyzerEnabled>${rubygemsAnalyzerEnabled}</rubygemsAnalyzerEnabled>
  <scanDirectory>${scanDirectory}</scanDirectory>
  <scanSet>
    <fileSet>
      <directory>src/test</directory>
    </fileSet>
    <fileSet>
      <directory>src/main</directory>
    </fileSet>
  </scanSet>
  <serverId>${serverId}</serverId>
  <session default-value="${session}"/>
  <settingsXml default-value="${settings}"/>
  <showSummary default-value="true">${showSummary}</showSummary>
  <skip default-value="false">${dependency-check.skip}</skip>
  <skipArtifactType>${skipArtifactType}</skipArtifactType>
  <skipDependencyManagement default-value="true">${skipDependencyManagement}</skipDependencyManagement>
  <skipProvidedScope default-value="false">${skipProvidedScope}</skipProvidedScope>
  <skipRuntimeScope default-value="false">${skipRuntimeScope}</skipRuntimeScope>
  <skipSystemScope default-value="false">${skipSystemScope}</skipSystemScope>
  <skipTestScope default-value="true">${skipTestScope}</skipTestScope>
  <suppressionFile>${suppressionFile}</suppressionFile>
  <suppressionFiles>
    <suppresionFile>/Users/jeremy/Projects/odc-falsepositives/src/main/conf/suppression.xml</suppresionFile>${suppressionFiles}</suppressionFiles>
  <swiftPackageManagerAnalyzerEnabled>${swiftPackageManagerAnalyzerEnabled}</swiftPackageManagerAnalyzerEnabled>
  <versionCheckEnabled default-value="true">${versionCheckEnabled}</versionCheckEnabled>
  <virtualSnapshotsFromReactor default-value="true">${dependency-check.virtualSnapshotsFromReactor}</virtualSnapshotsFromReactor>
  <zipExtensions>${zipExtensions}</zipExtensions>
</configuration>
[DEBUG] =======================================================================
[DEBUG] Dependency collection stats: {ConflictMarker.analyzeTime=644848, ConflictMarker.markTime=412138, ConflictMarker.nodeCount=4, ConflictIdSorter.graphTime=384556, ConflictIdSorter.topsortTime=331289, ConflictIdSorter.conflictIdCount=3, ConflictIdSorter.conflictIdCycleCount=0, ConflictResolver.totalTime=2900271, ConflictResolver.conflictItemCount=3, DefaultDependencyCollector.collectTime=15495610, DefaultDependencyCollector.transformTime=7011451}
[DEBUG] com.mycompany:odc-falsepositives:war:1.0-SNAPSHOT
[DEBUG]    junit:junit:jar:4.13.1:compile
[DEBUG]       org.hamcrest:hamcrest-core:jar:1.3:compile
[DEBUG]    javax.servlet:servlet-api:jar:2.5:provided
[INFO] 
[INFO] --- maven-resources-plugin:2.6:resources (default-resources) @ odc-falsepositives ---
[DEBUG] Dependency collection stats: {ConflictMarker.analyzeTime=337240, ConflictMarker.markTime=169860, ConflictMarker.nodeCount=77, ConflictIdSorter.graphTime=387556, ConflictIdSorter.topsortTime=28973, ConflictIdSorter.conflictIdCount=26, ConflictIdSorter.conflictIdCycleCount=0, ConflictResolver.totalTime=2533853, ConflictResolver.conflictItemCount=74, DefaultDependencyCollector.collectTime=132056474, DefaultDependencyCollector.transformTime=3541775}
[DEBUG] org.apache.maven.plugins:maven-resources-plugin:jar:2.6:
[DEBUG]    org.apache.maven:maven-plugin-api:jar:2.0.6:compile
[DEBUG]    org.apache.maven:maven-project:jar:2.0.6:compile
[DEBUG]       org.apache.maven:maven-profile:jar:2.0.6:compile
[DEBUG]       org.apache.maven:maven-artifact-manager:jar:2.0.6:compile
[DEBUG]       org.apache.maven:maven-plugin-registry:jar:2.0.6:compile
[DEBUG]    org.apache.maven:maven-core:jar:2.0.6:compile
[DEBUG]       org.apache.maven:maven-plugin-parameter-documenter:jar:2.0.6:compile
[DEBUG]       org.apache.maven.reporting:maven-reporting-api:jar:2.0.6:compile
[DEBUG]          org.apache.maven.doxia:doxia-sink-api:jar:1.0-alpha-7:compile
[DEBUG]       org.apache.maven:maven-repository-metadata:jar:2.0.6:compile
[DEBUG]       org.apache.maven:maven-error-diagnostics:jar:2.0.6:compile
[DEBUG]       commons-cli:commons-cli:jar:1.0:compile
[DEBUG]       org.apache.maven:maven-plugin-descriptor:jar:2.0.6:compile
[DEBUG]       org.codehaus.plexus:plexus-interactivity-api:jar:1.0-alpha-4:compile
[DEBUG]       classworlds:classworlds:jar:1.1:compile
[DEBUG]    org.apache.maven:maven-artifact:jar:2.0.6:compile
[DEBUG]    org.apache.maven:maven-settings:jar:2.0.6:compile
[DEBUG]    org.apache.maven:maven-model:jar:2.0.6:compile
[DEBUG]    org.apache.maven:maven-monitor:jar:2.0.6:compile
[DEBUG]    org.codehaus.plexus:plexus-container-default:jar:1.0-alpha-9-stable-1:compile
[DEBUG]       junit:junit:jar:3.8.1:compile
[DEBUG]    org.codehaus.plexus:plexus-utils:jar:2.0.5:compile
[DEBUG]    org.apache.maven.shared:maven-filtering:jar:1.1:compile
[DEBUG]       org.sonatype.plexus:plexus-build-api:jar:0.0.4:compile
[DEBUG]    org.codehaus.plexus:plexus-interpolation:jar:1.13:compile
[DEBUG] Created new class realm plugin>org.apache.maven.plugins:maven-resources-plugin:2.6
[DEBUG] Importing foreign packages into class realm plugin>org.apache.maven.plugins:maven-resources-plugin:2.6
[DEBUG]   Imported:  < maven.api
[DEBUG] Populating class realm plugin>org.apache.maven.plugins:maven-resources-plugin:2.6
[DEBUG]   Included: org.apache.maven.plugins:maven-resources-plugin:jar:2.6
[DEBUG]   Included: org.apache.maven.reporting:maven-reporting-api:jar:2.0.6
[DEBUG]   Included: org.apache.maven.doxia:doxia-sink-api:jar:1.0-alpha-7
[DEBUG]   Included: commons-cli:commons-cli:jar:1.0
[DEBUG]   Included: org.codehaus.plexus:plexus-interactivity-api:jar:1.0-alpha-4
[DEBUG]   Included: junit:junit:jar:3.8.1
[DEBUG]   Included: org.codehaus.plexus:plexus-utils:jar:2.0.5
[DEBUG]   Included: org.apache.maven.shared:maven-filtering:jar:1.1
[DEBUG]   Included: org.sonatype.plexus:plexus-build-api:jar:0.0.4
[DEBUG]   Included: org.codehaus.plexus:plexus-interpolation:jar:1.13
[DEBUG] Configuring mojo org.apache.maven.plugins:maven-resources-plugin:2.6:resources from plugin realm ClassRealm[plugin>org.apache.maven.plugins:maven-resources-plugin:2.6, parent: sun.misc.Launcher$AppClassLoader@70dea4e]
[DEBUG] Configuring mojo 'org.apache.maven.plugins:maven-resources-plugin:2.6:resources' with basic configurator -->
[DEBUG]   (f) buildFilters = []
[DEBUG]   (f) encoding = UTF-8
[DEBUG]   (f) escapeWindowsPaths = true
[DEBUG]   (s) includeEmptyDirs = false
[DEBUG]   (s) outputDirectory = /Users/jeremy/Projects/odc-falsepositives/target/classes
[DEBUG]   (s) overwrite = false
[DEBUG]   (f) project = MavenProject: com.mycompany:odc-falsepositives:1.0-SNAPSHOT @ /Users/jeremy/Projects/odc-falsepositives/pom.xml
[DEBUG]   (s) resources = [Resource {targetPath: null, filtering: false, FileSet {directory: /Users/jeremy/Projects/odc-falsepositives/src/main/resources, PatternSet [includes: {}, excludes: {}]}}]
[DEBUG]   (f) session = org.apache.maven.execution.MavenSession@32057e6
[DEBUG]   (f) supportMultiLineFiltering = false
[DEBUG]   (f) useBuildFilters = true
[DEBUG]   (s) useDefaultDelimiters = true
[DEBUG] -- end configuration --
[DEBUG] properties used {java.vendor=AdoptOpenJDK, odc.cve.url.modified=https://nvd.nist.gov/feeds/json/cve/1.1/nvdcve-1.1-modified.json.gz, sun.java.launcher=SUN_STANDARD, env.XPC_SERVICE_NAME=0, sun.management.compiler=HotSpot 64-Bit Tiered Compilers, env.JENV_VERSION=1.8.0.212, env.SECURITYSESSIONID=186aa, env.JENV_INSTALL_DIR=/usr/local/Cellar/jenv/0.5.2/libexec, env.GPG_TTY=/dev/ttys000, odc.cve.url.base=https://nvd.nist.gov/feeds/json/cve/1.1/nvdcve-1.1-%d.json.gz, os.name=Mac OS X, sun.boot.class.path=/Library/Java/JavaVirtualMachines/adoptopenjdk-8.jdk/Contents/Home/jre/lib/resources.jar:/Library/Java/JavaVirtualMachines/adoptopenjdk-8.jdk/Contents/Home/jre/lib/rt.jar:/Library/Java/JavaVirtualMachines/adoptopenjdk-8.jdk/Contents/Home/jre/lib/sunrsasign.jar:/Library/Java/JavaVirtualMachines/adoptopenjdk-8.jdk/Contents/Home/jre/lib/jsse.jar:/Library/Java/JavaVirtualMachines/adoptopenjdk-8.jdk/Contents/Home/jre/lib/jce.jar:/Library/Java/JavaVirtualMachines/adoptopenjdk-8.jdk/Contents/Home/jre/lib/charsets.jar:/Library/Java/JavaVirtualMachines/adoptopenjdk-8.jdk/Contents/Home/jre/lib/jfr.jar:/Library/Java/JavaVirtualMachines/adoptopenjdk-8.jdk/Contents/Home/jre/classes, env.TMPDIR=/var/folders/6h/sbwvnfnn7y1bnmplkf_7dkwh0000gn/T/, env.JAVA_MAIN_CLASS_49220=org.codehaus.plexus.classworlds.launcher.Launcher, env.PWD=/Users/jeremy/Projects/odc-falsepositives, env.LANG=en_US.UTF-8, java.vm.specification.vendor=Oracle Corporation, java.runtime.version=1.8.0_212-b03, project.build.sourceEncoding=UTF-8, user.name=jeremy, maven.build.version=Apache Maven 3.6.1 (d66c9c0b3152b2e69ee9bac180bb8fcc8e6af555; 2019-04-04T15:00:29-04:00), env.USER=jeremy, env.SHELL=/bin/bash, env.__CF_USER_TEXT_ENCODING=0x1F5:0x0:0x0, env.JENV_OPTIONS=, env.PATH=/usr/local/bin:/usr/local/Cellar/jenv/0.5.2/libexec/libexec:/Users/jeremy/.jenv/shims:/Users/jeremy/.jenv/bin:/usr/local/bin:/usr/bin:/bin:/usr/sbin:/sbin:/Applications/VMware Fusion.app/Contents/Public:/usr/local/share/dotnet:~/.dotnet/tools:/Applications/Wireshark.app/Contents/MacOS, user.language=en, sun.boot.library.path=/Library/Java/JavaVirtualMachines/adoptopenjdk-8.jdk/Contents/Home/jre/lib, classworlds.conf=/usr/local/Cellar/maven/3.6.1/libexec/bin/m2.conf, env.JENV_FORCEJAVAHOME=true, env.XPC_FLAGS=0x0, java.version=1.8.0_212, user.timezone=, sun.arch.data.model=64, http.nonProxyHosts=local|*.local|169.254/16|*.169.254/16, java.endorsed.dirs=/Library/Java/JavaVirtualMachines/adoptopenjdk-8.jdk/Contents/Home/jre/lib/endorsed, env.JDK_HOME=/Users/jeremy/.jenv/versions/1.8.0.212, sun.cpu.isalist=, sun.jnu.encoding=UTF-8, file.encoding.pkg=sun.io, env.SHLVL=1, file.separator=/, java.specification.name=Java Platform API Specification, maven.conf=/usr/local/Cellar/maven/3.6.1/libexec/conf, env.__GIT_PROMPT_SHOW_CHANGED_FILES_COUNT=1, java.class.version=52.0, user.country=US, java.home=/Library/Java/JavaVirtualMachines/adoptopenjdk-8.jdk/Contents/Home/jre, env.ANDROID_HOME=/usr/local/share/android-sdk, java.vm.info=mixed mode, env.JENV_LOADED=1, env.LOGNAME=jeremy, os.version=10.15.7, env.JENV_FORCEJDKHOME=true, maven.compiler.target=1.8, env.TERM_PROGRAM_VERSION=433, path.separator=:, java.vm.version=25.212-b03, env.JAVA_HOME=/Users/jeremy/.jenv/versions/1.8.0.212, env.__GIT_PROMPT_IGNORE_STASH=, java.awt.printerjob=sun.lwawt.macosx.CPrinterJob, env.TERM=xterm-256color, sun.io.unicode.encoding=UnicodeBig, awt.toolkit=sun.lwawt.macosx.LWCToolkit, socksNonProxyHosts=local|*.local|169.254/16|*.169.254/16, ftp.nonProxyHosts=local|*.local|169.254/16|*.169.254/16, env.__GIT_PROMPT_SHOW_UPSTREAM=, user.home=/Users/jeremy, env.OLDPWD=/Users/jeremy/Projects/odc-falsepositives, java.specification.vendor=Oracle Corporation, env.TERM_PROGRAM=Apple_Terminal, library.jansi.path=/usr/local/Cellar/maven/3.6.1/libexec/lib/jansi-native, java.library.path=/Users/jeremy/Library/Java/Extensions:/Library/Java/Extensions:/Network/Library/Java/Extensions:/System/Library/Java/Extensions:/usr/lib/java:., java.vendor.url=http://java.oracle.com/, env.MAVEN_CMD_LINE_ARGS= verify -X, java.vm.vendor=AdoptOpenJDK, gopherProxySet=false, env.LaunchInstanceID=AE1323BB-0598-4C0B-B58A-5E59FFF6D44D, maven.home=/usr/local/Cellar/maven/3.6.1/libexec, env.JENV_SHELL=bash, java.runtime.name=OpenJDK Runtime Environment, sun.java.command=org.codehaus.plexus.classworlds.launcher.Launcher verify -X, java.class.path=/usr/local/Cellar/maven/3.6.1/libexec/boot/plexus-classworlds-2.6.0.jar, analyzer.golang.path=/usr/local/bin/go, env.TERM_SESSION_ID=7D3DC773-EFC2-4BEF-92A7-69C87324B97F, maven.version=3.6.1, java.vm.specification.name=Java Virtual Machine Specification, env.__GIT_PROMPT_SHOW_UNTRACKED_FILES=all, java.vm.specification.version=1.8, env.JENV_HOOK_PATH=:/Users/jeremy/.jenv/plugins/export/etc/jenv.d:/Users/jeremy/.jenv/plugins/maven/etc/jenv.d, sun.cpu.endian=little, sun.os.patch.level=unknown, env.HOME=/Users/jeremy, plugins.odc.version=6.0.4-SNAPSHOT, java.io.tmpdir=/var/folders/6h/sbwvnfnn7y1bnmplkf_7dkwh0000gn/T/, java.vendor.url.bug=http://bugreport.sun.com/bugreport/, maven.multiModuleProjectDirectory=/Users/jeremy/Projects/odc-falsepositives, env.SSH_AUTH_SOCK=/private/tmp/com.apple.launchd.80senDOK8e/Listeners, odc.dotnet.path=/usr/local/share/dotnet/dotnet, maven.compiler.source=1.8, env.JENV_DIR=/Users/jeremy/Projects/odc-falsepositives, os.arch=x86_64, java.awt.graphicsenv=sun.awt.CGraphicsEnvironment, java.ext.dirs=/Users/jeremy/Library/Java/Extensions:/Library/Java/JavaVirtualMachines/adoptopenjdk-8.jdk/Contents/Home/jre/lib/ext:/Library/Java/Extensions:/Network/Library/Java/Extensions:/System/Library/Java/Extensions:/usr/lib/java, user.dir=/Users/jeremy/Projects/odc-falsepositives, env.JENV_ROOT=/Users/jeremy/.jenv, env.GIT_BRANCH=newPR, line.separator=
, java.vm.name=OpenJDK 64-Bit Server VM, file.encoding=UTF-8, java.specification.version=1.8, env.MAVEN_PROJECTBASEDIR=/Users/jeremy/Projects/odc-falsepositives}
[INFO] Using 'UTF-8' encoding to copy filtered resources.
[DEBUG] resource with targetPath null
directory /Users/jeremy/Projects/odc-falsepositives/src/main/resources
excludes []
includes []
[DEBUG] ignoreDelta true
[INFO] Copying 1 resource
[DEBUG] file hints.xml has a filtered file extension
[DEBUG] copy /Users/jeremy/Projects/odc-falsepositives/src/main/resources/hints.xml to /Users/jeremy/Projects/odc-falsepositives/target/classes/hints.xml
[DEBUG] no use filter components
[INFO] 
[INFO] --- maven-compiler-plugin:3.1:compile (default-compile) @ odc-falsepositives ---
[DEBUG] Dependency collection stats: {ConflictMarker.analyzeTime=510665, ConflictMarker.markTime=326971, ConflictMarker.nodeCount=160, ConflictIdSorter.graphTime=220817, ConflictIdSorter.topsortTime=51697, ConflictIdSorter.conflictIdCount=43, ConflictIdSorter.conflictIdCycleCount=0, ConflictResolver.totalTime=2489875, ConflictResolver.conflictItemCount=63, DefaultDependencyCollector.collectTime=233920137, DefaultDependencyCollector.transformTime=3621493}
[DEBUG] org.apache.maven.plugins:maven-compiler-plugin:jar:3.1:
[DEBUG]    org.apache.maven:maven-plugin-api:jar:2.0.9:compile
[DEBUG]    org.apache.maven:maven-artifact:jar:2.0.9:compile
[DEBUG]       org.codehaus.plexus:plexus-utils:jar:1.5.1:compile
[DEBUG]    org.apache.maven:maven-core:jar:2.0.9:compile
[DEBUG]       org.apache.maven:maven-settings:jar:2.0.9:compile
[DEBUG]       org.apache.maven:maven-plugin-parameter-documenter:jar:2.0.9:compile
[DEBUG]       org.apache.maven:maven-profile:jar:2.0.9:compile
[DEBUG]       org.apache.maven:maven-model:jar:2.0.9:compile
[DEBUG]       org.apache.maven:maven-repository-metadata:jar:2.0.9:compile
[DEBUG]       org.apache.maven:maven-error-diagnostics:jar:2.0.9:compile
[DEBUG]       org.apache.maven:maven-project:jar:2.0.9:compile
[DEBUG]          org.apache.maven:maven-plugin-registry:jar:2.0.9:compile
[DEBUG]       org.apache.maven:maven-plugin-descriptor:jar:2.0.9:compile
[DEBUG]       org.apache.maven:maven-artifact-manager:jar:2.0.9:compile
[DEBUG]       org.apache.maven:maven-monitor:jar:2.0.9:compile
[DEBUG]    org.apache.maven:maven-toolchain:jar:1.0:compile
[DEBUG]    org.apache.maven.shared:maven-shared-utils:jar:0.1:compile
[DEBUG]       com.google.code.findbugs:jsr305:jar:2.0.1:compile
[DEBUG]    org.apache.maven.shared:maven-shared-incremental:jar:1.1:compile
[DEBUG]       org.codehaus.plexus:plexus-component-annotations:jar:1.5.5:compile
[DEBUG]    org.codehaus.plexus:plexus-compiler-api:jar:2.2:compile
[DEBUG]    org.codehaus.plexus:plexus-compiler-manager:jar:2.2:compile
[DEBUG]    org.codehaus.plexus:plexus-compiler-javac:jar:2.2:runtime
[DEBUG]    org.codehaus.plexus:plexus-container-default:jar:1.5.5:compile
[DEBUG]       org.codehaus.plexus:plexus-classworlds:jar:2.2.2:compile
[DEBUG]       org.apache.xbean:xbean-reflect:jar:3.4:compile
[DEBUG]          log4j:log4j:jar:1.2.12:compile
[DEBUG]          commons-logging:commons-logging-api:jar:1.1:compile
[DEBUG]       com.google.collections:google-collections:jar:1.0:compile
[DEBUG]       junit:junit:jar:3.8.2:compile
[DEBUG] Created new class realm plugin>org.apache.maven.plugins:maven-compiler-plugin:3.1
[DEBUG] Importing foreign packages into class realm plugin>org.apache.maven.plugins:maven-compiler-plugin:3.1
[DEBUG]   Imported:  < maven.api
[DEBUG] Populating class realm plugin>org.apache.maven.plugins:maven-compiler-plugin:3.1
[DEBUG]   Included: org.apache.maven.plugins:maven-compiler-plugin:jar:3.1
[DEBUG]   Included: org.codehaus.plexus:plexus-utils:jar:1.5.1
[DEBUG]   Included: org.apache.maven.shared:maven-shared-utils:jar:0.1
[DEBUG]   Included: com.google.code.findbugs:jsr305:jar:2.0.1
[DEBUG]   Included: org.apache.maven.shared:maven-shared-incremental:jar:1.1
[DEBUG]   Included: org.codehaus.plexus:plexus-component-annotations:jar:1.5.5
[DEBUG]   Included: org.codehaus.plexus:plexus-compiler-api:jar:2.2
[DEBUG]   Included: org.codehaus.plexus:plexus-compiler-manager:jar:2.2
[DEBUG]   Included: org.codehaus.plexus:plexus-compiler-javac:jar:2.2
[DEBUG]   Included: org.apache.xbean:xbean-reflect:jar:3.4
[DEBUG]   Included: log4j:log4j:jar:1.2.12
[DEBUG]   Included: commons-logging:commons-logging-api:jar:1.1
[DEBUG]   Included: com.google.collections:google-collections:jar:1.0
[DEBUG]   Included: junit:junit:jar:3.8.2
[DEBUG] Configuring mojo org.apache.maven.plugins:maven-compiler-plugin:3.1:compile from plugin realm ClassRealm[plugin>org.apache.maven.plugins:maven-compiler-plugin:3.1, parent: sun.misc.Launcher$AppClassLoader@70dea4e]
[DEBUG] Configuring mojo 'org.apache.maven.plugins:maven-compiler-plugin:3.1:compile' with basic configurator -->
[DEBUG]   (f) basedir = /Users/jeremy/Projects/odc-falsepositives
[DEBUG]   (f) buildDirectory = /Users/jeremy/Projects/odc-falsepositives/target
[DEBUG]   (f) classpathElements = [/Users/jeremy/Projects/odc-falsepositives/target/classes, /Users/jeremy/.m2/repository/junit/junit/4.13.1/junit-4.13.1.jar, /Users/jeremy/.m2/repository/org/hamcrest/hamcrest-core/1.3/hamcrest-core-1.3.jar, /Users/jeremy/.m2/repository/javax/servlet/servlet-api/2.5/servlet-api-2.5.jar]
[DEBUG]   (f) compileSourceRoots = [/Users/jeremy/Projects/odc-falsepositives/src/main/java]
[DEBUG]   (f) compilerId = javac
[DEBUG]   (f) debug = true
[DEBUG]   (f) encoding = UTF-8
[DEBUG]   (f) failOnError = true
[DEBUG]   (f) forceJavacCompilerUse = false
[DEBUG]   (f) fork = false
[DEBUG]   (f) generatedSourcesDirectory = /Users/jeremy/Projects/odc-falsepositives/target/generated-sources/annotations
[DEBUG]   (f) mojoExecution = org.apache.maven.plugins:maven-compiler-plugin:3.1:compile {execution: default-compile}
[DEBUG]   (f) optimize = false
[DEBUG]   (f) outputDirectory = /Users/jeremy/Projects/odc-falsepositives/target/classes
[DEBUG]   (f) projectArtifact = com.mycompany:odc-falsepositives:war:1.0-SNAPSHOT
[DEBUG]   (f) showDeprecation = false
[DEBUG]   (f) showWarnings = false
[DEBUG]   (f) skipMultiThreadWarning = false
[DEBUG]   (f) source = 1.8
[DEBUG]   (f) staleMillis = 0
[DEBUG]   (f) target = 1.8
[DEBUG]   (f) useIncrementalCompilation = true
[DEBUG]   (f) verbose = false
[DEBUG]   (f) mavenSession = org.apache.maven.execution.MavenSession@32057e6
[DEBUG]   (f) session = org.apache.maven.execution.MavenSession@32057e6
[DEBUG] -- end configuration --
[DEBUG] Using compiler 'javac'.
[DEBUG] Source directories: [/Users/jeremy/Projects/odc-falsepositives/src/main/java]
[DEBUG] Classpath: [/Users/jeremy/Projects/odc-falsepositives/target/classes
 /Users/jeremy/.m2/repository/junit/junit/4.13.1/junit-4.13.1.jar
 /Users/jeremy/.m2/repository/org/hamcrest/hamcrest-core/1.3/hamcrest-core-1.3.jar
 /Users/jeremy/.m2/repository/javax/servlet/servlet-api/2.5/servlet-api-2.5.jar]
[DEBUG] Output directory: /Users/jeremy/Projects/odc-falsepositives/target/classes
[DEBUG] CompilerReuseStrategy: reuseCreated
[DEBUG] useIncrementalCompilation enabled
[INFO] Nothing to compile - all classes are up to date
[INFO] 
[INFO] --- maven-resources-plugin:2.6:testResources (default-testResources) @ odc-falsepositives ---
[DEBUG] Configuring mojo org.apache.maven.plugins:maven-resources-plugin:2.6:testResources from plugin realm ClassRealm[plugin>org.apache.maven.plugins:maven-resources-plugin:2.6, parent: sun.misc.Launcher$AppClassLoader@70dea4e]
[DEBUG] Configuring mojo 'org.apache.maven.plugins:maven-resources-plugin:2.6:testResources' with basic configurator -->
[DEBUG]   (f) buildFilters = []
[DEBUG]   (f) encoding = UTF-8
[DEBUG]   (f) escapeWindowsPaths = true
[DEBUG]   (s) includeEmptyDirs = false
[DEBUG]   (s) outputDirectory = /Users/jeremy/Projects/odc-falsepositives/target/test-classes
[DEBUG]   (s) overwrite = false
[DEBUG]   (f) project = MavenProject: com.mycompany:odc-falsepositives:1.0-SNAPSHOT @ /Users/jeremy/Projects/odc-falsepositives/pom.xml
[DEBUG]   (s) resources = [Resource {targetPath: null, filtering: false, FileSet {directory: /Users/jeremy/Projects/odc-falsepositives/src/test/resources, PatternSet [includes: {}, excludes: {}]}}]
[DEBUG]   (f) session = org.apache.maven.execution.MavenSession@32057e6
[DEBUG]   (f) supportMultiLineFiltering = false
[DEBUG]   (f) useBuildFilters = true
[DEBUG]   (s) useDefaultDelimiters = true
[DEBUG] -- end configuration --
[DEBUG] properties used {java.vendor=AdoptOpenJDK, odc.cve.url.modified=https://nvd.nist.gov/feeds/json/cve/1.1/nvdcve-1.1-modified.json.gz, sun.java.launcher=SUN_STANDARD, env.XPC_SERVICE_NAME=0, sun.management.compiler=HotSpot 64-Bit Tiered Compilers, env.JENV_VERSION=1.8.0.212, env.SECURITYSESSIONID=186aa, env.JENV_INSTALL_DIR=/usr/local/Cellar/jenv/0.5.2/libexec, env.GPG_TTY=/dev/ttys000, odc.cve.url.base=https://nvd.nist.gov/feeds/json/cve/1.1/nvdcve-1.1-%d.json.gz, os.name=Mac OS X, sun.boot.class.path=/Library/Java/JavaVirtualMachines/adoptopenjdk-8.jdk/Contents/Home/jre/lib/resources.jar:/Library/Java/JavaVirtualMachines/adoptopenjdk-8.jdk/Contents/Home/jre/lib/rt.jar:/Library/Java/JavaVirtualMachines/adoptopenjdk-8.jdk/Contents/Home/jre/lib/sunrsasign.jar:/Library/Java/JavaVirtualMachines/adoptopenjdk-8.jdk/Contents/Home/jre/lib/jsse.jar:/Library/Java/JavaVirtualMachines/adoptopenjdk-8.jdk/Contents/Home/jre/lib/jce.jar:/Library/Java/JavaVirtualMachines/adoptopenjdk-8.jdk/Contents/Home/jre/lib/charsets.jar:/Library/Java/JavaVirtualMachines/adoptopenjdk-8.jdk/Contents/Home/jre/lib/jfr.jar:/Library/Java/JavaVirtualMachines/adoptopenjdk-8.jdk/Contents/Home/jre/classes, env.TMPDIR=/var/folders/6h/sbwvnfnn7y1bnmplkf_7dkwh0000gn/T/, env.JAVA_MAIN_CLASS_49220=org.codehaus.plexus.classworlds.launcher.Launcher, env.PWD=/Users/jeremy/Projects/odc-falsepositives, env.LANG=en_US.UTF-8, java.vm.specification.vendor=Oracle Corporation, java.runtime.version=1.8.0_212-b03, project.build.sourceEncoding=UTF-8, user.name=jeremy, maven.build.version=Apache Maven 3.6.1 (d66c9c0b3152b2e69ee9bac180bb8fcc8e6af555; 2019-04-04T15:00:29-04:00), env.USER=jeremy, env.SHELL=/bin/bash, env.__CF_USER_TEXT_ENCODING=0x1F5:0x0:0x0, env.JENV_OPTIONS=, env.PATH=/usr/local/bin:/usr/local/Cellar/jenv/0.5.2/libexec/libexec:/Users/jeremy/.jenv/shims:/Users/jeremy/.jenv/bin:/usr/local/bin:/usr/bin:/bin:/usr/sbin:/sbin:/Applications/VMware Fusion.app/Contents/Public:/usr/local/share/dotnet:~/.dotnet/tools:/Applications/Wireshark.app/Contents/MacOS, user.language=en, sun.boot.library.path=/Library/Java/JavaVirtualMachines/adoptopenjdk-8.jdk/Contents/Home/jre/lib, classworlds.conf=/usr/local/Cellar/maven/3.6.1/libexec/bin/m2.conf, env.JENV_FORCEJAVAHOME=true, env.XPC_FLAGS=0x0, java.version=1.8.0_212, user.timezone=, sun.arch.data.model=64, http.nonProxyHosts=local|*.local|169.254/16|*.169.254/16, java.endorsed.dirs=/Library/Java/JavaVirtualMachines/adoptopenjdk-8.jdk/Contents/Home/jre/lib/endorsed, env.JDK_HOME=/Users/jeremy/.jenv/versions/1.8.0.212, sun.cpu.isalist=, sun.jnu.encoding=UTF-8, file.encoding.pkg=sun.io, env.SHLVL=1, file.separator=/, java.specification.name=Java Platform API Specification, maven.conf=/usr/local/Cellar/maven/3.6.1/libexec/conf, env.__GIT_PROMPT_SHOW_CHANGED_FILES_COUNT=1, java.class.version=52.0, user.country=US, java.home=/Library/Java/JavaVirtualMachines/adoptopenjdk-8.jdk/Contents/Home/jre, env.ANDROID_HOME=/usr/local/share/android-sdk, java.vm.info=mixed mode, env.JENV_LOADED=1, env.LOGNAME=jeremy, os.version=10.15.7, env.JENV_FORCEJDKHOME=true, maven.compiler.target=1.8, env.TERM_PROGRAM_VERSION=433, path.separator=:, java.vm.version=25.212-b03, env.JAVA_HOME=/Users/jeremy/.jenv/versions/1.8.0.212, env.__GIT_PROMPT_IGNORE_STASH=, java.awt.printerjob=sun.lwawt.macosx.CPrinterJob, env.TERM=xterm-256color, sun.io.unicode.encoding=UnicodeBig, awt.toolkit=sun.lwawt.macosx.LWCToolkit, socksNonProxyHosts=local|*.local|169.254/16|*.169.254/16, ftp.nonProxyHosts=local|*.local|169.254/16|*.169.254/16, env.__GIT_PROMPT_SHOW_UPSTREAM=, user.home=/Users/jeremy, env.OLDPWD=/Users/jeremy/Projects/odc-falsepositives, java.specification.vendor=Oracle Corporation, env.TERM_PROGRAM=Apple_Terminal, library.jansi.path=/usr/local/Cellar/maven/3.6.1/libexec/lib/jansi-native, java.library.path=/Users/jeremy/Library/Java/Extensions:/Library/Java/Extensions:/Network/Library/Java/Extensions:/System/Library/Java/Extensions:/usr/lib/java:., java.vendor.url=http://java.oracle.com/, env.MAVEN_CMD_LINE_ARGS= verify -X, java.vm.vendor=AdoptOpenJDK, gopherProxySet=false, env.LaunchInstanceID=AE1323BB-0598-4C0B-B58A-5E59FFF6D44D, maven.home=/usr/local/Cellar/maven/3.6.1/libexec, env.JENV_SHELL=bash, java.runtime.name=OpenJDK Runtime Environment, sun.java.command=org.codehaus.plexus.classworlds.launcher.Launcher verify -X, java.class.path=/usr/local/Cellar/maven/3.6.1/libexec/boot/plexus-classworlds-2.6.0.jar, analyzer.golang.path=/usr/local/bin/go, env.TERM_SESSION_ID=7D3DC773-EFC2-4BEF-92A7-69C87324B97F, maven.version=3.6.1, java.vm.specification.name=Java Virtual Machine Specification, env.__GIT_PROMPT_SHOW_UNTRACKED_FILES=all, java.vm.specification.version=1.8, env.JENV_HOOK_PATH=:/Users/jeremy/.jenv/plugins/export/etc/jenv.d:/Users/jeremy/.jenv/plugins/maven/etc/jenv.d, sun.cpu.endian=little, sun.os.patch.level=unknown, env.HOME=/Users/jeremy, plugins.odc.version=6.0.4-SNAPSHOT, java.io.tmpdir=/var/folders/6h/sbwvnfnn7y1bnmplkf_7dkwh0000gn/T/, java.vendor.url.bug=http://bugreport.sun.com/bugreport/, maven.multiModuleProjectDirectory=/Users/jeremy/Projects/odc-falsepositives, env.SSH_AUTH_SOCK=/private/tmp/com.apple.launchd.80senDOK8e/Listeners, odc.dotnet.path=/usr/local/share/dotnet/dotnet, maven.compiler.source=1.8, env.JENV_DIR=/Users/jeremy/Projects/odc-falsepositives, os.arch=x86_64, java.awt.graphicsenv=sun.awt.CGraphicsEnvironment, java.ext.dirs=/Users/jeremy/Library/Java/Extensions:/Library/Java/JavaVirtualMachines/adoptopenjdk-8.jdk/Contents/Home/jre/lib/ext:/Library/Java/Extensions:/Network/Library/Java/Extensions:/System/Library/Java/Extensions:/usr/lib/java, user.dir=/Users/jeremy/Projects/odc-falsepositives, env.JENV_ROOT=/Users/jeremy/.jenv, env.GIT_BRANCH=newPR, line.separator=
, java.vm.name=OpenJDK 64-Bit Server VM, file.encoding=UTF-8, java.specification.version=1.8, env.MAVEN_PROJECTBASEDIR=/Users/jeremy/Projects/odc-falsepositives}
[INFO] Using 'UTF-8' encoding to copy filtered resources.
[DEBUG] resource with targetPath null
directory /Users/jeremy/Projects/odc-falsepositives/src/test/resources
excludes []
includes []
[DEBUG] ignoreDelta true
[INFO] Copying 0 resource
[DEBUG] no use filter components
[INFO] 
[INFO] --- maven-compiler-plugin:3.1:testCompile (default-testCompile) @ odc-falsepositives ---
[DEBUG] Configuring mojo org.apache.maven.plugins:maven-compiler-plugin:3.1:testCompile from plugin realm ClassRealm[plugin>org.apache.maven.plugins:maven-compiler-plugin:3.1, parent: sun.misc.Launcher$AppClassLoader@70dea4e]
[DEBUG] Configuring mojo 'org.apache.maven.plugins:maven-compiler-plugin:3.1:testCompile' with basic configurator -->
[DEBUG]   (f) basedir = /Users/jeremy/Projects/odc-falsepositives
[DEBUG]   (f) buildDirectory = /Users/jeremy/Projects/odc-falsepositives/target
[DEBUG]   (f) classpathElements = [/Users/jeremy/Projects/odc-falsepositives/target/test-classes, /Users/jeremy/Projects/odc-falsepositives/target/classes, /Users/jeremy/.m2/repository/junit/junit/4.13.1/junit-4.13.1.jar, /Users/jeremy/.m2/repository/org/hamcrest/hamcrest-core/1.3/hamcrest-core-1.3.jar, /Users/jeremy/.m2/repository/javax/servlet/servlet-api/2.5/servlet-api-2.5.jar]
[DEBUG]   (f) compileSourceRoots = [/Users/jeremy/Projects/odc-falsepositives/src/test/java]
[DEBUG]   (f) compilerId = javac
[DEBUG]   (f) debug = true
[DEBUG]   (f) encoding = UTF-8
[DEBUG]   (f) failOnError = true
[DEBUG]   (f) forceJavacCompilerUse = false
[DEBUG]   (f) fork = false
[DEBUG]   (f) generatedTestSourcesDirectory = /Users/jeremy/Projects/odc-falsepositives/target/generated-test-sources/test-annotations
[DEBUG]   (f) mojoExecution = org.apache.maven.plugins:maven-compiler-plugin:3.1:testCompile {execution: default-testCompile}
[DEBUG]   (f) optimize = false
[DEBUG]   (f) outputDirectory = /Users/jeremy/Projects/odc-falsepositives/target/test-classes
[DEBUG]   (f) showDeprecation = false
[DEBUG]   (f) showWarnings = false
[DEBUG]   (f) skipMultiThreadWarning = false
[DEBUG]   (f) source = 1.8
[DEBUG]   (f) staleMillis = 0
[DEBUG]   (f) target = 1.8
[DEBUG]   (f) useIncrementalCompilation = true
[DEBUG]   (f) verbose = false
[DEBUG]   (f) mavenSession = org.apache.maven.execution.MavenSession@32057e6
[DEBUG]   (f) session = org.apache.maven.execution.MavenSession@32057e6
[DEBUG] -- end configuration --
[DEBUG] Using compiler 'javac'.
[DEBUG] Source directories: [/Users/jeremy/Projects/odc-falsepositives/src/test/java]
[DEBUG] Classpath: [/Users/jeremy/Projects/odc-falsepositives/target/test-classes
 /Users/jeremy/Projects/odc-falsepositives/target/classes
 /Users/jeremy/.m2/repository/junit/junit/4.13.1/junit-4.13.1.jar
 /Users/jeremy/.m2/repository/org/hamcrest/hamcrest-core/1.3/hamcrest-core-1.3.jar
 /Users/jeremy/.m2/repository/javax/servlet/servlet-api/2.5/servlet-api-2.5.jar]
[DEBUG] Output directory: /Users/jeremy/Projects/odc-falsepositives/target/test-classes
[DEBUG] CompilerReuseStrategy: reuseCreated
[DEBUG] useIncrementalCompilation enabled
[INFO] Nothing to compile - all classes are up to date
[INFO] 
[INFO] --- maven-surefire-plugin:2.12.4:test (default-test) @ odc-falsepositives ---
[DEBUG] Dependency collection stats: {ConflictMarker.analyzeTime=352835, ConflictMarker.markTime=122364, ConflictMarker.nodeCount=132, ConflictIdSorter.graphTime=280899, ConflictIdSorter.topsortTime=30974, ConflictIdSorter.conflictIdCount=27, ConflictIdSorter.conflictIdCycleCount=0, ConflictResolver.totalTime=1081206, ConflictResolver.conflictItemCount=77, DefaultDependencyCollector.collectTime=51847851, DefaultDependencyCollector.transformTime=1892721}
[DEBUG] org.apache.maven.plugins:maven-surefire-plugin:jar:2.12.4:
[DEBUG]    org.apache.maven:maven-plugin-api:jar:2.0.9:compile
[DEBUG]    org.apache.maven.surefire:surefire-booter:jar:2.12.4:compile
[DEBUG]       org.apache.maven.surefire:surefire-api:jar:2.12.4:compile
[DEBUG]    org.apache.maven.surefire:maven-surefire-common:jar:2.12.4:compile
[DEBUG]       org.apache.commons:commons-lang3:jar:3.1:compile
[DEBUG]       org.apache.maven.shared:maven-common-artifact-filters:jar:1.3:compile
[DEBUG]    org.codehaus.plexus:plexus-utils:jar:3.0.8:compile
[DEBUG]    org.apache.maven:maven-artifact:jar:2.0.9:compile
[DEBUG]    org.apache.maven:maven-project:jar:2.0.9:compile
[DEBUG]       org.apache.maven:maven-settings:jar:2.0.9:compile
[DEBUG]       org.apache.maven:maven-profile:jar:2.0.9:compile
[DEBUG]       org.apache.maven:maven-model:jar:2.0.9:compile
[DEBUG]       org.apache.maven:maven-artifact-manager:jar:2.0.9:compile
[DEBUG]       org.apache.maven:maven-plugin-registry:jar:2.0.9:compile
[DEBUG]       org.codehaus.plexus:plexus-container-default:jar:1.0-alpha-9-stable-1:compile
[DEBUG]          junit:junit:jar:3.8.1:test
[DEBUG]    org.apache.maven:maven-core:jar:2.0.9:compile
[DEBUG]       org.apache.maven:maven-plugin-parameter-documenter:jar:2.0.9:compile
[DEBUG]       org.apache.maven.reporting:maven-reporting-api:jar:2.0.9:compile
[DEBUG]       org.apache.maven:maven-repository-metadata:jar:2.0.9:compile
[DEBUG]       org.apache.maven:maven-error-diagnostics:jar:2.0.9:compile
[DEBUG]       org.apache.maven:maven-plugin-descriptor:jar:2.0.9:compile
[DEBUG]       org.apache.maven:maven-monitor:jar:2.0.9:compile
[DEBUG]       classworlds:classworlds:jar:1.1:compile
[DEBUG]    org.apache.maven:maven-toolchain:jar:2.0.9:compile
[DEBUG]    org.apache.maven.plugin-tools:maven-plugin-annotations:jar:3.1:compile
[DEBUG] Created new class realm plugin>org.apache.maven.plugins:maven-surefire-plugin:2.12.4
[DEBUG] Importing foreign packages into class realm plugin>org.apache.maven.plugins:maven-surefire-plugin:2.12.4
[DEBUG]   Imported:  < maven.api
[DEBUG] Populating class realm plugin>org.apache.maven.plugins:maven-surefire-plugin:2.12.4
[DEBUG]   Included: org.apache.maven.plugins:maven-surefire-plugin:jar:2.12.4
[DEBUG]   Included: org.apache.maven.surefire:surefire-booter:jar:2.12.4
[DEBUG]   Included: org.apache.maven.surefire:surefire-api:jar:2.12.4
[DEBUG]   Included: org.apache.maven.surefire:maven-surefire-common:jar:2.12.4
[DEBUG]   Included: org.apache.commons:commons-lang3:jar:3.1
[DEBUG]   Included: org.apache.maven.shared:maven-common-artifact-filters:jar:1.3
[DEBUG]   Included: org.codehaus.plexus:plexus-utils:jar:3.0.8
[DEBUG]   Included: org.apache.maven.reporting:maven-reporting-api:jar:2.0.9
[DEBUG]   Included: org.apache.maven.plugin-tools:maven-plugin-annotations:jar:3.1
[DEBUG] Configuring mojo org.apache.maven.plugins:maven-surefire-plugin:2.12.4:test from plugin realm ClassRealm[plugin>org.apache.maven.plugins:maven-surefire-plugin:2.12.4, parent: sun.misc.Launcher$AppClassLoader@70dea4e]
[DEBUG] Configuring mojo 'org.apache.maven.plugins:maven-surefire-plugin:2.12.4:test' with basic configurator -->
[DEBUG]   (s) basedir = /Users/jeremy/Projects/odc-falsepositives
[DEBUG]   (s) childDelegation = false
[DEBUG]   (s) classesDirectory = /Users/jeremy/Projects/odc-falsepositives/target/classes
[DEBUG]   (s) disableXmlReport = false
[DEBUG]   (s) enableAssertions = true
[DEBUG]   (s) forkMode = once
[DEBUG]   (s) junitArtifactName = junit:junit
[DEBUG]   (s) localRepository =       id: local
      url: file:///Users/jeremy/.m2/repository/
   layout: default
snapshots: [enabled => true, update => always]
 releases: [enabled => true, update => always]

[DEBUG]   (f) parallelMavenExecution = false
[DEBUG]   (s) perCoreThreadCount = true
[DEBUG]   (s) pluginArtifactMap = {org.apache.maven.plugins:maven-surefire-plugin=org.apache.maven.plugins:maven-surefire-plugin:maven-plugin:2.12.4:, org.apache.maven:maven-plugin-api=org.apache.maven:maven-plugin-api:jar:2.0.9:compile, org.apache.maven.surefire:surefire-booter=org.apache.maven.surefire:surefire-booter:jar:2.12.4:compile, org.apache.maven.surefire:surefire-api=org.apache.maven.surefire:surefire-api:jar:2.12.4:compile, org.apache.maven.surefire:maven-surefire-common=org.apache.maven.surefire:maven-surefire-common:jar:2.12.4:compile, org.apache.commons:commons-lang3=org.apache.commons:commons-lang3:jar:3.1:compile, org.apache.maven.shared:maven-common-artifact-filters=org.apache.maven.shared:maven-common-artifact-filters:jar:1.3:compile, org.codehaus.plexus:plexus-utils=org.codehaus.plexus:plexus-utils:jar:3.0.8:compile, org.apache.maven:maven-artifact=org.apache.maven:maven-artifact:jar:2.0.9:compile, org.apache.maven:maven-project=org.apache.maven:maven-project:jar:2.0.9:compile, org.apache.maven:maven-settings=org.apache.maven:maven-settings:jar:2.0.9:compile, org.apache.maven:maven-profile=org.apache.maven:maven-profile:jar:2.0.9:compile, org.apache.maven:maven-model=org.apache.maven:maven-model:jar:2.0.9:compile, org.apache.maven:maven-artifact-manager=org.apache.maven:maven-artifact-manager:jar:2.0.9:compile, org.apache.maven:maven-plugin-registry=org.apache.maven:maven-plugin-registry:jar:2.0.9:compile, org.codehaus.plexus:plexus-container-default=org.codehaus.plexus:plexus-container-default:jar:1.0-alpha-9-stable-1:compile, org.apache.maven:maven-core=org.apache.maven:maven-core:jar:2.0.9:compile, org.apache.maven:maven-plugin-parameter-documenter=org.apache.maven:maven-plugin-parameter-documenter:jar:2.0.9:compile, org.apache.maven.reporting:maven-reporting-api=org.apache.maven.reporting:maven-reporting-api:jar:2.0.9:compile, org.apache.maven:maven-repository-metadata=org.apache.maven:maven-repository-metadata:jar:2.0.9:compile, org.apache.maven:maven-error-diagnostics=org.apache.maven:maven-error-diagnostics:jar:2.0.9:compile, org.apache.maven:maven-plugin-descriptor=org.apache.maven:maven-plugin-descriptor:jar:2.0.9:compile, org.apache.maven:maven-monitor=org.apache.maven:maven-monitor:jar:2.0.9:compile, classworlds:classworlds=classworlds:classworlds:jar:1.1:compile, org.apache.maven:maven-toolchain=org.apache.maven:maven-toolchain:jar:2.0.9:compile, org.apache.maven.plugin-tools:maven-plugin-annotations=org.apache.maven.plugin-tools:maven-plugin-annotations:jar:3.1:compile}
[DEBUG]   (f) pluginDescriptor = Component Descriptor: role: 'org.apache.maven.plugin.Mojo', implementation: 'org.apache.maven.plugin.surefire.HelpMojo', role hint: 'org.apache.maven.plugins:maven-surefire-plugin:2.12.4:help'
role: 'org.apache.maven.plugin.Mojo', implementation: 'org.apache.maven.plugin.surefire.SurefirePlugin', role hint: 'org.apache.maven.plugins:maven-surefire-plugin:2.12.4:test'
---
[DEBUG]   (s) printSummary = true
[DEBUG]   (s) projectArtifactMap = {junit:junit=junit:junit:jar:4.13.1:compile, org.hamcrest:hamcrest-core=org.hamcrest:hamcrest-core:jar:1.3:compile, javax.servlet:servlet-api=javax.servlet:servlet-api:jar:2.5:provided}
[DEBUG]   (s) redirectTestOutputToFile = false
[DEBUG]   (s) remoteRepositories = [      id: jfrog
      url: https://dependencycheck.jfrog.io/dependencycheck/libs-snapshot
   layout: default
snapshots: [enabled => true, update => daily]
 releases: [enabled => true, update => daily]
,       id: repository.spring.release
      url: https://repo.spring.io/plugins-release/
   layout: default
snapshots: [enabled => true, update => daily]
 releases: [enabled => true, update => daily]
,       id: central
      url: https://repo.maven.apache.org/maven2
   layout: default
snapshots: [enabled => false, update => daily]
 releases: [enabled => true, update => never]
]
[DEBUG]   (s) reportFormat = brief
[DEBUG]   (s) reportsDirectory = /Users/jeremy/Projects/odc-falsepositives/target/surefire-reports
[DEBUG]   (s) runOrder = filesystem
[DEBUG]   (s) skip = false
[DEBUG]   (s) skipTests = false
[DEBUG]   (s) testClassesDirectory = /Users/jeremy/Projects/odc-falsepositives/target/test-classes
[DEBUG]   (s) testFailureIgnore = false
[DEBUG]   (s) testNGArtifactName = org.testng:testng
[DEBUG]   (s) testSourceDirectory = /Users/jeremy/Projects/odc-falsepositives/src/test/java
[DEBUG]   (s) trimStackTrace = true
[DEBUG]   (s) useFile = true
[DEBUG]   (s) useManifestOnlyJar = true
[DEBUG]   (s) useSystemClassLoader = true
[DEBUG]   (s) useUnlimitedThreads = false
[DEBUG]   (s) workingDirectory = /Users/jeremy/Projects/odc-falsepositives
[DEBUG]   (s) project = MavenProject: com.mycompany:odc-falsepositives:1.0-SNAPSHOT @ /Users/jeremy/Projects/odc-falsepositives/pom.xml
[DEBUG]   (s) session = org.apache.maven.execution.MavenSession@32057e6
[DEBUG] -- end configuration --
[INFO] 
[INFO] --- maven-war-plugin:2.2:war (default-war) @ odc-falsepositives ---
[DEBUG] Dependency collection stats: {ConflictMarker.analyzeTime=200914, ConflictMarker.markTime=95733, ConflictMarker.nodeCount=95, ConflictIdSorter.graphTime=177206, ConflictIdSorter.topsortTime=42420, ConflictIdSorter.conflictIdCount=30, ConflictIdSorter.conflictIdCycleCount=0, ConflictResolver.totalTime=1163882, ConflictResolver.conflictItemCount=87, DefaultDependencyCollector.collectTime=51158148, DefaultDependencyCollector.transformTime=1714573}
[DEBUG] org.apache.maven.plugins:maven-war-plugin:jar:2.2:
[DEBUG]    org.apache.maven:maven-plugin-api:jar:2.0.6:compile
[DEBUG]    org.apache.maven:maven-artifact:jar:2.0.6:compile
[DEBUG]    org.apache.maven:maven-model:jar:2.0.6:compile
[DEBUG]    org.apache.maven:maven-project:jar:2.0.6:compile
[DEBUG]       org.apache.maven:maven-profile:jar:2.0.6:compile
[DEBUG]       org.apache.maven:maven-artifact-manager:jar:2.0.6:compile
[DEBUG]       org.apache.maven:maven-plugin-registry:jar:2.0.6:compile
[DEBUG]    org.apache.maven:maven-core:jar:2.0.6:compile
[DEBUG]       org.apache.maven:maven-plugin-parameter-documenter:jar:2.0.6:compile
[DEBUG]       org.apache.maven.reporting:maven-reporting-api:jar:2.0.6:compile
[DEBUG]          org.apache.maven.doxia:doxia-sink-api:jar:1.0-alpha-7:compile
[DEBUG]       org.apache.maven:maven-repository-metadata:jar:2.0.6:compile
[DEBUG]       org.apache.maven:maven-error-diagnostics:jar:2.0.6:compile
[DEBUG]       commons-cli:commons-cli:jar:1.0:compile
[DEBUG]       org.apache.maven:maven-plugin-descriptor:jar:2.0.6:compile
[DEBUG]       org.codehaus.plexus:plexus-interactivity-api:jar:1.0-alpha-4:compile
[DEBUG]       classworlds:classworlds:jar:1.1:compile
[DEBUG]    org.apache.maven:maven-settings:jar:2.0.6:compile
[DEBUG]    org.apache.maven:maven-monitor:jar:2.0.6:compile
[DEBUG]    org.apache.maven:maven-archiver:jar:2.5:compile
[DEBUG]    org.codehaus.plexus:plexus-io:jar:2.0.2:compile
[DEBUG]    org.codehaus.plexus:plexus-archiver:jar:2.1:compile
[DEBUG]    org.codehaus.plexus:plexus-interpolation:jar:1.15:compile
[DEBUG]    org.codehaus.plexus:plexus-container-default:jar:1.0-alpha-9-stable-1:compile
[DEBUG]       junit:junit:jar:3.8.1:compile
[DEBUG]    com.thoughtworks.xstream:xstream:jar:1.3.1:compile
[DEBUG]       xpp3:xpp3_min:jar:1.1.4c:compile
[DEBUG]    org.codehaus.plexus:plexus-utils:jar:3.0:compile
[DEBUG]    org.apache.maven.shared:maven-filtering:jar:1.0-beta-2:compile
[DEBUG] Created new class realm plugin>org.apache.maven.plugins:maven-war-plugin:2.2
[DEBUG] Importing foreign packages into class realm plugin>org.apache.maven.plugins:maven-war-plugin:2.2
[DEBUG]   Imported:  < maven.api
[DEBUG] Populating class realm plugin>org.apache.maven.plugins:maven-war-plugin:2.2
[DEBUG]   Included: org.apache.maven.plugins:maven-war-plugin:jar:2.2
[DEBUG]   Included: org.apache.maven.reporting:maven-reporting-api:jar:2.0.6
[DEBUG]   Included: org.apache.maven.doxia:doxia-sink-api:jar:1.0-alpha-7
[DEBUG]   Included: commons-cli:commons-cli:jar:1.0
[DEBUG]   Included: org.codehaus.plexus:plexus-interactivity-api:jar:1.0-alpha-4
[DEBUG]   Included: org.apache.maven:maven-archiver:jar:2.5
[DEBUG]   Included: org.codehaus.plexus:plexus-io:jar:2.0.2
[DEBUG]   Included: org.codehaus.plexus:plexus-archiver:jar:2.1
[DEBUG]   Included: org.codehaus.plexus:plexus-interpolation:jar:1.15
[DEBUG]   Included: junit:junit:jar:3.8.1
[DEBUG]   Included: com.thoughtworks.xstream:xstream:jar:1.3.1
[DEBUG]   Included: xpp3:xpp3_min:jar:1.1.4c
[DEBUG]   Included: org.codehaus.plexus:plexus-utils:jar:3.0
[DEBUG]   Included: org.apache.maven.shared:maven-filtering:jar:1.0-beta-2
[DEBUG] Configuring mojo org.apache.maven.plugins:maven-war-plugin:2.2:war from plugin realm ClassRealm[plugin>org.apache.maven.plugins:maven-war-plugin:2.2, parent: sun.misc.Launcher$AppClassLoader@70dea4e]
[DEBUG] Configuring mojo 'org.apache.maven.plugins:maven-war-plugin:2.2:war' with basic configurator -->
[DEBUG]   (s) archiveClasses = false
[DEBUG]   (s) attachClasses = false
[DEBUG]   (s) cacheFile = /Users/jeremy/Projects/odc-falsepositives/target/war/work/webapp-cache.xml
[DEBUG]   (s) classesClassifier = classes
[DEBUG]   (s) classesDirectory = /Users/jeremy/Projects/odc-falsepositives/target/classes
[DEBUG]   (f) escapedBackslashesInFilePath = false
[DEBUG]   (s) failOnMissingWebXml = true
[DEBUG]   (f) filteringDeploymentDescriptors = false
[DEBUG]   (s) outputDirectory = /Users/jeremy/Projects/odc-falsepositives/target
[DEBUG]   (s) primaryArtifact = true
[DEBUG]   (s) project = MavenProject: com.mycompany:odc-falsepositives:1.0-SNAPSHOT @ /Users/jeremy/Projects/odc-falsepositives/pom.xml
[DEBUG]   (f) session = org.apache.maven.execution.MavenSession@32057e6
[DEBUG]   (s) useCache = false
[DEBUG]   (s) warName = odc-falsepositives-1.0-SNAPSHOT
[DEBUG]   (s) warSourceDirectory = /Users/jeremy/Projects/odc-falsepositives/src/main/webapp
[DEBUG]   (s) warSourceIncludes = **
[DEBUG]   (s) webappDirectory = /Users/jeremy/Projects/odc-falsepositives/target/odc-falsepositives-1.0-SNAPSHOT
[DEBUG]   (s) workDirectory = /Users/jeremy/Projects/odc-falsepositives/target/war/work
[DEBUG] -- end configuration --
[INFO] Packaging webapp
[INFO] Assembling webapp [odc-falsepositives] in [/Users/jeremy/Projects/odc-falsepositives/target/odc-falsepositives-1.0-SNAPSHOT]
[DEBUG] properties used {java.vendor=AdoptOpenJDK, odc.cve.url.modified=https://nvd.nist.gov/feeds/json/cve/1.1/nvdcve-1.1-modified.json.gz, sun.java.launcher=SUN_STANDARD, env.XPC_SERVICE_NAME=0, sun.management.compiler=HotSpot 64-Bit Tiered Compilers, env.JENV_VERSION=1.8.0.212, env.SECURITYSESSIONID=186aa, env.JENV_INSTALL_DIR=/usr/local/Cellar/jenv/0.5.2/libexec, env.GPG_TTY=/dev/ttys000, odc.cve.url.base=https://nvd.nist.gov/feeds/json/cve/1.1/nvdcve-1.1-%d.json.gz, os.name=Mac OS X, sun.boot.class.path=/Library/Java/JavaVirtualMachines/adoptopenjdk-8.jdk/Contents/Home/jre/lib/resources.jar:/Library/Java/JavaVirtualMachines/adoptopenjdk-8.jdk/Contents/Home/jre/lib/rt.jar:/Library/Java/JavaVirtualMachines/adoptopenjdk-8.jdk/Contents/Home/jre/lib/sunrsasign.jar:/Library/Java/JavaVirtualMachines/adoptopenjdk-8.jdk/Contents/Home/jre/lib/jsse.jar:/Library/Java/JavaVirtualMachines/adoptopenjdk-8.jdk/Contents/Home/jre/lib/jce.jar:/Library/Java/JavaVirtualMachines/adoptopenjdk-8.jdk/Contents/Home/jre/lib/charsets.jar:/Library/Java/JavaVirtualMachines/adoptopenjdk-8.jdk/Contents/Home/jre/lib/jfr.jar:/Library/Java/JavaVirtualMachines/adoptopenjdk-8.jdk/Contents/Home/jre/classes, env.TMPDIR=/var/folders/6h/sbwvnfnn7y1bnmplkf_7dkwh0000gn/T/, env.JAVA_MAIN_CLASS_49220=org.codehaus.plexus.classworlds.launcher.Launcher, env.PWD=/Users/jeremy/Projects/odc-falsepositives, env.LANG=en_US.UTF-8, java.vm.specification.vendor=Oracle Corporation, java.runtime.version=1.8.0_212-b03, project.build.sourceEncoding=UTF-8, user.name=jeremy, maven.build.version=Apache Maven 3.6.1 (d66c9c0b3152b2e69ee9bac180bb8fcc8e6af555; 2019-04-04T15:00:29-04:00), env.USER=jeremy, env.SHELL=/bin/bash, env.__CF_USER_TEXT_ENCODING=0x1F5:0x0:0x0, env.JENV_OPTIONS=, env.PATH=/usr/local/bin:/usr/local/Cellar/jenv/0.5.2/libexec/libexec:/Users/jeremy/.jenv/shims:/Users/jeremy/.jenv/bin:/usr/local/bin:/usr/bin:/bin:/usr/sbin:/sbin:/Applications/VMware Fusion.app/Contents/Public:/usr/local/share/dotnet:~/.dotnet/tools:/Applications/Wireshark.app/Contents/MacOS, user.language=en, sun.boot.library.path=/Library/Java/JavaVirtualMachines/adoptopenjdk-8.jdk/Contents/Home/jre/lib, classworlds.conf=/usr/local/Cellar/maven/3.6.1/libexec/bin/m2.conf, env.JENV_FORCEJAVAHOME=true, env.XPC_FLAGS=0x0, java.version=1.8.0_212, user.timezone=, sun.arch.data.model=64, http.nonProxyHosts=local|*.local|169.254/16|*.169.254/16, java.endorsed.dirs=/Library/Java/JavaVirtualMachines/adoptopenjdk-8.jdk/Contents/Home/jre/lib/endorsed, env.JDK_HOME=/Users/jeremy/.jenv/versions/1.8.0.212, sun.cpu.isalist=, sun.jnu.encoding=UTF-8, file.encoding.pkg=sun.io, env.SHLVL=1, file.separator=/, java.specification.name=Java Platform API Specification, maven.conf=/usr/local/Cellar/maven/3.6.1/libexec/conf, env.__GIT_PROMPT_SHOW_CHANGED_FILES_COUNT=1, java.class.version=52.0, user.country=US, java.home=/Library/Java/JavaVirtualMachines/adoptopenjdk-8.jdk/Contents/Home/jre, env.ANDROID_HOME=/usr/local/share/android-sdk, java.vm.info=mixed mode, env.JENV_LOADED=1, env.LOGNAME=jeremy, os.version=10.15.7, env.JENV_FORCEJDKHOME=true, maven.compiler.target=1.8, env.TERM_PROGRAM_VERSION=433, path.separator=:, java.vm.version=25.212-b03, env.JAVA_HOME=/Users/jeremy/.jenv/versions/1.8.0.212, env.__GIT_PROMPT_IGNORE_STASH=, java.awt.printerjob=sun.lwawt.macosx.CPrinterJob, env.TERM=xterm-256color, sun.io.unicode.encoding=UnicodeBig, awt.toolkit=sun.lwawt.macosx.LWCToolkit, socksNonProxyHosts=local|*.local|169.254/16|*.169.254/16, ftp.nonProxyHosts=local|*.local|169.254/16|*.169.254/16, env.__GIT_PROMPT_SHOW_UPSTREAM=, user.home=/Users/jeremy, env.OLDPWD=/Users/jeremy/Projects/odc-falsepositives, java.specification.vendor=Oracle Corporation, env.TERM_PROGRAM=Apple_Terminal, java.vendor.url=http://java.oracle.com/, java.library.path=/Users/jeremy/Library/Java/Extensions:/Library/Java/Extensions:/Network/Library/Java/Extensions:/System/Library/Java/Extensions:/usr/lib/java:., library.jansi.path=/usr/local/Cellar/maven/3.6.1/libexec/lib/jansi-native, env.MAVEN_CMD_LINE_ARGS= verify -X, gopherProxySet=false, java.vm.vendor=AdoptOpenJDK, env.LaunchInstanceID=AE1323BB-0598-4C0B-B58A-5E59FFF6D44D, java.runtime.name=OpenJDK Runtime Environment, env.JENV_SHELL=bash, maven.home=/usr/local/Cellar/maven/3.6.1/libexec, java.class.path=/usr/local/Cellar/maven/3.6.1/libexec/boot/plexus-classworlds-2.6.0.jar, sun.java.command=org.codehaus.plexus.classworlds.launcher.Launcher verify -X, env.TERM_SESSION_ID=7D3DC773-EFC2-4BEF-92A7-69C87324B97F, analyzer.golang.path=/usr/local/bin/go, maven.version=3.6.1, java.vm.specification.name=Java Virtual Machine Specification, env.__GIT_PROMPT_SHOW_UNTRACKED_FILES=all, java.vm.specification.version=1.8, env.JENV_HOOK_PATH=:/Users/jeremy/.jenv/plugins/export/etc/jenv.d:/Users/jeremy/.jenv/plugins/maven/etc/jenv.d, sun.os.patch.level=unknown, sun.cpu.endian=little, env.HOME=/Users/jeremy, plugins.odc.version=6.0.4-SNAPSHOT, java.io.tmpdir=/var/folders/6h/sbwvnfnn7y1bnmplkf_7dkwh0000gn/T/, maven.multiModuleProjectDirectory=/Users/jeremy/Projects/odc-falsepositives, java.vendor.url.bug=http://bugreport.sun.com/bugreport/, env.SSH_AUTH_SOCK=/private/tmp/com.apple.launchd.80senDOK8e/Listeners, odc.dotnet.path=/usr/local/share/dotnet/dotnet, maven.compiler.source=1.8, env.JENV_DIR=/Users/jeremy/Projects/odc-falsepositives, java.awt.graphicsenv=sun.awt.CGraphicsEnvironment, os.arch=x86_64, java.ext.dirs=/Users/jeremy/Library/Java/Extensions:/Library/Java/JavaVirtualMachines/adoptopenjdk-8.jdk/Contents/Home/jre/lib/ext:/Library/Java/Extensions:/Network/Library/Java/Extensions:/System/Library/Java/Extensions:/usr/lib/java, user.dir=/Users/jeremy/Projects/odc-falsepositives, env.JENV_ROOT=/Users/jeremy/.jenv, env.GIT_BRANCH=newPR, line.separator=
, java.vm.name=OpenJDK 64-Bit Server VM, file.encoding=UTF-8, java.specification.version=1.8, env.MAVEN_PROJECTBASEDIR=/Users/jeremy/Projects/odc-falsepositives}
[INFO] Processing war project
[INFO] Copying webapp resources [/Users/jeremy/Projects/odc-falsepositives/src/main/webapp]
[DEBUG]  + index.jsp has been copied.
[DEBUG]  + WEB-INF/web.xml has been copied.
[DEBUG] Dump of the current build pathSet content -->
[DEBUG] index.jsp
[DEBUG] WEB-INF/web.xml
[DEBUG] -- end of dump --
[DEBUG]  + WEB-INF/classes/.netbeans_automatic_build has been copied.
[DEBUG]  + WEB-INF/classes/org/dependencycheck/testing/SimpleServlet.class has been copied.
[DEBUG]  + WEB-INF/classes/hints.xml has been copied.
[DEBUG] Processing: junit-4.13.1.jar
[DEBUG]  + WEB-INF/lib/junit-4.13.1.jar has been copied.
[DEBUG] Processing: hamcrest-core-1.3.jar
[DEBUG]  + WEB-INF/lib/hamcrest-core-1.3.jar has been copied.
[INFO] Webapp assembled in [74 msecs]
[DEBUG] Excluding [] from the generated webapp archive.
[DEBUG] Including [**] in the generated webapp archive.
[INFO] Building war: /Users/jeremy/Projects/odc-falsepositives/target/odc-falsepositives-1.0-SNAPSHOT.war
[DEBUG] adding directory META-INF/
[DEBUG] adding entry META-INF/MANIFEST.MF
[DEBUG] adding directory WEB-INF/
[DEBUG] adding directory WEB-INF/classes/
[DEBUG] adding directory WEB-INF/classes/org/
[DEBUG] adding directory WEB-INF/classes/org/dependencycheck/
[DEBUG] adding directory WEB-INF/classes/org/dependencycheck/testing/
[DEBUG] adding directory WEB-INF/lib/
[DEBUG] adding entry index.jsp
[DEBUG] adding entry WEB-INF/classes/.netbeans_automatic_build
[DEBUG] adding entry WEB-INF/classes/org/dependencycheck/testing/SimpleServlet.class
[DEBUG] adding entry WEB-INF/classes/hints.xml
[DEBUG] adding entry WEB-INF/lib/junit-4.13.1.jar
[DEBUG] adding entry WEB-INF/lib/hamcrest-core-1.3.jar
[DEBUG] adding entry WEB-INF/web.xml
[INFO] WEB-INF/web.xml already added, skipping
[DEBUG] adding directory META-INF/maven/
[DEBUG] adding directory META-INF/maven/com.mycompany/
[DEBUG] adding directory META-INF/maven/com.mycompany/odc-falsepositives/
[DEBUG] adding entry META-INF/maven/com.mycompany/odc-falsepositives/pom.xml
[DEBUG] adding entry META-INF/maven/com.mycompany/odc-falsepositives/pom.properties
[INFO] 
[INFO] --- dependency-check-maven:6.0.4-SNAPSHOT:aggregate (default) @ odc-falsepositives ---
[DEBUG] Skipped remote request for org.owasp:dependency-check-core:6.0.4-SNAPSHOT/maven-metadata.xml locally installed metadata up-to-date.
[DEBUG] Skipped remote request for org.owasp:dependency-check-core:6.0.4-SNAPSHOT/maven-metadata.xml locally installed metadata up-to-date.
[DEBUG] Skipped remote request for org.owasp:dependency-check-core:6.0.4-SNAPSHOT/maven-metadata.xml locally installed metadata up-to-date.
[DEBUG] Skipped remote request for org.owasp:dependency-check-core:6.0.4-SNAPSHOT/maven-metadata.xml locally installed metadata up-to-date.
[DEBUG] Skipped remote request for org.owasp:dependency-check-utils:6.0.4-SNAPSHOT/maven-metadata.xml locally installed metadata up-to-date.
[DEBUG] Skipped remote request for org.owasp:dependency-check-utils:6.0.4-SNAPSHOT/maven-metadata.xml locally installed metadata up-to-date.
[DEBUG] Skipped remote request for org.owasp:dependency-check-utils:6.0.4-SNAPSHOT/maven-metadata.xml locally installed metadata up-to-date.
[DEBUG] Skipped remote request for org.owasp:dependency-check-utils:6.0.4-SNAPSHOT/maven-metadata.xml locally installed metadata up-to-date.
[DEBUG] Dependency collection stats: {ConflictMarker.analyzeTime=775421, ConflictMarker.markTime=343966, ConflictMarker.nodeCount=295, ConflictIdSorter.graphTime=239226, ConflictIdSorter.topsortTime=205963, ConflictIdSorter.conflictIdCount=97, ConflictIdSorter.conflictIdCycleCount=0, ConflictResolver.totalTime=5815718, ConflictResolver.conflictItemCount=195, DefaultDependencyCollector.collectTime=588986609, DefaultDependencyCollector.transformTime=7429165}
[DEBUG] org.owasp:dependency-check-maven:jar:6.0.4-SNAPSHOT:
[DEBUG]    org.owasp:dependency-check-core:jar:6.0.4-SNAPSHOT:compile
[DEBUG]       org.anarres.jdiagnostics:jdiagnostics:jar:1.0.6:compile
[DEBUG]       org.whitesource:pecoff4j:jar:0.0.2.1:compile
[DEBUG]       org.apache.commons:commons-jcs-core:jar:2.2.1:compile
[DEBUG]          commons-logging:commons-logging:jar:1.2:compile
[DEBUG]       com.github.package-url:packageurl-java:jar:1.1.1:compile
[DEBUG]       us.springett:cpe-parser:jar:2.0.2:compile
[DEBUG]       com.vdurmont:semver4j:jar:3.1.0:compile
[DEBUG]       org.slf4j:slf4j-api:jar:1.7.30:compile
[DEBUG]       commons-collections:commons-collections:jar:3.2.2:compile
[DEBUG]       org.apache.commons:commons-compress:jar:1.20:compile
[DEBUG]       commons-io:commons-io:jar:2.8.0:compile
[DEBUG]       org.apache.commons:commons-lang3:jar:3.11:compile
[DEBUG]       org.apache.commons:commons-text:jar:1.9:compile
[DEBUG]       org.apache.lucene:lucene-core:jar:8.7.0:compile
[DEBUG]       org.apache.lucene:lucene-analyzers-common:jar:8.7.0:compile
[DEBUG]       org.apache.lucene:lucene-queryparser:jar:8.7.0:compile
[DEBUG]          org.apache.lucene:lucene-queries:jar:8.7.0:compile
[DEBUG]          org.apache.lucene:lucene-sandbox:jar:8.7.0:compile
[DEBUG]       org.apache.velocity:velocity-engine-core:jar:2.2:compile
[DEBUG]       com.h2database:h2:jar:1.4.199:compile
[DEBUG]       org.glassfish:javax.json:jar:1.1.4:compile
[DEBUG]       org.jsoup:jsoup:jar:1.13.1:compile
[DEBUG]       com.sun.mail:mailapi:jar:1.6.5:compile
[DEBUG]          com.sun.activation:jakarta.activation:jar:1.2.1:compile
[DEBUG]       com.fasterxml.jackson.core:jackson-databind:jar:2.12.0:compile
[DEBUG]          com.fasterxml.jackson.core:jackson-annotations:jar:2.12.0:compile
[DEBUG]          com.fasterxml.jackson.core:jackson-core:jar:2.12.0:compile
[DEBUG]       com.fasterxml.jackson.module:jackson-module-afterburner:jar:2.12.0:compile
[DEBUG]       com.google.guava:guava:jar:30.0-jre:compile
[DEBUG]          com.google.guava:failureaccess:jar:1.0.1:compile
[DEBUG]          com.google.guava:listenablefuture:jar:9999.0-empty-to-avoid-conflict-with-guava:compile
[DEBUG]          org.checkerframework:checker-qual:jar:3.5.0:compile
[DEBUG]          com.google.errorprone:error_prone_annotations:jar:2.3.4:compile
[DEBUG]          com.google.j2objc:j2objc-annotations:jar:1.3:compile
[DEBUG]       com.h3xstream.retirejs:retirejs-core:jar:3.0.2:compile
[DEBUG]          org.json:json:jar:20190722:compile
[DEBUG]          com.esotericsoftware:minlog:jar:1.3.1:compile
[DEBUG]          com.github.spullara.mustache.java:compiler:jar:0.9.6:compile
[DEBUG]       org.sonatype.ossindex:ossindex-service-client:jar:1.6.0:compile
[DEBUG]          org.sonatype.ossindex:ossindex-service-api:jar:1.6.0:compile
[DEBUG]             javax.ws.rs:javax.ws.rs-api:jar:2.0.1:compile
[DEBUG]             org.sonatype.goodies:package-url-java:jar:1.1.1:compile
[DEBUG]          javax.inject:javax.inject:jar:1:compile
[DEBUG]          org.slf4j:jcl-over-slf4j:jar:1.7.28:compile
[DEBUG]          joda-time:joda-time:jar:2.10.4:compile
[DEBUG]          com.google.code.gson:gson:jar:2.8.5:compile
[DEBUG]       com.moandjiezana.toml:toml4j:jar:0.7.2:compile
[DEBUG]       com.hankcs:aho-corasick-double-array-trie:jar:1.2.2:compile
[DEBUG]       commons-validator:commons-validator:jar:1.7:compile
[DEBUG]          commons-digester:commons-digester:jar:2.1:compile
[DEBUG]       commons-beanutils:commons-beanutils:jar:1.9.4:compile
[DEBUG]    org.owasp:dependency-check-utils:jar:6.0.4-SNAPSHOT:compile
[DEBUG]    org.apache.maven.shared:file-management:jar:3.0.0:compile
[DEBUG]       org.apache.maven:maven-plugin-api:jar:3.1.0:compile
[DEBUG]          org.apache.maven:maven-model:jar:3.1.0:compile
[DEBUG]          org.eclipse.sisu:org.eclipse.sisu.plexus:jar:0.0.0.M2a:compile
[DEBUG]             javax.enterprise:cdi-api:jar:1.0:compile
[DEBUG]                javax.annotation:jsr250-api:jar:1.0:compile
[DEBUG]             org.sonatype.sisu:sisu-guice:jar:no_aop:3.1.0:compile
[DEBUG]                aopalliance:aopalliance:jar:1.0:compile
[DEBUG]             org.eclipse.sisu:org.eclipse.sisu.inject:jar:0.0.0.M2a:compile
[DEBUG]                asm:asm:jar:3.3.1:compile
[DEBUG]       org.apache.maven.shared:maven-shared-io:jar:3.0.0:compile
[DEBUG]          org.apache.maven:maven-compat:jar:3.0:compile
[DEBUG]          org.apache.maven.wagon:wagon-provider-api:jar:2.10:compile
[DEBUG]       org.apache.maven.shared:maven-shared-utils:jar:3.0.0:compile
[DEBUG]    org.codehaus.plexus:plexus-utils:jar:3.3.0:compile
[DEBUG]    org.apache.maven.reporting:maven-reporting-api:jar:3.0:compile
[DEBUG]       org.apache.maven.doxia:doxia-sink-api:jar:1.0:compile
[DEBUG]    org.sonatype.plexus:plexus-sec-dispatcher:jar:1.4:compile
[DEBUG]       org.sonatype.plexus:plexus-cipher:jar:1.4:compile
[DEBUG]    org.apache.maven.shared:maven-dependency-tree:jar:3.0.1:compile
[DEBUG]       org.codehaus.plexus:plexus-component-annotations:jar:1.6:compile
[DEBUG]       org.eclipse.aether:aether-util:jar:0.9.0.M2:compile
[DEBUG]    org.apache.maven.shared:maven-artifact-transfer:jar:0.12.0:compile
[DEBUG]       org.apache.maven:maven-core:jar:3.1.0:compile
[DEBUG]          org.apache.maven:maven-settings:jar:3.1.0:compile
[DEBUG]          org.apache.maven:maven-settings-builder:jar:3.1.0:compile
[DEBUG]          org.apache.maven:maven-repository-metadata:jar:3.1.0:compile
[DEBUG]          org.apache.maven:maven-model-builder:jar:3.1.0:compile
[DEBUG]          org.apache.maven:maven-aether-provider:jar:3.1.0:compile
[DEBUG]             org.eclipse.aether:aether-spi:jar:0.9.0.M2:compile
[DEBUG]          org.eclipse.aether:aether-impl:jar:0.9.0.M2:compile
[DEBUG]          org.eclipse.aether:aether-api:jar:0.9.0.M2:compile
[DEBUG]          org.codehaus.plexus:plexus-interpolation:jar:1.16:compile
[DEBUG]          org.codehaus.plexus:plexus-classworlds:jar:2.4.2:compile
[DEBUG]       org.apache.maven:maven-artifact:jar:3.0:compile
[DEBUG]       org.apache.maven.shared:maven-common-artifact-filters:jar:3.0.1:compile
[DEBUG]          org.sonatype.sisu:sisu-inject-plexus:jar:1.4.2:compile
[DEBUG]             org.sonatype.sisu:sisu-inject-bean:jar:1.4.2:compile
[DEBUG]                org.sonatype.sisu:sisu-guice:jar:noaop:2.1.7:compile
[DEBUG]       commons-codec:commons-codec:jar:1.11:compile
[DEBUG]    org.jetbrains:annotations:jar:20.1.0:compile
[DEBUG]    com.github.spotbugs:spotbugs-annotations:jar:4.1.4:compile
[DEBUG]       com.google.code.findbugs:jsr305:jar:3.0.2:compile
[DEBUG] Created new class realm plugin>org.owasp:dependency-check-maven:6.0.4-SNAPSHOT
[DEBUG] Importing foreign packages into class realm plugin>org.owasp:dependency-check-maven:6.0.4-SNAPSHOT
[DEBUG]   Imported:  < maven.api
[DEBUG] Populating class realm plugin>org.owasp:dependency-check-maven:6.0.4-SNAPSHOT
[DEBUG]   Included: org.owasp:dependency-check-maven:jar:6.0.4-SNAPSHOT
[DEBUG]   Included: org.owasp:dependency-check-core:jar:6.0.4-SNAPSHOT
[DEBUG]   Included: org.anarres.jdiagnostics:jdiagnostics:jar:1.0.6
[DEBUG]   Included: org.whitesource:pecoff4j:jar:0.0.2.1
[DEBUG]   Included: org.apache.commons:commons-jcs-core:jar:2.2.1
[DEBUG]   Included: commons-logging:commons-logging:jar:1.2
[DEBUG]   Included: com.github.package-url:packageurl-java:jar:1.1.1
[DEBUG]   Included: us.springett:cpe-parser:jar:2.0.2
[DEBUG]   Included: com.vdurmont:semver4j:jar:3.1.0
[DEBUG]   Included: commons-collections:commons-collections:jar:3.2.2
[DEBUG]   Included: org.apache.commons:commons-compress:jar:1.20
[DEBUG]   Included: commons-io:commons-io:jar:2.8.0
[DEBUG]   Included: org.apache.commons:commons-lang3:jar:3.11
[DEBUG]   Included: org.apache.commons:commons-text:jar:1.9
[DEBUG]   Included: org.apache.lucene:lucene-core:jar:8.7.0
[DEBUG]   Included: org.apache.lucene:lucene-analyzers-common:jar:8.7.0
[DEBUG]   Included: org.apache.lucene:lucene-queryparser:jar:8.7.0
[DEBUG]   Included: org.apache.lucene:lucene-queries:jar:8.7.0
[DEBUG]   Included: org.apache.lucene:lucene-sandbox:jar:8.7.0
[DEBUG]   Included: org.apache.velocity:velocity-engine-core:jar:2.2
[DEBUG]   Included: com.h2database:h2:jar:1.4.199
[DEBUG]   Included: org.glassfish:javax.json:jar:1.1.4
[DEBUG]   Included: org.jsoup:jsoup:jar:1.13.1
[DEBUG]   Included: com.sun.mail:mailapi:jar:1.6.5
[DEBUG]   Included: com.sun.activation:jakarta.activation:jar:1.2.1
[DEBUG]   Included: com.fasterxml.jackson.core:jackson-databind:jar:2.12.0
[DEBUG]   Included: com.fasterxml.jackson.core:jackson-annotations:jar:2.12.0
[DEBUG]   Included: com.fasterxml.jackson.core:jackson-core:jar:2.12.0
[DEBUG]   Included: com.fasterxml.jackson.module:jackson-module-afterburner:jar:2.12.0
[DEBUG]   Included: com.google.guava:guava:jar:30.0-jre
[DEBUG]   Included: com.google.guava:failureaccess:jar:1.0.1
[DEBUG]   Included: com.google.guava:listenablefuture:jar:9999.0-empty-to-avoid-conflict-with-guava
[DEBUG]   Included: org.checkerframework:checker-qual:jar:3.5.0
[DEBUG]   Included: com.google.errorprone:error_prone_annotations:jar:2.3.4
[DEBUG]   Included: com.google.j2objc:j2objc-annotations:jar:1.3
[DEBUG]   Included: com.h3xstream.retirejs:retirejs-core:jar:3.0.2
[DEBUG]   Included: org.json:json:jar:20190722
[DEBUG]   Included: com.esotericsoftware:minlog:jar:1.3.1
[DEBUG]   Included: com.github.spullara.mustache.java:compiler:jar:0.9.6
[DEBUG]   Included: org.sonatype.ossindex:ossindex-service-client:jar:1.6.0
[DEBUG]   Included: org.sonatype.ossindex:ossindex-service-api:jar:1.6.0
[DEBUG]   Included: javax.ws.rs:javax.ws.rs-api:jar:2.0.1
[DEBUG]   Included: org.sonatype.goodies:package-url-java:jar:1.1.1
[DEBUG]   Included: org.slf4j:jcl-over-slf4j:jar:1.7.28
[DEBUG]   Included: joda-time:joda-time:jar:2.10.4
[DEBUG]   Included: com.google.code.gson:gson:jar:2.8.5
[DEBUG]   Included: com.moandjiezana.toml:toml4j:jar:0.7.2
[DEBUG]   Included: com.hankcs:aho-corasick-double-array-trie:jar:1.2.2
[DEBUG]   Included: commons-validator:commons-validator:jar:1.7
[DEBUG]   Included: commons-digester:commons-digester:jar:2.1
[DEBUG]   Included: commons-beanutils:commons-beanutils:jar:1.9.4
[DEBUG]   Included: org.owasp:dependency-check-utils:jar:6.0.4-SNAPSHOT
[DEBUG]   Included: org.apache.maven.shared:file-management:jar:3.0.0
[DEBUG]   Included: javax.enterprise:cdi-api:jar:1.0
[DEBUG]   Included: org.sonatype.sisu:sisu-guice:jar:no_aop:3.1.0
[DEBUG]   Included: aopalliance:aopalliance:jar:1.0
[DEBUG]   Included: org.eclipse.sisu:org.eclipse.sisu.inject:jar:0.0.0.M2a
[DEBUG]   Included: asm:asm:jar:3.3.1
[DEBUG]   Included: org.apache.maven.shared:maven-shared-io:jar:3.0.0
[DEBUG]   Included: org.apache.maven.shared:maven-shared-utils:jar:3.0.0
[DEBUG]   Included: org.codehaus.plexus:plexus-utils:jar:3.3.0
[DEBUG]   Included: org.apache.maven.reporting:maven-reporting-api:jar:3.0
[DEBUG]   Included: org.apache.maven.doxia:doxia-sink-api:jar:1.0
[DEBUG]   Included: org.sonatype.plexus:plexus-sec-dispatcher:jar:1.4
[DEBUG]   Included: org.sonatype.plexus:plexus-cipher:jar:1.4
[DEBUG]   Included: org.apache.maven.shared:maven-dependency-tree:jar:3.0.1
[DEBUG]   Included: org.codehaus.plexus:plexus-component-annotations:jar:1.6
[DEBUG]   Included: org.eclipse.aether:aether-util:jar:0.9.0.M2
[DEBUG]   Included: org.apache.maven.shared:maven-artifact-transfer:jar:0.12.0
[DEBUG]   Included: org.codehaus.plexus:plexus-interpolation:jar:1.16
[DEBUG]   Included: org.apache.maven.shared:maven-common-artifact-filters:jar:3.0.1
[DEBUG]   Included: org.sonatype.sisu:sisu-inject-bean:jar:1.4.2
[DEBUG]   Included: org.sonatype.sisu:sisu-guice:jar:noaop:2.1.7
[DEBUG]   Included: commons-codec:commons-codec:jar:1.11
[DEBUG]   Included: org.jetbrains:annotations:jar:20.1.0
[DEBUG]   Included: com.github.spotbugs:spotbugs-annotations:jar:4.1.4
[DEBUG]   Included: com.google.code.findbugs:jsr305:jar:3.0.2
[DEBUG] Configuring mojo org.owasp:dependency-check-maven:6.0.4-SNAPSHOT:aggregate from plugin realm ClassRealm[plugin>org.owasp:dependency-check-maven:6.0.4-SNAPSHOT, parent: sun.misc.Launcher$AppClassLoader@70dea4e]
[DEBUG] Configuring mojo 'org.owasp:dependency-check-maven:6.0.4-SNAPSHOT:aggregate' with basic configurator -->
[DEBUG]   (f) artifactoryAnalyzerParallelAnalysis = true
[DEBUG]   (f) enableExperimental = true
[DEBUG]   (f) failBuildOnAnyVulnerability = false
[DEBUG]   (f) failBuildOnCVSS = 0.0
[DEBUG]   (f) failOnError = true
[DEBUG]   (f) format = HTML
[DEBUG]   (f) formats = [all]
[DEBUG]   (f) hintsFile = /Users/jeremy/Projects/odc-falsepositives/src/main/resources/hints.xml
[DEBUG]   (f) junitFailOnCVSS = 6.0
[DEBUG]   (f) mavenSettings = org.apache.maven.execution.SettingsAdapter@5e671e20
[DEBUG]   (f) name = dependency-check:aggregate
[DEBUG]   (f) outputDirectory = /Users/jeremy/Projects/odc-falsepositives/target
[DEBUG]   (f) prettyPrint = true
[DEBUG]   (f) project = MavenProject: com.mycompany:odc-falsepositives:1.0-SNAPSHOT @ /Users/jeremy/Projects/odc-falsepositives/pom.xml
[DEBUG]   (f) reactorProjects = [MavenProject: com.mycompany:odc-falsepositives:1.0-SNAPSHOT @ /Users/jeremy/Projects/odc-falsepositives/pom.xml]
[DEBUG]   (s) reportOutputDirectory = /Users/jeremy/Projects/odc-falsepositives/target/reports
[DEBUG]   (f) filters = [Test2\s*JavaScript, two]
[DEBUG]   (f) filterNonVulnerable = false
[DEBUG]   (f) retirejs = org.owasp.dependencycheck.maven.Retirejs@46c3a14d
[DEBUG]   (f) scanDirectory = []
[DEBUG]   (s) directory = src/test
[DEBUG]   (s) directory = src/main
[DEBUG]   (f) scanSet = [org.apache.maven.shared.model.fileset.FileSet@61a1ea2c, org.apache.maven.shared.model.fileset.FileSet@149debbb]
[DEBUG]   (f) session = org.apache.maven.execution.MavenSession@32057e6
[DEBUG]   (f) settingsXml = org.apache.maven.execution.SettingsAdapter@5e671e20
[DEBUG]   (f) showSummary = true
[DEBUG]   (f) skip = false
[DEBUG]   (f) skipDependencyManagement = true
[DEBUG]   (f) skipProvidedScope = false
[DEBUG]   (f) skipRuntimeScope = false
[DEBUG]   (f) skipSystemScope = false
[DEBUG]   (f) skipTestScope = true
[DEBUG]   (f) suppressionFiles = [/Users/jeremy/Projects/odc-falsepositives/src/main/conf/suppression.xml]
[DEBUG]   (f) versionCheckEnabled = true
[DEBUG]   (f) virtualSnapshotsFromReactor = true
[DEBUG] -- end configuration --
[DEBUG] Properties loaded:

analyzer.cocoapods.enabled='true'
proxy.disableSchemas='true'
cve.url.modified.validfordays='7'
cve.url.base='https://nvd.nist.gov/feeds/json/cve/1.1/nvdcve-1.1-%d.json.gz'
analyzer.dependencybundling.enabled='true'
cve.url.original='https://nvd.nist.gov/feeds/json/cve/1.1/nvdcve-1.1-modified.json.gz'
odc.ecosystem.maxquerylimit.native='1000'
data.connection_string='jdbc:h2:file:%s;AUTOCOMMIT=ON;CACHE_SIZE=65536;RETENTION_TIME=1000;MAX_COMPACT_TIME=10000;'
archive.scan.depth='3'
analyzer.cmake.enabled='true'
analyzer.pipfile.enabled='true'
odc.application.name='Dependency-Check Core'
analyzer.retirejs.repo.validforhours='24'
analyzer.node.package.enabled='true'
analyzer.pe.enabled='true'
analyzer.central.url='https://search.maven.org/solrsearch/select'
downloader.quick.query.timestamp='true'
analyzer.retirejs.repo.js.url='https://raw.githubusercontent.com/Retirejs/retire.js/master/repository/jsrepository.json'
analyzer.archive.enabled='true'
cpe.url='https://static.nvd.nist.gov/feeds/xml/cpe/dictionary/official-cpe-dictionary_v2.3.xml.gz'
analyzer.ossindex.url='https://ossindex.sonatype.org'
analyzer.nvdcve.enabled='true'
analyzer.jar.enabled='true'
analyzer.knownexploited.enabled=true
analyzer.cpe.enabled='true'
data.writelock.shutdownhook='org.owasp.dependencycheck.utils.WriteLockCleanupHook'
analyzer.central.query='%s?q=1:%s&wt=xml'
analyzer.bundle.audit.enabled='true'
analyzer.node.audit.use.cache='true'
analyzer.dependencymerging.enabled='true'
odc.settings.mask='.*password.*,.*token.*'
cpe.validfordays='30'
junit.fail.on.cvss='0'
central.content.url='https://search.maven.org/remotecontent?filepath='
analyzer.node.audit.url='https://registry.npmjs.org/-/npm/v1/security/audits'
odc.application.version='6.0.4-SNAPSHOT'
analyzer.msbuildproject.enabled='true'
data.user='dcuser'
engine.version.url='https://jeremylong.github.io/DependencyCheck/current.txt'
analyzer.autoconf.enabled='true'
odc.autoupdate='true'
analyzer.cpesuppression.enabled='true'
analyzer.retirejs.enabled='true'
cve.check.validforhours='4'
analyzer.versionfilter.enabled='true'
analyzer.assembly.enabled='true'
cve.cpe.startswith.filter='cpe:2.3:a:'
analyzer.golang.dep.enabled='true'
odc.analysis.timeout='30'
analyzer.nexus.url='https://repository.sonatype.org/service/local/'
analyzer.hint.enabled='true'
analyzer.retired.enabled='false'
database.batchinsert.enabled='true'
analyzer.openssl.enabled='true'
analyzer.swift.package.manager.enabled='true'
analyzer.nuspec.enabled='true'
analyzer.central.retry.count='7'
analyzer.central.use.cache='true'
updater.nvdcve.enabled='true'
analyzer.mix.audit.enabled='true'
max.download.threads='2'
analyzer.central.enabled='true'
analyzer.python.distribution.enabled='true'
analyzer.nexus.enabled='false'
odc.reports.pretty.print='false'
analyzer.artifactory.enabled='false'
analyzer.retirejs.filternonvulnerable='false'
analyzer.ossindex.enabled='true'
analyzer.central.parallel.analysis='false'
analyzer.nexus.proxy='true'
cve.startyear='2002'
odc.ecosystem.maxquerylimit.default='100'
data.file_name='odc.mv.db'
nvd.newyear.grace.period='10'
downloader.tls.protocols='TLSv1.1,TLSv1.2,TLSv1.3'
analyzer.ruby.gemspec.enabled='true'
analyzer.composer.lock.enabled='true'
data.version='5.0'
analyzer.vulnerabilitysuppression.enabled='true'
data.directory='[JAR]/data'
analyzer.experimental.enabled='false'
analyzer.golang.mod.enabled='true'
analyzer.filename.enabled='true'
analyzer.ossindex.use.cache='true'
analyzer.python.package.enabled='true'
data.driver_path=''
updater.versioncheck.enabled='true'
ecosystem.skip.cpeanalyzer='npm'
analyzer.pip.enabled='true'
analyzer.falsepositive.enabled='true'
analyzer.node.audit.enabled='true'
analyzer.npm.cpe.enabled='true'
data.driver_name='org.h2.Driver'
database.batchinsert.maxsize='1000'
data.password='********'
analyzer.nugetconf.enabled='true'
cve.url.modified='https://nvd.nist.gov/feeds/json/cve/1.1/nvdcve-1.1-modified.json.gz'

[DEBUG] Properties updated via merge:

analyzer.cocoapods.enabled='true'
proxy.disableSchemas='true'
cve.url.modified.validfordays='7'
cve.url.base='https://nvd.nist.gov/feeds/json/cve/1.1/nvdcve-1.1-%d.json.gz'
analyzer.dependencybundling.enabled='true'
cve.url.original='https://nvd.nist.gov/feeds/json/cve/1.1/nvdcve-1.1-modified.json.gz'
odc.ecosystem.maxquerylimit.native='1000'
data.connection_string='jdbc:h2:file:%s;AUTOCOMMIT=ON;CACHE_SIZE=65536;RETENTION_TIME=1000;MAX_COMPACT_TIME=10000;'
archive.scan.depth='3'
analyzer.cmake.enabled='true'
analyzer.pipfile.enabled='true'
odc.application.name='Dependency-Check Core'
analyzer.retirejs.repo.validforhours='24'
analyzer.node.package.enabled='true'
analyzer.pe.enabled='true'
analyzer.central.url='https://search.maven.org/solrsearch/select'
downloader.quick.query.timestamp='true'
analyzer.retirejs.repo.js.url='https://raw.githubusercontent.com/Retirejs/retire.js/master/repository/jsrepository.json'
analyzer.archive.enabled='true'
cpe.url='https://static.nvd.nist.gov/feeds/xml/cpe/dictionary/official-cpe-dictionary_v2.3.xml.gz'
analyzer.ossindex.url='https://ossindex.sonatype.org'
analyzer.nvdcve.enabled='true'
analyzer.jar.enabled='true'
analyzer.cpe.enabled='true'
data.writelock.shutdownhook='org.owasp.dependencycheck.utils.WriteLockCleanupHook'
analyzer.central.query='%s?q=1:%s&wt=xml'
analyzer.bundle.audit.enabled='true'
analyzer.node.audit.use.cache='true'
analyzer.dependencymerging.enabled='true'
odc.settings.mask='.*password.*,.*token.*'
cpe.validfordays='30'
junit.fail.on.cvss='0'
central.content.url='https://search.maven.org/remotecontent?filepath='
analyzer.node.audit.url='https://registry.npmjs.org/-/npm/v1/security/audits'
odc.application.version='6.0.4-SNAPSHOT'
analyzer.msbuildproject.enabled='true'
data.user='dcuser'
engine.version.url='https://jeremylong.github.io/DependencyCheck/current.txt'
analyzer.autoconf.enabled='true'
odc.autoupdate='true'
analyzer.cpesuppression.enabled='true'
analyzer.retirejs.enabled='true'
cve.check.validforhours='4'
analyzer.versionfilter.enabled='true'
analyzer.assembly.enabled='true'
cve.cpe.startswith.filter='cpe:2.3:a:'
analyzer.golang.dep.enabled='true'
odc.analysis.timeout='30'
analyzer.nexus.url='https://repository.sonatype.org/service/local/'
analyzer.hint.enabled='true'
analyzer.retired.enabled='false'
database.batchinsert.enabled='true'
analyzer.openssl.enabled='true'
analyzer.swift.package.manager.enabled='true'
analyzer.nuspec.enabled='true'
analyzer.central.retry.count='7'
analyzer.central.use.cache='true'
updater.nvdcve.enabled='true'
analyzer.mix.audit.enabled='true'
max.download.threads='2'
analyzer.central.enabled='false'
analyzer.python.distribution.enabled='true'
analyzer.nexus.enabled='false'
odc.reports.pretty.print='false'
analyzer.artifactory.enabled='false'
analyzer.retirejs.filternonvulnerable='false'
analyzer.ossindex.enabled='true'
analyzer.central.parallel.analysis='false'
analyzer.nexus.proxy='true'
cve.startyear='2002'
odc.ecosystem.maxquerylimit.default='100'
data.file_name='odc.mv.db'
nvd.newyear.grace.period='10'
downloader.tls.protocols='TLSv1.1,TLSv1.2,TLSv1.3'
analyzer.ruby.gemspec.enabled='true'
analyzer.composer.lock.enabled='true'
data.version='5.0'
analyzer.vulnerabilitysuppression.enabled='true'
data.directory='[JAR]/../../dependency-check-data/5.0'
analyzer.experimental.enabled='false'
analyzer.golang.mod.enabled='true'
analyzer.filename.enabled='true'
analyzer.ossindex.use.cache='true'
analyzer.python.package.enabled='true'
data.driver_path=''
updater.versioncheck.enabled='true'
ecosystem.skip.cpeanalyzer='npm'
analyzer.pip.enabled='true'
analyzer.falsepositive.enabled='true'
analyzer.node.audit.enabled='true'
analyzer.npm.cpe.enabled='true'
data.driver_name='org.h2.Driver'
database.batchinsert.maxsize='1000'
data.password='********'
analyzer.nugetconf.enabled='true'
cve.url.modified='https://nvd.nist.gov/feeds/json/cve/1.1/nvdcve-1.1-modified.json.gz'

[DEBUG] Setting: analyzer.experimental.enabled='true'
[DEBUG] Setting: suppression.file='["/Users/jeremy/Projects/odc-falsepositives/src/main/conf/suppression.xml"]'
[DEBUG] Setting: updater.versioncheck.enabled='true'
[DEBUG] Setting: hints.file='/Users/jeremy/Projects/odc-falsepositives/src/main/resources/hints.xml'
[DEBUG] Setting: junit.fail.on.cvss='6.0'
[DEBUG] Setting: analyzer.artifactory.parallel.analysis='true'
[DEBUG] Setting: analyzer.retirejs.filternonvulnerable='false'
[DEBUG] Setting: analyzer.retirejs.filters='["Test2\\s*JavaScript","two"]'
[DEBUG] Setting: odc.reports.pretty.print='true'
[DEBUG] Loaded Analyzer Archive Analyzer
[DEBUG] Loaded Analyzer File Name Analyzer
[DEBUG] Loaded Analyzer PE Analyzer
[DEBUG] Loaded Analyzer Jar Analyzer
[DEBUG] Loaded Analyzer Hint Analyzer
[DEBUG] Loaded Analyzer CPE Analyzer
[DEBUG] Loaded Analyzer NPM CPE Analyzer
[DEBUG] Loaded Analyzer False Positive Analyzer
[DEBUG] Loaded Analyzer Dependency Bundling Analyzer
[DEBUG] Loaded Analyzer Dependency Merging Analyzer
[DEBUG] Loaded Analyzer NVD CVE Analyzer
[DEBUG] Loaded Analyzer Vulnerability Suppression Analyzer
[DEBUG] Loaded Analyzer Central Analyzer
[DEBUG] Loaded Analyzer Nexus Analyzer
[DEBUG] Loaded Analyzer Artifactory Analyzer
[DEBUG] Loaded Analyzer Nuspec Analyzer
[DEBUG] Loaded Analyzer Nugetconf Analyzer
[DEBUG] Loaded Analyzer MSBuild Project Analyzer
[DEBUG] Loaded Analyzer Assembly Analyzer
[DEBUG] Loaded Analyzer Python Distribution Analyzer
[DEBUG] Loaded Analyzer Python Package Analyzer
[DEBUG] Loaded Analyzer pip Analyzer
[DEBUG] Loaded Analyzer Pipfile Analyzer
[DEBUG] Loaded Analyzer Autoconf Analyzer
[DEBUG] Loaded Analyzer OpenSSL Source Analyzer
[DEBUG] Loaded Analyzer CMake Analyzer
[DEBUG] Loaded Analyzer Node.js Package Analyzer
[DEBUG] Loaded Analyzer Node Audit Analyzer
[DEBUG] Loaded Analyzer Golang Mod Analyzer
[DEBUG] Loaded Analyzer Golang Dep Analyzer
[DEBUG] Loaded Analyzer RetireJS Analyzer
[DEBUG] Loaded Analyzer Ruby Gemspec Analyzer
[DEBUG] Loaded Analyzer Ruby Bundler Analyzer
[DEBUG] Loaded Analyzer Ruby Bundle Audit Analyzer
[DEBUG] Loaded Analyzer Elixir Mix Audit Analyzer
[DEBUG] Loaded Analyzer Composer.lock analyzer
[DEBUG] Loaded Analyzer CocoaPods Package Analyzer
[DEBUG] Loaded Analyzer SWIFT Package Manager Analyzer
[DEBUG] Loaded Analyzer Version Filter Analyzer
[DEBUG] Loaded Analyzer Sonatype OSS Index Analyzer
[DEBUG] Settings.getDataFile() - file: '[JAR]/../../dependency-check-data/5.0'
[DEBUG] Settings.getDataFile() - transforming filename
[DEBUG] Settings.getDataFile() - jar file: '/Users/jeremy/.m2/repository/org/owasp/dependency-check-utils/6.0.4-SNAPSHOT'
[DEBUG] Settings.getDataFile() - returning: '/Users/jeremy/.m2/repository/org/owasp/dependency-check-utils/6.0.4-SNAPSHOT/../../dependency-check-data/5.0'
[DEBUG] Setting property [maxMemoryIdleTimeSeconds] to [3600].
[DEBUG] Setting property [diskUsagePattern] to [UPDATE].
[DEBUG] Setting property [shrinkerIntervalSeconds] to [60].
[DEBUG] Setting property [maxObjects] to [0].
[DEBUG] Setting property [memoryCacheName] to [org.apache.commons.jcs.engine.memory.lru.LRUMemoryCache].
[DEBUG] Setting property [useMemoryShrinker] to [false].
[DEBUG] Setting property [isEternal] to [false].
[DEBUG] Setting property [isSpool] to [true].
[DEBUG] Setting property [isLateral] to [false].
[DEBUG] Setting property [isRemote] to [false].
[DEBUG] Setting property [idleTime] to [1800].
[DEBUG] Setting property [maxLife] to [86400].
[DEBUG] Setting property [maxLife] to [7776000].
[DEBUG] Setting property [isSpool] to [true].
[DEBUG] Setting property [isRemote] to [false].
[DEBUG] Setting property [isLateral] to [false].
[DEBUG] Setting property [maxObjects] to [0].
[DEBUG] Setting property [diskUsagePattern] to [UPDATE].
[DEBUG] Setting property [diskPath] to [/Users/jeremy/.m2/repository/org/owasp/dependency-check-data/5.0/cache].
[DEBUG] Setting property [optimizeAtRemoveCount] to [300000].
[DEBUG] Setting property [eventQueueType] to [POOLED].
[DEBUG] Setting property [shutdownSpoolTimeLimit] to [60].
[DEBUG] Setting property [maxPurgatorySize] to [10000000].
[DEBUG] Setting property [maxKeySize] to [1000000].
[DEBUG] Setting property [eventQueuePoolName] to [disk_cache_event_queue].
[DEBUG] Creating DiskCache for attributes = IndexedDiskCacheAttributes 
 diskPath = /Users/jeremy/.m2/repository/org/owasp/dependency-check-data/5.0/cache
 maxPurgatorySize   = 10000000
 maxKeySize  = 1000000
 optimizeAtRemoveCount  = 300000
 shutdownSpoolTimeLimit  = 60
 optimizeOnShutdown  = true
 clearDiskOnStartup  = false
[DEBUG] threadPoolName = [disk_cache_event_queue] poolType = POOLED 
[DEBUG] Constructed: CacheEventQueue [listenerId=1282497562, cacheName=POM]
[DEBUG] Setting property [isRemote] to [false].
[DEBUG] Setting property [isSpool] to [true].
[DEBUG] Setting property [isLateral] to [false].
[DEBUG] Setting property [maxLife] to [86400].
[DEBUG] Setting property [diskUsagePattern] to [UPDATE].
[DEBUG] Setting property [maxObjects] to [0].
[DEBUG] Setting property [diskPath] to [/Users/jeremy/.m2/repository/org/owasp/dependency-check-data/5.0/cache].
[DEBUG] Setting property [optimizeAtRemoveCount] to [300000].
[DEBUG] Setting property [eventQueueType] to [POOLED].
[DEBUG] Setting property [shutdownSpoolTimeLimit] to [60].
[DEBUG] Setting property [maxPurgatorySize] to [10000000].
[DEBUG] Setting property [maxKeySize] to [1000000].
[DEBUG] Setting property [eventQueuePoolName] to [disk_cache_event_queue].
[DEBUG] Creating DiskCache for attributes = IndexedDiskCacheAttributes 
 diskPath = /Users/jeremy/.m2/repository/org/owasp/dependency-check-data/5.0/cache
 maxPurgatorySize   = 10000000
 maxKeySize  = 1000000
 optimizeAtRemoveCount  = 300000
 shutdownSpoolTimeLimit  = 60
 optimizeOnShutdown  = true
 clearDiskOnStartup  = false
[DEBUG] threadPoolName = [disk_cache_event_queue] poolType = POOLED 
[DEBUG] Constructed: CacheEventQueue [listenerId=1282497562, cacheName=NODEAUDIT]
[DEBUG] Setting property [isLateral] to [false].
[DEBUG] Setting property [maxLife] to [2592000].
[DEBUG] Setting property [isRemote] to [false].
[DEBUG] Setting property [isSpool] to [true].
[DEBUG] Setting property [diskUsagePattern] to [UPDATE].
[DEBUG] Setting property [maxObjects] to [0].
[DEBUG] Setting property [diskPath] to [/Users/jeremy/.m2/repository/org/owasp/dependency-check-data/5.0/cache].
[DEBUG] Setting property [optimizeAtRemoveCount] to [300000].
[DEBUG] Setting property [eventQueueType] to [POOLED].
[DEBUG] Setting property [shutdownSpoolTimeLimit] to [60].
[DEBUG] Setting property [maxPurgatorySize] to [10000000].
[DEBUG] Setting property [maxKeySize] to [1000000].
[DEBUG] Setting property [eventQueuePoolName] to [disk_cache_event_queue].
[DEBUG] Creating DiskCache for attributes = IndexedDiskCacheAttributes 
 diskPath = /Users/jeremy/.m2/repository/org/owasp/dependency-check-data/5.0/cache
 maxPurgatorySize   = 10000000
 maxKeySize  = 1000000
 optimizeAtRemoveCount  = 300000
 shutdownSpoolTimeLimit  = 60
 optimizeOnShutdown  = true
 clearDiskOnStartup  = false
[DEBUG] threadPoolName = [disk_cache_event_queue] poolType = POOLED 
[DEBUG] Constructed: CacheEventQueue [listenerId=1282497562, cacheName=CENTRAL]
[DEBUG] building maven31 dependency graph for com.mycompany:odc-falsepositives:war:1.0-SNAPSHOT with Maven31DependencyGraphBuilder
[DEBUG] Dependency collection stats: {ConflictMarker.analyzeTime=23668, ConflictMarker.markTime=20811, ConflictMarker.nodeCount=4, ConflictIdSorter.graphTime=3878, ConflictIdSorter.topsortTime=8090, ConflictIdSorter.conflictIdCount=3, ConflictIdSorter.conflictIdCycleCount=0, ConflictResolver.totalTime=45805, ConflictResolver.conflictItemCount=3, DefaultDependencyCollector.collectTime=2008238, DefaultDependencyCollector.transformTime=110820}
[DEBUG] com.mycompany:odc-falsepositives:war:1.0-SNAPSHOT
[DEBUG]    junit:junit:jar:4.13.1:compile
[DEBUG]       org.hamcrest:hamcrest-core:jar:1.3:compile
[DEBUG]    javax.servlet:servlet-api:jar:2.5:provided
[DEBUG] Skipping artifact junit, already resolved
[DEBUG] Adding new maven identifier junit:junit:4.13.1
[DEBUG] Adding project reference odc-falsepositives on dependency junit-4.13.1.jar
[DEBUG] Skipping artifact hamcrest-core, already resolved
[DEBUG] Adding new maven identifier org.hamcrest:hamcrest-core:1.3
[DEBUG] Adding project reference odc-falsepositives on dependency hamcrest-core-1.3.jar
[DEBUG] Skipping artifact servlet-api, already resolved
[DEBUG] Adding new maven identifier javax.servlet:servlet-api:2.5
[DEBUG] Adding project reference odc-falsepositives on dependency servlet-api-2.5.jar
[DEBUG] Scanning fileSet: /Users/jeremy/Projects/odc-falsepositives/src/test
[DEBUG] Scanning fileSet: /Users/jeremy/Projects/odc-falsepositives/src/main
[DEBUG] Collecting descendants of odc-falsepositives
[DEBUG] MavenProject: com.mycompany:odc-falsepositives:1.0-SNAPSHOT @ /Users/jeremy/Projects/odc-falsepositives/pom.xml has 0 children
[DEBUG] Settings.getDataFile() - file: '[JAR]/../../dependency-check-data/5.0'
[DEBUG] Settings.getDataFile() - transforming filename
[DEBUG] Settings.getDataFile() - jar file: '/Users/jeremy/.m2/repository/org/owasp/dependency-check-utils/6.0.4-SNAPSHOT'
[DEBUG] Settings.getDataFile() - returning: '/Users/jeremy/.m2/repository/org/owasp/dependency-check-utils/6.0.4-SNAPSHOT/../../dependency-check-data/5.0'
[DEBUG] Data directory: /Users/jeremy/.m2/repository/org/owasp/dependency-check-utils/6.0.4-SNAPSHOT/../../dependency-check-data/5.0
[DEBUG] Connection String: 'jdbc:h2:file:/Users/jeremy/.m2/repository/org/owasp/dependency-check-data/5.0/odc;AUTOCOMMIT=ON;CACHE_SIZE=65536;RETENTION_TIME=1000;MAX_COMPACT_TIME=10000;'
[DEBUG] Settings.getDataFile() - file: '[JAR]/../../dependency-check-data/5.0'
[DEBUG] Settings.getDataFile() - transforming filename
[DEBUG] Settings.getDataFile() - jar file: '/Users/jeremy/.m2/repository/org/owasp/dependency-check-utils/6.0.4-SNAPSHOT'
[DEBUG] Settings.getDataFile() - returning: '/Users/jeremy/.m2/repository/org/owasp/dependency-check-utils/6.0.4-SNAPSHOT/../../dependency-check-data/5.0'
[DEBUG] Lock file created (main) e15506f51761dcddcba4a65ddb9d4f81 @ 2020-12-10 06:38:19.281
[DEBUG] Loading driver 'org.h2.Driver'
[DEBUG] Settings.getDataFile() - file: '[JAR]/../../dependency-check-data/5.0'
[DEBUG] Settings.getDataFile() - transforming filename
[DEBUG] Settings.getDataFile() - jar file: '/Users/jeremy/.m2/repository/org/owasp/dependency-check-utils/6.0.4-SNAPSHOT'
[DEBUG] Settings.getDataFile() - returning: '/Users/jeremy/.m2/repository/org/owasp/dependency-check-utils/6.0.4-SNAPSHOT/../../dependency-check-data/5.0'
[DEBUG] Data directory: /Users/jeremy/.m2/repository/org/owasp/dependency-check-utils/6.0.4-SNAPSHOT/../../dependency-check-data/5.0
[DEBUG] Connection String: 'jdbc:h2:file:/Users/jeremy/.m2/repository/org/owasp/dependency-check-data/5.0/odc;AUTOCOMMIT=ON;CACHE_SIZE=65536;RETENTION_TIME=1000;MAX_COMPACT_TIME=10000;'
[DEBUG] Settings.getDataFile() - file: '[JAR]/../../dependency-check-data/5.0'
[DEBUG] Settings.getDataFile() - transforming filename
[DEBUG] Settings.getDataFile() - jar file: '/Users/jeremy/.m2/repository/org/owasp/dependency-check-utils/6.0.4-SNAPSHOT'
[DEBUG] Settings.getDataFile() - returning: '/Users/jeremy/.m2/repository/org/owasp/dependency-check-utils/6.0.4-SNAPSHOT/../../dependency-check-data/5.0'
[DEBUG] Need to create DB Structure: false
[DEBUG] Loading database connection
[DEBUG] Connection String: jdbc:h2:file:/Users/jeremy/.m2/repository/org/owasp/dependency-check-data/5.0/odc;AUTOCOMMIT=ON;CACHE_SIZE=65536;RETENTION_TIME=1000;MAX_COMPACT_TIME=10000;
[DEBUG] Database User: dcuser
[DEBUG] DC Schema: 5.0
[DEBUG] DB Schema: 5.0
[DEBUG] Database product: h2
[INFO] Checking for updates
[INFO] Skipping NVD check since last check was within 4 hours.
[DEBUG] Last NVD was at 1607598158, and now 1607600300 is within 14400 s.
[DEBUG] Begin Engine Version Check
[DEBUG] Last checked: 1605100983
[DEBUG] Now: 1607600300
[DEBUG] Current version: 6.0.4-SNAPSHOT
[DEBUG] Upgrade not needed
[DEBUG] Settings.getDataFile() - file: '[JAR]/../../dependency-check-data/5.0'
[DEBUG] Settings.getDataFile() - transforming filename
[DEBUG] Settings.getDataFile() - jar file: '/Users/jeremy/.m2/repository/org/owasp/dependency-check-utils/6.0.4-SNAPSHOT'
[DEBUG] Settings.getDataFile() - returning: '/Users/jeremy/.m2/repository/org/owasp/dependency-check-utils/6.0.4-SNAPSHOT/../../dependency-check-data/5.0'
[DEBUG] Last updated: 1607515075000
[DEBUG] Now: 1607600300244
[INFO] Skipping RetireJS update since last update was within 24 hours.
[DEBUG] Closing database
[DEBUG] Cache cleared
[DEBUG] Statments closed
[DEBUG] Connection closed
[DEBUG] Resources released
[DEBUG] Begin deregister driver
[DEBUG] End deregister driver
[INFO] Check for updates complete (117 ms)
[DEBUG] Settings.getDataFile() - file: '[JAR]/../../dependency-check-data/5.0'
[DEBUG] Settings.getDataFile() - transforming filename
[DEBUG] Settings.getDataFile() - jar file: '/Users/jeremy/.m2/repository/org/owasp/dependency-check-utils/6.0.4-SNAPSHOT'
[DEBUG] Settings.getDataFile() - returning: '/Users/jeremy/.m2/repository/org/owasp/dependency-check-utils/6.0.4-SNAPSHOT/../../dependency-check-data/5.0'
[DEBUG] Data directory: /Users/jeremy/.m2/repository/org/owasp/dependency-check-utils/6.0.4-SNAPSHOT/../../dependency-check-data/5.0
[DEBUG] Connection String: 'jdbc:h2:file:/Users/jeremy/.m2/repository/org/owasp/dependency-check-data/5.0/odc;AUTOCOMMIT=ON;CACHE_SIZE=65536;RETENTION_TIME=1000;MAX_COMPACT_TIME=10000;'
[DEBUG] Settings.getDataFile() - file: '[JAR]/../../dependency-check-data/5.0'
[DEBUG] Settings.getDataFile() - transforming filename
[DEBUG] Settings.getDataFile() - jar file: '/Users/jeremy/.m2/repository/org/owasp/dependency-check-utils/6.0.4-SNAPSHOT'
[DEBUG] Settings.getDataFile() - returning: '/Users/jeremy/.m2/repository/org/owasp/dependency-check-utils/6.0.4-SNAPSHOT/../../dependency-check-data/5.0'
[DEBUG] Temporary directory is `/var/folders/6h/sbwvnfnn7y1bnmplkf_7dkwh0000gn/T/dctemp380eeaf7-b880-467f-911e-26828c1a647c`
[DEBUG] copying database /Users/jeremy/.m2/repository/org/owasp/dependency-check-utils/6.0.4-SNAPSHOT/../../dependency-check-data/5.0/odc.mv.db to /var/folders/6h/sbwvnfnn7y1bnmplkf_7dkwh0000gn/T/dctemp380eeaf7-b880-467f-911e-26828c1a647c
[DEBUG] Setting: data.h2.directory='/var/folders/6h/sbwvnfnn7y1bnmplkf_7dkwh0000gn/T/dctemp380eeaf7-b880-467f-911e-26828c1a647c'
[DEBUG] Setting: data.connection_string='jdbc:h2:file:%s;AUTOCOMMIT=ON;CACHE_SIZE=65536;RETENTION_TIME=1000;MAX_COMPACT_TIME=10000;ACCESS_MODE_DATA=r'
[DEBUG] Loading driver 'org.h2.Driver'
[DEBUG] Settings.getDataFile() - file: '/var/folders/6h/sbwvnfnn7y1bnmplkf_7dkwh0000gn/T/dctemp380eeaf7-b880-467f-911e-26828c1a647c'
[DEBUG] Data directory: /var/folders/6h/sbwvnfnn7y1bnmplkf_7dkwh0000gn/T/dctemp380eeaf7-b880-467f-911e-26828c1a647c
[DEBUG] Connection String: 'jdbc:h2:file:/private/var/folders/6h/sbwvnfnn7y1bnmplkf_7dkwh0000gn/T/dctemp380eeaf7-b880-467f-911e-26828c1a647c/odc;AUTOCOMMIT=ON;CACHE_SIZE=65536;RETENTION_TIME=1000;MAX_COMPACT_TIME=10000;ACCESS_MODE_DATA=r'
[DEBUG] Settings.getDataFile() - file: '/var/folders/6h/sbwvnfnn7y1bnmplkf_7dkwh0000gn/T/dctemp380eeaf7-b880-467f-911e-26828c1a647c'
[DEBUG] Need to create DB Structure: false
[DEBUG] Loading database connection
[DEBUG] Connection String: jdbc:h2:file:/private/var/folders/6h/sbwvnfnn7y1bnmplkf_7dkwh0000gn/T/dctemp380eeaf7-b880-467f-911e-26828c1a647c/odc;AUTOCOMMIT=ON;CACHE_SIZE=65536;RETENTION_TIME=1000;MAX_COMPACT_TIME=10000;ACCESS_MODE_DATA=r
[DEBUG] Database User: dcuser
[DEBUG] DC Schema: 5.0
[DEBUG] DB Schema: 5.0
[DEBUG] Database product: h2
[DEBUG] Lock released (main) e15506f51761dcddcba4a65ddb9d4f81 @ 2020-12-10 06:38:20.855
[INFO] 

Dependency-Check is an open source tool performing a best effort analysis of 3rd party dependencies; false positives and false negatives may exist in the analysis performed by the tool. Use of the tool and the reporting provided constitutes acceptance for use in an AS IS condition, and there are NO warranties, implied or otherwise, with regard to the analysis or its use. Any use of the tool and the reporting provided is at the users risk. In no event shall the copyright holder or OWASP be held liable for any damages whatsoever arising out of or in connection with the use of this tool, the analysis performed, or the resulting report.


[DEBUG] 
----------------------------------------------------
BEGIN ANALYSIS
----------------------------------------------------
[INFO] Analysis Started
[DEBUG] Initializing Archive Analyzer
[DEBUG] Starting Archive Analyzer
[DEBUG] Parallel processing with up to 4 threads: Archive Analyzer.
[DEBUG] Begin Analysis of '/Users/jeremy/.m2/repository/junit/junit/4.13.1/junit-4.13.1.jar' (Archive Analyzer)
[DEBUG] Begin Analysis of '/Users/jeremy/.m2/repository/javax/servlet/servlet-api/2.5/servlet-api-2.5.jar' (Archive Analyzer)
[DEBUG] Begin Analysis of '/Users/jeremy/.m2/repository/org/hamcrest/hamcrest-core/1.3/hamcrest-core-1.3.jar' (Archive Analyzer)
[DEBUG] Entering finalize
[INFO] Finished Archive Analyzer (0 seconds)
[DEBUG] Initializing Ruby Bundle Audit Analyzer
[DEBUG] Skipping Ruby Bundle Audit Analyzer (not enabled)
[DEBUG] Initializing Elixir Mix Audit Analyzer
[DEBUG] Skipping Elixir Mix Audit Analyzer (not enabled)
[DEBUG] Initializing File Name Analyzer
[DEBUG] Starting File Name Analyzer
[DEBUG] Parallel processing with up to 4 threads: File Name Analyzer.
[DEBUG] Begin Analysis of '/Users/jeremy/.m2/repository/junit/junit/4.13.1/junit-4.13.1.jar' (File Name Analyzer)
[DEBUG] Begin Analysis of '/Users/jeremy/.m2/repository/javax/servlet/servlet-api/2.5/servlet-api-2.5.jar' (File Name Analyzer)
[DEBUG] Begin Analysis of '/Users/jeremy/.m2/repository/org/hamcrest/hamcrest-core/1.3/hamcrest-core-1.3.jar' (File Name Analyzer)
[INFO] Finished File Name Analyzer (0 seconds)
[DEBUG] Initializing Jar Analyzer
[DEBUG] Starting Jar Analyzer
[DEBUG] Parallel processing with up to 4 threads: Jar Analyzer.
[DEBUG] Begin Analysis of '/Users/jeremy/.m2/repository/junit/junit/4.13.1/junit-4.13.1.jar' (Jar Analyzer)
[DEBUG] Begin Analysis of '/Users/jeremy/.m2/repository/javax/servlet/servlet-api/2.5/servlet-api-2.5.jar' (Jar Analyzer)
[DEBUG] Begin Analysis of '/Users/jeremy/.m2/repository/org/hamcrest/hamcrest-core/1.3/hamcrest-core-1.3.jar' (Jar Analyzer)
[INFO] Finished Jar Analyzer (0 seconds)
[DEBUG] Initializing Central Analyzer
[DEBUG] Central Analyzer has been disabled
[DEBUG] Skipping Central Analyzer (not enabled)
[DEBUG] Initializing Nexus Analyzer
[DEBUG] Nexus Analyzer has been disabled
[DEBUG] Skipping Nexus Analyzer (not enabled)
[DEBUG] Initializing Artifactory Analyzer
[DEBUG] Artifactory Analyzer has been disabled
[DEBUG] Skipping Artifactory Analyzer (not enabled)
[DEBUG] Initializing Nuspec Analyzer
[DEBUG] Skipping Nuspec Analyzer (not enabled)
[DEBUG] Initializing Nugetconf Analyzer
[DEBUG] Skipping Nugetconf Analyzer (not enabled)
[DEBUG] Initializing MSBuild Project Analyzer
[DEBUG] Skipping MSBuild Project Analyzer (not enabled)
[DEBUG] Initializing Assembly Analyzer
[DEBUG] Skipping Assembly Analyzer (not enabled)
[DEBUG] Initializing Python Distribution Analyzer
[DEBUG] Skipping Python Distribution Analyzer (not enabled)
[DEBUG] Initializing Python Package Analyzer
[DEBUG] Skipping Python Package Analyzer (not enabled)
[DEBUG] Initializing pip Analyzer
[DEBUG] Skipping pip Analyzer (not enabled)
[DEBUG] Initializing Pipfile Analyzer
[DEBUG] Skipping Pipfile Analyzer (not enabled)
[DEBUG] Initializing Autoconf Analyzer
[DEBUG] Skipping Autoconf Analyzer (not enabled)
[DEBUG] Initializing OpenSSL Source Analyzer
[DEBUG] Skipping OpenSSL Source Analyzer (not enabled)
[DEBUG] Initializing CMake Analyzer
[DEBUG] Skipping CMake Analyzer (not enabled)
[DEBUG] Initializing Node.js Package Analyzer
[DEBUG] Skipping Node.js Package Analyzer (not enabled)
[DEBUG] Initializing Golang Mod Analyzer
[DEBUG] Skipping Golang Mod Analyzer (not enabled)
[DEBUG] Initializing Golang Dep Analyzer
[DEBUG] Skipping Golang Dep Analyzer (not enabled)
[DEBUG] Initializing Ruby Gemspec Analyzer
[DEBUG] Skipping Ruby Gemspec Analyzer (not enabled)
[DEBUG] Initializing Ruby Bundler Analyzer
[DEBUG] Skipping Ruby Bundler Analyzer (not enabled)
[DEBUG] Initializing Composer.lock analyzer
[DEBUG] Skipping Composer.lock analyzer (not enabled)
[DEBUG] Initializing CocoaPods Package Analyzer
[DEBUG] Skipping CocoaPods Package Analyzer (not enabled)
[DEBUG] Initializing SWIFT Package Manager Analyzer
[DEBUG] Skipping SWIFT Package Manager Analyzer (not enabled)
[DEBUG] Initializing PE Analyzer
[DEBUG] Skipping PE Analyzer (not enabled)
[DEBUG] Initializing Dependency Merging Analyzer
[DEBUG] Starting Dependency Merging Analyzer
[DEBUG] Parallel processing is not supported: Dependency Merging Analyzer.
[DEBUG] Begin Analysis of '/Users/jeremy/.m2/repository/junit/junit/4.13.1/junit-4.13.1.jar' (Dependency Merging Analyzer)
[DEBUG] Begin Analysis of '/Users/jeremy/.m2/repository/org/hamcrest/hamcrest-core/1.3/hamcrest-core-1.3.jar' (Dependency Merging Analyzer)
[DEBUG] Begin Analysis of '/Users/jeremy/.m2/repository/javax/servlet/servlet-api/2.5/servlet-api-2.5.jar' (Dependency Merging Analyzer)
[INFO] Finished Dependency Merging Analyzer (0 seconds)
[DEBUG] Initializing Version Filter Analyzer
[DEBUG] Starting Version Filter Analyzer
[DEBUG] Parallel processing with up to 4 threads: Version Filter Analyzer.
[DEBUG] Begin Analysis of '/Users/jeremy/.m2/repository/junit/junit/4.13.1/junit-4.13.1.jar' (Version Filter Analyzer)
[DEBUG] Begin Analysis of '/Users/jeremy/.m2/repository/javax/servlet/servlet-api/2.5/servlet-api-2.5.jar' (Version Filter Analyzer)
[DEBUG] Begin Analysis of '/Users/jeremy/.m2/repository/org/hamcrest/hamcrest-core/1.3/hamcrest-core-1.3.jar' (Version Filter Analyzer)
[INFO] Finished Version Filter Analyzer (0 seconds)
[DEBUG] Initializing Hint Analyzer
[DEBUG] 37 hint rules were loaded.
[DEBUG] 2 duplicating hint rules were loaded.
[DEBUG] Starting Hint Analyzer
[DEBUG] Parallel processing with up to 4 threads: Hint Analyzer.
[DEBUG] Begin Analysis of '/Users/jeremy/.m2/repository/junit/junit/4.13.1/junit-4.13.1.jar' (Hint Analyzer)
[DEBUG] Begin Analysis of '/Users/jeremy/.m2/repository/org/hamcrest/hamcrest-core/1.3/hamcrest-core-1.3.jar' (Hint Analyzer)
[DEBUG] Begin Analysis of '/Users/jeremy/.m2/repository/javax/servlet/servlet-api/2.5/servlet-api-2.5.jar' (Hint Analyzer)
[INFO] Finished Hint Analyzer (0 seconds)
[DEBUG] Initializing NPM CPE Analyzer
[INFO] Created CPE Index (2 seconds)
[DEBUG] Skipping CPE Analysis for npm
[DEBUG] Loading suppression rules from '/Users/jeremy/Projects/odc-falsepositives/src/main/conf/suppression.xml'
[DEBUG] 0 suppression rules were loaded.
[DEBUG] Starting NPM CPE Analyzer
[DEBUG] Parallel processing with up to 4 threads: NPM CPE Analyzer.
[DEBUG] Begin Analysis of '/Users/jeremy/.m2/repository/junit/junit/4.13.1/junit-4.13.1.jar' (NPM CPE Analyzer)
[DEBUG] Begin Analysis of '/Users/jeremy/.m2/repository/org/hamcrest/hamcrest-core/1.3/hamcrest-core-1.3.jar' (NPM CPE Analyzer)
[DEBUG] Begin Analysis of '/Users/jeremy/.m2/repository/javax/servlet/servlet-api/2.5/servlet-api-2.5.jar' (NPM CPE Analyzer)
[INFO] Finished NPM CPE Analyzer (2 seconds)
[DEBUG] Initializing CPE Analyzer
[INFO] Created CPE Index (1 seconds)
[DEBUG] Skipping CPE Analysis for npm
[DEBUG] Loading suppression rules from '/Users/jeremy/Projects/odc-falsepositives/src/main/conf/suppression.xml'
[DEBUG] 0 suppression rules were loaded.
[DEBUG] Starting CPE Analyzer
[DEBUG] Parallel processing with up to 4 threads: CPE Analyzer.
[DEBUG] Begin Analysis of '/Users/jeremy/.m2/repository/junit/junit/4.13.1/junit-4.13.1.jar' (CPE Analyzer)
[DEBUG] Begin Analysis of '/Users/jeremy/.m2/repository/org/hamcrest/hamcrest-core/1.3/hamcrest-core-1.3.jar' (CPE Analyzer)
[DEBUG] Begin Analysis of '/Users/jeremy/.m2/repository/javax/servlet/servlet-api/2.5/servlet-api-2.5.jar' (CPE Analyzer)
[DEBUG] vendor search: {junit=2, framework=1, http://junit.org=1}
[DEBUG] vendor search: {core=1, org.hamcrest=1, matcher=1, hamcrest=2}
[DEBUG] vendor search: {javax.servlet=1, javax=1, servlet=1}
[DEBUG] product search: {core=1, hamcrest-core=1, hamcrest=2, matcher=1}
[DEBUG] product search: {junit=3, framework=1}
[DEBUG] product search: {javax.servlet=1, javax=1, servlet=1, servlet-api=1}
[DEBUG] product:(junit^3 framework) AND vendor:(junit^3 framework http\:\/\/junit.org)
[DEBUG] product:(javax.servlet javax servlet^2 servlet\-api) AND vendor:(javax.servlet javax^2 servlet^2)
[DEBUG] product:(core hamcrest\-core hamcrest^2 matcher) AND vendor:(core org.hamcrest matcher hamcrest^3)
[DEBUG] vendor search: {javax.servlet=1, javax=1, Sun Microsystems Inc=1, servlet=1, servlet-api=1}
[DEBUG] product search: {javax.servlet=1, javax=1, servlet=1, servlet-api=2}
[DEBUG] product:(javax.servlet javax servlet^2 servlet\-api^2) AND vendor:(javax.servlet javax^2 Sun Microsystems Inc servlet^2 servlet\-api)
[DEBUG] vendor search: {junit=3, framework=1, JUnit=3, http://junit.org=1}
[DEBUG] product search: {junit=4, framework=1, JUnit=2}
[DEBUG] product:(junit^4 framework JUnit^2) AND vendor:(junit^4 framework JUnit^4 junit^4 http\:\/\/junit.org)
[DEBUG] vendor search: {junit=5, framework=1, JUnit=3, http://www.junit.org=1, http://junit.org=1}
[DEBUG] product search: {junit=5, framework=1, JUnit=2, http://junit.org=1}
[DEBUG] product:(junit^5 framework JUnit^2 http\:\/\/junit.org) AND vendor:(junit^6 framework JUnit^4 junit^4 http\:\/\/www.junit.org http\:\/\/junit.org)
[DEBUG] vendor search: {junit=6, framework=1, JUnit=3, http://www.junit.org=1, http://junit.org=2}
[DEBUG] product search: {junit=5, framework=1, JUnit=3, http://www.junit.org=1, http://junit.org=2}
[DEBUG] vendor search: {javax.servlet=1, javax=1, Sun Microsystems Inc=1, servlet=1, servlet-api=2}
[DEBUG] product search: {javax.servlet=1, A component of the Glassfish Application Server=1, javax=1, servlet=1, servlet-api=3}
[DEBUG] product:(junit^5 framework JUnit^3 http\:\/\/www.junit.org http\:\/\/junit.org^2) AND vendor:(junit^7 framework JUnit^4 junit^4 http\:\/\/www.junit.org http\:\/\/junit.org^2)
[DEBUG] vendor search: {core=1, hamcrest-core=1, hamcrest.org=1, org.hamcrest=1, matcher=1, hamcrest=2, Hamcrest Core=1}
[DEBUG] product search: {core=1, hamcrest-core=3, hamcrest=2, matcher=1, Hamcrest Core=1}
[DEBUG] product:(javax.servlet A component of the Glassfish Application Server javax servlet^2 servlet\-api^3) AND vendor:(javax.servlet javax^2 Sun Microsystems Inc servlet^2 servlet\-api^2)
[DEBUG] product:(core hamcrest\-core^3 hamcrest^2 matcher Hamcrest Core) AND vendor:(core hamcrest\-core hamcrest.org org.hamcrest matcher hamcrest^3 Hamcrest^2 Core hamcrest^2)
[DEBUG] vendor search: {core=1, hamcrest-core=1, hamcrest.org=1, org.hamcrest=2, matcher=1, hamcrest=2, Hamcrest Core=1}
[DEBUG] product search: {hamcrest-parent=1, core=1, hamcrest-core=3, org.hamcrest=1, hamcrest=2, matcher=1, Hamcrest Core=1}
[DEBUG] product:(hamcrest\-parent core hamcrest\-core^3 org.hamcrest hamcrest^2 matcher Hamcrest Core) AND vendor:(core hamcrest\-core hamcrest.org org.hamcrest^2 matcher hamcrest^3 Hamcrest^2 Core hamcrest^2)
[DEBUG] vendor search: {hamcrest-parent=1, core=1, hamcrest-core=2, 2012-07-09 19:49:34=1, hamcrest.org=1, org.hamcrest=2, matcher=1, hamcrest=2, Hamcrest Core=1}
[DEBUG] product search: {hamcrest-parent=1, core=1, hamcrest-core=3, 2012-07-09 19:49:34=1, org.hamcrest=1, hamcrest=2, matcher=1, Hamcrest Core=1}
[DEBUG] product:(hamcrest\-parent core hamcrest\-core^3 2012\-07\-09 19\:49\:34 org.hamcrest hamcrest^2 matcher Hamcrest Core) AND vendor:(hamcrest\-parent core hamcrest\-core^2 2012\-07\-09 19\:49\:34 hamcrest.org org.hamcrest^2 matcher hamcrest^3 Hamcrest^2 Core hamcrest^2)
[DEBUG] identified vendor/product: sun/one_application_server
[DEBUG] vendor search: {javax.servlet=1, javax=1, Sun Microsystems Inc=2, servlet=1, servlet-api=3}
[DEBUG] product search: {javax.servlet=1, A component of the Glassfish Application Server=1, javax=1, servlet=1, servlet-api=3}
[DEBUG] product:(javax.servlet A component of the Glassfish Application Server javax servlet^2 servlet\-api^3) AND vendor:(javax.servlet javax^2 Sun^2 Microsystems^2 Inc^2 servlet^2 servlet\-api^3)
[INFO] Finished CPE Analyzer (1 seconds)
[DEBUG] Initializing False Positive Analyzer
[DEBUG] Starting False Positive Analyzer
[DEBUG] Parallel processing with up to 4 threads: False Positive Analyzer.
[DEBUG] Begin Analysis of '/Users/jeremy/.m2/repository/junit/junit/4.13.1/junit-4.13.1.jar' (False Positive Analyzer)
[DEBUG] Begin Analysis of '/Users/jeremy/.m2/repository/javax/servlet/servlet-api/2.5/servlet-api-2.5.jar' (False Positive Analyzer)
[DEBUG] Begin Analysis of '/Users/jeremy/.m2/repository/org/hamcrest/hamcrest-core/1.3/hamcrest-core-1.3.jar' (False Positive Analyzer)
[INFO] Finished False Positive Analyzer (0 seconds)
[DEBUG] Initializing NVD CVE Analyzer
[DEBUG] Starting NVD CVE Analyzer
[DEBUG] Parallel processing with up to 4 threads: NVD CVE Analyzer.
[DEBUG] Begin Analysis of '/Users/jeremy/.m2/repository/junit/junit/4.13.1/junit-4.13.1.jar' (NVD CVE Analyzer)
[DEBUG] Begin Analysis of '/Users/jeremy/.m2/repository/javax/servlet/servlet-api/2.5/servlet-api-2.5.jar' (NVD CVE Analyzer)
[DEBUG] Begin Analysis of '/Users/jeremy/.m2/repository/org/hamcrest/hamcrest-core/1.3/hamcrest-core-1.3.jar' (NVD CVE Analyzer)
[INFO] Finished NVD CVE Analyzer (0 seconds)
[DEBUG] Initializing Node Audit Analyzer
[DEBUG] Skipping Node Audit Analyzer (not enabled)
[DEBUG] Initializing RetireJS Analyzer
[DEBUG] Skipping RetireJS Analyzer (not enabled)
[DEBUG] Initializing Sonatype OSS Index Analyzer
[DEBUG] Starting Sonatype OSS Index Analyzer
[DEBUG] Parallel processing with up to 4 threads: Sonatype OSS Index Analyzer.
[DEBUG] Begin Analysis of '/Users/jeremy/.m2/repository/junit/junit/4.13.1/junit-4.13.1.jar' (Sonatype OSS Index Analyzer)
[DEBUG] Begin Analysis of '/Users/jeremy/.m2/repository/javax/servlet/servlet-api/2.5/servlet-api-2.5.jar' (Sonatype OSS Index Analyzer)
[DEBUG] Begin Analysis of '/Users/jeremy/.m2/repository/org/hamcrest/hamcrest-core/1.3/hamcrest-core-1.3.jar' (Sonatype OSS Index Analyzer)
[DEBUG] Requesting component-reports for 3 dependencies
[DEBUG] OS type: MAC
[DEBUG] Settings.getDataFile() - file: '[JAR]/../../dependency-check-data/5.0'
[DEBUG] Settings.getDataFile() - transforming filename
[DEBUG] Settings.getDataFile() - jar file: '/Users/jeremy/.m2/repository/org/owasp/dependency-check-utils/6.0.4-SNAPSHOT'
[DEBUG] Settings.getDataFile() - returning: '/Users/jeremy/.m2/repository/org/owasp/dependency-check-utils/6.0.4-SNAPSHOT/../../dependency-check-data/5.0'
[DEBUG] OSS Index Cache: org.sonatype.ossindex.service.client.cache.DirectoryCache$Configuration@7ce212f6
[DEBUG] User-agent: dependency-check/6.0.4-SNAPSHOT (Mac OS X; 10.15.7; x86_64; 1.8.0_212)
[DEBUG] Transport: org.owasp.dependencycheck.data.ossindex.ODCConnectionTransport@5e4cab51
[DEBUG] Marshaller: org.sonatype.ossindex.service.client.marshal.GsonMarshaller@2ef14f02
[DEBUG] Base URL: https://ossindex.sonatype.org/
[DEBUG] Batch size: 128
[DEBUG] Marshaller: org.sonatype.ossindex.service.client.marshal.GsonMarshaller@7e2372a4
[DEBUG] Base-directory: /Users/jeremy/.m2/repository/org/owasp/dependency-check-utils/6.0.4-SNAPSHOT/../../dependency-check-data/5.0/oss_cache
[DEBUG] Expire after: PT86400S
[DEBUG] Report cache: DirectoryCache{baseDir=/Users/jeremy/.m2/repository/org/owasp/dependency-check-utils/6.0.4-SNAPSHOT/../../dependency-check-data/5.0/oss_cache, expireAfter=PT86400S}
[DEBUG] OSS Index Analyzer submitting: [pkg:maven/org.hamcrest/hamcrest-core@1.3, pkg:maven/junit/junit@4.13.1, pkg:maven/javax.servlet/servlet-api@2.5]
[DEBUG] Requesting 3 component-reports
[DEBUG] Found cached report for: pkg:maven/org.hamcrest/hamcrest-core@1.3
[DEBUG] Found cached report for: pkg:maven/junit/junit@4.13.1
[DEBUG] Found cached report for: pkg:maven/javax.servlet/servlet-api@2.5
[DEBUG] 3 component-reports; 31.88 ms
[DEBUG] Enrich dependency: Dependency{ fileName='servlet-api-2.5.jar', actualFilePath='/Users/jeremy/.m2/repository/javax/servlet/servlet-api/2.5/servlet-api-2.5.jar', filePath='/Users/jeremy/.m2/repository/javax/servlet/servlet-api/2.5/servlet-api-2.5.jar', packagePath='/Users/jeremy/.m2/repository/javax/servlet/servlet-api/2.5/servlet-api-2.5.jar'}
[DEBUG] Enrich dependency: Dependency{ fileName='junit-4.13.1.jar', actualFilePath='/Users/jeremy/.m2/repository/junit/junit/4.13.1/junit-4.13.1.jar', filePath='/Users/jeremy/.m2/repository/junit/junit/4.13.1/junit-4.13.1.jar', packagePath='/Users/jeremy/.m2/repository/junit/junit/4.13.1/junit-4.13.1.jar'}
[DEBUG] Enrich dependency: Dependency{ fileName='hamcrest-core-1.3.jar', actualFilePath='/Users/jeremy/.m2/repository/org/hamcrest/hamcrest-core/1.3/hamcrest-core-1.3.jar', filePath='/Users/jeremy/.m2/repository/org/hamcrest/hamcrest-core/1.3/hamcrest-core-1.3.jar', packagePath='/Users/jeremy/.m2/repository/org/hamcrest/hamcrest-core/1.3/hamcrest-core-1.3.jar'}
[DEBUG]   Package: pkg:maven/org.hamcrest/hamcrest-core@1.3 -> HIGH
[DEBUG]   Package: pkg:maven/junit/junit@4.13.1 -> HIGH
[DEBUG]   Package: pkg:maven/javax.servlet/servlet-api@2.5 -> HIGH
[INFO] Finished Sonatype OSS Index Analyzer (0 seconds)
[DEBUG] Initializing Vulnerability Suppression Analyzer
[DEBUG] Loading suppression rules from '/Users/jeremy/Projects/odc-falsepositives/src/main/conf/suppression.xml'
[DEBUG] 0 suppression rules were loaded.
[DEBUG] Starting Vulnerability Suppression Analyzer
[DEBUG] Parallel processing with up to 4 threads: Vulnerability Suppression Analyzer.
[DEBUG] Begin Analysis of '/Users/jeremy/.m2/repository/junit/junit/4.13.1/junit-4.13.1.jar' (Vulnerability Suppression Analyzer)
[DEBUG] Begin Analysis of '/Users/jeremy/.m2/repository/javax/servlet/servlet-api/2.5/servlet-api-2.5.jar' (Vulnerability Suppression Analyzer)
[DEBUG] Begin Analysis of '/Users/jeremy/.m2/repository/org/hamcrest/hamcrest-core/1.3/hamcrest-core-1.3.jar' (Vulnerability Suppression Analyzer)
[INFO] Finished Vulnerability Suppression Analyzer (0 seconds)
[DEBUG] Initializing Dependency Bundling Analyzer
[DEBUG] Starting Dependency Bundling Analyzer
[DEBUG] Parallel processing is not supported: Dependency Bundling Analyzer.
[DEBUG] Begin Analysis of '/Users/jeremy/.m2/repository/junit/junit/4.13.1/junit-4.13.1.jar' (Dependency Bundling Analyzer)
[DEBUG] IdentifiersMatch=false (hamcrest-core-1.3.jar, junit-4.13.1.jar)
[DEBUG] IdentifiersMatch=false (hamcrest-core-1.3.jar, servlet-api-2.5.jar)
[DEBUG] IdentifiersMatch=false (junit-4.13.1.jar, servlet-api-2.5.jar)
[DEBUG] Begin Analysis of '/Users/jeremy/.m2/repository/org/hamcrest/hamcrest-core/1.3/hamcrest-core-1.3.jar' (Dependency Bundling Analyzer)
[DEBUG] Begin Analysis of '/Users/jeremy/.m2/repository/javax/servlet/servlet-api/2.5/servlet-api-2.5.jar' (Dependency Bundling Analyzer)
[INFO] Finished Dependency Bundling Analyzer (0 seconds)
[DEBUG] Closing Analyzer 'Archive Analyzer'
[DEBUG] Attempting to delete temporary files from `/var/folders/6h/sbwvnfnn7y1bnmplkf_7dkwh0000gn/T/dctemp380eeaf7-b880-467f-911e-26828c1a647c/check5831064637611804482tmp`
[DEBUG] Closing Analyzer 'Ruby Bundle Audit Analyzer'
[DEBUG] Closing Analyzer 'Elixir Mix Audit Analyzer'
[DEBUG] Closing Analyzer 'File Name Analyzer'
[DEBUG] Closing Analyzer 'Jar Analyzer'
[DEBUG] Attempting to delete temporary files from `/var/folders/6h/sbwvnfnn7y1bnmplkf_7dkwh0000gn/T/dctemp380eeaf7-b880-467f-911e-26828c1a647c/check6001150102281610106tmp`
[DEBUG] Closing Analyzer 'Central Analyzer'
[DEBUG] Closing Analyzer 'Nexus Analyzer'
[DEBUG] Closing Analyzer 'Artifactory Analyzer'
[DEBUG] Closing Analyzer 'Nuspec Analyzer'
[DEBUG] Closing Analyzer 'Nugetconf Analyzer'
[DEBUG] Closing Analyzer 'MSBuild Project Analyzer'
[DEBUG] Closing Analyzer 'Assembly Analyzer'
[DEBUG] Closing Analyzer 'Python Distribution Analyzer'
[DEBUG] Closing Analyzer 'Python Package Analyzer'
[DEBUG] Closing Analyzer 'pip Analyzer'
[DEBUG] Closing Analyzer 'Pipfile Analyzer'
[DEBUG] Closing Analyzer 'Autoconf Analyzer'
[DEBUG] Closing Analyzer 'OpenSSL Source Analyzer'
[DEBUG] Closing Analyzer 'CMake Analyzer'
[DEBUG] Closing Analyzer 'Node.js Package Analyzer'
[DEBUG] Closing Analyzer 'Golang Mod Analyzer'
[DEBUG] Closing Analyzer 'Golang Dep Analyzer'
[DEBUG] Closing Analyzer 'Ruby Gemspec Analyzer'
[DEBUG] Closing Analyzer 'Ruby Bundler Analyzer'
[DEBUG] Closing Analyzer 'Composer.lock analyzer'
[DEBUG] Closing Analyzer 'CocoaPods Package Analyzer'
[DEBUG] Closing Analyzer 'SWIFT Package Manager Analyzer'
[DEBUG] Closing Analyzer 'PE Analyzer'
[DEBUG] Closing Analyzer 'Dependency Merging Analyzer'
[DEBUG] Closing Analyzer 'Version Filter Analyzer'
[DEBUG] Closing Analyzer 'Hint Analyzer'
[DEBUG] Closing Analyzer 'NPM CPE Analyzer'
[DEBUG] Closing Analyzer 'CPE Analyzer'
[DEBUG] Closing Analyzer 'False Positive Analyzer'
[DEBUG] Closing Analyzer 'NVD CVE Analyzer'
[DEBUG] Closing Analyzer 'Node Audit Analyzer'
[DEBUG] Closing Analyzer 'RetireJS Analyzer'
[DEBUG] Closing Analyzer 'Sonatype OSS Index Analyzer'
[DEBUG] Closing Analyzer 'Vulnerability Suppression Analyzer'
[DEBUG] Closing Analyzer 'Dependency Bundling Analyzer'
[DEBUG] 
----------------------------------------------------
END ANALYSIS
----------------------------------------------------
[INFO] Analysis Complete (4 seconds)
[DEBUG] Initializing Velocity, Calling init()...
[DEBUG] Starting Apache Velocity v2.2
[DEBUG] Default Properties resource: org/apache/velocity/runtime/defaults/velocity.properties
[DEBUG] ResourceLoader instantiated: org.apache.velocity.runtime.resource.loader.FileResourceLoader
[DEBUG] FileResourceLoader: adding path '.'
[DEBUG] initialized (class org.apache.velocity.runtime.resource.ResourceCacheImpl) with class java.util.Collections$SynchronizedMap cache map.
[DEBUG] Loaded System Directive: org.apache.velocity.runtime.directive.Stop
[DEBUG] Loaded System Directive: org.apache.velocity.runtime.directive.Define
[DEBUG] Loaded System Directive: org.apache.velocity.runtime.directive.Break
[DEBUG] Loaded System Directive: org.apache.velocity.runtime.directive.Evaluate
[DEBUG] Loaded System Directive: org.apache.velocity.runtime.directive.Macro
[DEBUG] Loaded System Directive: org.apache.velocity.runtime.directive.Parse
[DEBUG] Loaded System Directive: org.apache.velocity.runtime.directive.Include
[DEBUG] Loaded System Directive: org.apache.velocity.runtime.directive.Foreach
[DEBUG] Created '20' parsers.
[DEBUG] "velocimacro.library.path" is not set. Trying default library: velocimacros.vtl
[DEBUG] Default library velocimacros.vtl not found. Trying old default library: VM_global_library.vm
[DEBUG] Old default library VM_global_library.vm not found.
[DEBUG] allowInline = true: VMs can be defined inline in templates
[DEBUG] allowInlineToOverride = false: VMs defined inline may NOT replace previous VM definitions
[DEBUG] allowInlineLocal = false: VMs defined inline will be global in scope if allowed.
[DEBUG] autoload off: VM system will not automatically reload global library macros
[DEBUG] added VM writeXmlException: source=org.apache.velocity.Template@19ae2ee5
[DEBUG] added VM writeHtmlException: source=org.apache.velocity.Template@3554bdc0
[DEBUG] added VM writeJsonException: source=org.apache.velocity.Template@357f6391
[DEBUG] test
[DEBUG] Closing database
[DEBUG] Cache cleared
[DEBUG] Statments closed
[DEBUG] Connection closed
[DEBUG] Resources released
[DEBUG] Begin deregister driver
[DEBUG] End deregister driver
[DEBUG] Resetting Indexed File [/Users/jeremy/.m2/repository/org/owasp/dependency-check-data/5.0/cache/NODEAUDIT.key]
[DEBUG] Resetting Indexed File [/Users/jeremy/.m2/repository/org/owasp/dependency-check-data/5.0/cache/CENTRAL.key]
[DEBUG] Resetting Indexed File [/Users/jeremy/.m2/repository/org/owasp/dependency-check-data/5.0/cache/POM.key]
[DEBUG] Deleting ALL temporary files from `/var/folders/6h/sbwvnfnn7y1bnmplkf_7dkwh0000gn/T/dctemp380eeaf7-b880-467f-911e-26828c1a647c`
[INFO] ------------------------------------------------------------------------
[INFO] BUILD SUCCESS
[INFO] ------------------------------------------------------------------------
[INFO] Total time:  14.055 s
[INFO] Finished at: 2020-12-10T06:38:29-05:00
[INFO] ------------------------------------------------------------------------
