<?xml version="1.0" encoding="UTF-8"?><testsuites failures="5" name="dependency-check" tests="31"><testsuite failures="$failed" id="0" name="/Users/jeremy/.m2/repository/org/mitre/openid-connect-client/1.3.3/openid-connect-client-1.3.3.jar" package="openid-connect-client-1.3.3.jar" skipped="$skipped" tests="1">#        <properties>#            <property name="test" value="value"/>#        </properties><testcase classname="dependency-check" name="openid-connect-client-1.3.3.jar"/></testsuite><testsuite failures="$failed" id="1" name="/Users/jeremy/.m2/repository/org/mitre/openid-connect-common/1.3.3/openid-connect-common-1.3.3.jar" package="openid-connect-common-1.3.3.jar" skipped="$skipped" tests="1">#        <properties>#            <property name="test" value="value"/>#        </properties><testcase classname="dependency-check" name="openid-connect-common-1.3.3.jar"/></testsuite><testsuite failures="$failed" id="2" name="/Users/jeremy/.m2/repository/org/springframework/spring-core/4.3.22.RELEASE/spring-core-4.3.22.RELEASE.jar" package="spring-core-4.3.22.RELEASE.jar" skipped="$skipped" tests="1">#        <properties>#            <property name="test" value="value"/>#        </properties><testcase classname="dependency-check" name="spring-core-4.3.22.RELEASE.jar"/></testsuite><testsuite failures="$failed" id="3" name="/Users/jeremy/.m2/repository/org/springframework/spring-aop/4.3.22.RELEASE/spring-aop-4.3.22.RELEASE.jar" package="spring-aop-4.3.22.RELEASE.jar" skipped="$skipped" tests="1">#        <properties>#            <property name="test" value="value"/>#        </properties><testcase classname="dependency-check" name="spring-aop-4.3.22.RELEASE.jar"/></testsuite><testsuite failures="$failed" id="4" name="/Users/jeremy/.m2/repository/org/springframework/spring-web/4.3.22.RELEASE/spring-web-4.3.22.RELEASE.jar" package="spring-web-4.3.22.RELEASE.jar" skipped="$skipped" tests="1">#        <properties>#            <property name="test" value="value"/>#        </properties><testcase classname="dependency-check" name="spring-web-4.3.22.RELEASE.jar"/></testsuite><testsuite failures="1" id="5" name="/Users/jeremy/.m2/repository/org/springframework/security/spring-security-core/4.2.11.RELEASE/spring-security-core-4.2.11.RELEASE.jar" package="spring-security-core-4.2.11.RELEASE.jar" skipped="2" tests="3">#        <properties>#            <property name="test" value="value"/>#        </properties><testcase classname="BREACH attack possible in CSRF tokens" name="pkg:maven/org.springframework.security/spring-security-core@4.2.11.RELEASE"><skipped message="score below 6.0"/><failure message="0.0"/><system-out>&gt; The CSRF tokens generated by Spring are vulnerable to a BREACH attack.
&gt; 
&gt; ...
&gt; 
&gt; This only occurs when you turn on CSRF protection in Spring and also have HTTP compression enabled somewhere in your web server stack.
&gt; 
&gt; -- [github.com](https://github.com/spring-projects/spring-security/issues/4001)</system-out><system-err>location: /Users/jeremy/.m2/repository/org/springframework/security/spring-security-core/4.2.11.RELEASE/spring-security-core-4.2.11.RELEASE.jar</system-err></testcase><testcase classname="CVE-2018-1258" name="pkg:maven/org.springframework.security/spring-security-core@4.2.11.RELEASE"><failure message="cvssV3: HIGH, score: 8.8 (/AV:N/AC:L/PR:L/UI:N/S:U/C:H/I:H/A:H)"/><system-out>Spring Framework version 5.0.5 when used in combination with any versions of Spring Security contains an authorization bypass when using method security. An unauthorized malicious user can gain unauthorized access to methods that should be restricted.</system-out><system-err>location: /Users/jeremy/.m2/repository/org/springframework/security/spring-security-core/4.2.11.RELEASE/spring-security-core-4.2.11.RELEASE.jar</system-err></testcase><testcase classname="CVE-2019-3795" name="pkg:maven/org.springframework.security/spring-security-core@4.2.11.RELEASE"><skipped message="score below 6.0"/><failure message="cvssV3: MEDIUM, score: 5.3 (/AV:N/AC:L/PR:N/UI:N/S:U/C:L/I:N/A:N)"/><system-out>Spring Security versions 4.2.x prior to 4.2.12, 5.0.x prior to 5.0.12, and 5.1.x prior to 5.1.5 contain an insecure randomness vulnerability when using SecureRandomFactoryBean#setSeed to configure a SecureRandom instance. In order to be impacted, an honest application must provide a seed and make the resulting random material available to an attacker for inspection.</system-out><system-err>location: /Users/jeremy/.m2/repository/org/springframework/security/spring-security-core/4.2.11.RELEASE/spring-security-core-4.2.11.RELEASE.jar</system-err></testcase></testsuite><testsuite failures="1" id="6" name="/Users/jeremy/.m2/repository/aopalliance/aopalliance/1.0/aopalliance-1.0.jar" package="aopalliance-1.0.jar" skipped="2" tests="1">#        <properties>#            <property name="test" value="value"/>#        </properties><testcase classname="dependency-check" name="aopalliance-1.0.jar"/></testsuite><testsuite failures="1" id="7" name="/Users/jeremy/.m2/repository/com/google/guava/guava/27.0-jre/guava-27.0-jre.jar" package="guava-27.0-jre.jar" skipped="2" tests="1">#        <properties>#            <property name="test" value="value"/>#        </properties><testcase classname="dependency-check" name="guava-27.0-jre.jar"/></testsuite><testsuite failures="1" id="8" name="/Users/jeremy/.m2/repository/com/google/guava/failureaccess/1.0/failureaccess-1.0.jar" package="failureaccess-1.0.jar" skipped="2" tests="1">#        <properties>#            <property name="test" value="value"/>#        </properties><testcase classname="dependency-check" name="failureaccess-1.0.jar"/></testsuite><testsuite failures="1" id="9" name="/Users/jeremy/.m2/repository/com/google/guava/listenablefuture/9999.0-empty-to-avoid-conflict-with-guava/listenablefuture-9999.0-empty-to-avoid-conflict-with-guava.jar" package="listenablefuture-9999.0-empty-to-avoid-conflict-with-guava.jar" skipped="2" tests="1">#        <properties>#            <property name="test" value="value"/>#        </properties><testcase classname="dependency-check" name="listenablefuture-9999.0-empty-to-avoid-conflict-with-guava.jar"/></testsuite><testsuite failures="1" id="10" name="/Users/jeremy/.m2/repository/com/google/code/findbugs/jsr305/3.0.2/jsr305-3.0.2.jar" package="jsr305-3.0.2.jar" skipped="2" tests="1">#        <properties>#            <property name="test" value="value"/>#        </properties><testcase classname="dependency-check" name="jsr305-3.0.2.jar"/></testsuite><testsuite failures="1" id="11" name="/Users/jeremy/.m2/repository/org/checkerframework/checker-qual/2.5.2/checker-qual-2.5.2.jar" package="checker-qual-2.5.2.jar" skipped="2" tests="1">#        <properties>#            <property name="test" value="value"/>#        </properties><testcase classname="dependency-check" name="checker-qual-2.5.2.jar"/></testsuite><testsuite failures="1" id="12" name="/Users/jeremy/.m2/repository/com/google/errorprone/error_prone_annotations/2.2.0/error_prone_annotations-2.2.0.jar" package="error_prone_annotations-2.2.0.jar" skipped="2" tests="1">#        <properties>#            <property name="test" value="value"/>#        </properties><testcase classname="dependency-check" name="error_prone_annotations-2.2.0.jar"/></testsuite><testsuite failures="1" id="13" name="/Users/jeremy/.m2/repository/com/google/j2objc/j2objc-annotations/1.1/j2objc-annotations-1.1.jar" package="j2objc-annotations-1.1.jar" skipped="2" tests="1">#        <properties>#            <property name="test" value="value"/>#        </properties><testcase classname="dependency-check" name="j2objc-annotations-1.1.jar"/></testsuite><testsuite failures="1" id="14" name="/Users/jeremy/.m2/repository/org/codehaus/mojo/animal-sniffer-annotations/1.17/animal-sniffer-annotations-1.17.jar" package="animal-sniffer-annotations-1.17.jar" skipped="2" tests="1">#        <properties>#            <property name="test" value="value"/>#        </properties><testcase classname="dependency-check" name="animal-sniffer-annotations-1.17.jar"/></testsuite><testsuite failures="1" id="15" name="/Users/jeremy/.m2/repository/org/apache/httpcomponents/httpclient/4.5.3/httpclient-4.5.3.jar" package="httpclient-4.5.3.jar" skipped="2" tests="1">#        <properties>#            <property name="test" value="value"/>#        </properties><testcase classname="dependency-check" name="httpclient-4.5.3.jar"/></testsuite><testsuite failures="1" id="16" name="/Users/jeremy/.m2/repository/org/apache/httpcomponents/httpcore/4.4.6/httpcore-4.4.6.jar" package="httpcore-4.4.6.jar" skipped="2" tests="1">#        <properties>#            <property name="test" value="value"/>#        </properties><testcase classname="dependency-check" name="httpcore-4.4.6.jar"/></testsuite><testsuite failures="1" id="17" name="/Users/jeremy/.m2/repository/commons-codec/commons-codec/1.9/commons-codec-1.9.jar" package="commons-codec-1.9.jar" skipped="2" tests="1">#        <properties>#            <property name="test" value="value"/>#        </properties><testcase classname="dependency-check" name="commons-codec-1.9.jar"/></testsuite><testsuite failures="2" id="18" name="/Users/jeremy/.m2/repository/org/springframework/security/oauth/spring-security-oauth2/2.1.0.RELEASE/spring-security-oauth2-2.1.0.RELEASE.jar" package="spring-security-oauth2-2.1.0.RELEASE.jar" skipped="0" tests="2">#        <properties>#            <property name="test" value="value"/>#        </properties><testcase classname="CVE-2018-1260" name="pkg:maven/org.springframework.security.oauth/spring-security-oauth2@2.1.0.RELEASE"><failure message="cvssV3: CRITICAL, score: 9.8 (/AV:N/AC:L/PR:N/UI:N/S:U/C:H/I:H/A:H)"/><system-out>Spring Security OAuth, versions 2.3 prior to 2.3.3, 2.2 prior to 2.2.2, 2.1 prior to 2.1.2, 2.0 prior to 2.0.15 and older unsupported versions contains a remote code execution vulnerability. A malicious user or attacker can craft an authorization request to the authorization endpoint that can lead to remote code execution when the resource owner is forwarded to the approval endpoint.</system-out><system-err>location: /Users/jeremy/.m2/repository/org/springframework/security/oauth/spring-security-oauth2/2.1.0.RELEASE/spring-security-oauth2-2.1.0.RELEASE.jar</system-err></testcase><testcase classname="CVE-2018-15758" name="pkg:maven/org.springframework.security.oauth/spring-security-oauth2@2.1.0.RELEASE"><failure message="cvssV3: HIGH, score: 8.1 (/AV:N/AC:H/PR:N/UI:N/S:U/C:H/I:H/A:H)"/><system-out>Spring Security OAuth, versions 2.3 prior to 2.3.4, and 2.2 prior to 2.2.3, and 2.1 prior to 2.1.3, and 2.0 prior to 2.0.16, and older unsupported versions could be susceptible to a privilege escalation under certain conditions. A malicious user or attacker can craft a request to the approval endpoint that can modify the previously saved authorization request and lead to a privilege escalation on the subsequent approval. This scenario can happen if the application is configured to use a custom approval endpoint that declares AuthorizationRequest as a controller method argument. This vulnerability exposes applications that meet all of the following requirements: Act in the role of an Authorization Server (e.g. @EnableAuthorizationServer) and use a custom Approval Endpoint that declares AuthorizationRequest as a controller method argument. This vulnerability does not expose applications that: Act in the role of an Authorization Server and use the default Approval Endpoint, act in the role of a Resource Server only (e.g. @EnableResourceServer), act in the role of a Client only (e.g. @EnableOAuthClient).</system-out><system-err>location: /Users/jeremy/.m2/repository/org/springframework/security/oauth/spring-security-oauth2/2.1.0.RELEASE/spring-security-oauth2-2.1.0.RELEASE.jar</system-err></testcase></testsuite><testsuite failures="2" id="19" name="/Users/jeremy/.m2/repository/org/springframework/security/spring-security-web/3.2.10.RELEASE/spring-security-web-3.2.10.RELEASE.jar" package="spring-security-web-3.2.10.RELEASE.jar" skipped="0" tests="2">#        <properties>#            <property name="test" value="value"/>#        </properties><testcase classname="CVE-2016-5007" name="pkg:maven/org.springframework.security/spring-security-web@3.2.10.RELEASE"><failure message="cvssV3: HIGH, score: 7.5 (/AV:N/AC:L/PR:N/UI:N/S:U/C:N/I:H/A:N)"/><system-out>Both Spring Security 3.2.x, 4.0.x, 4.1.0 and the Spring Framework 3.2.x, 4.0.x, 4.1.x, 4.2.x rely on URL pattern mappings for authorization and for mapping requests to controllers respectively. Differences in the strictness of the pattern matching mechanisms, for example with regards to space trimming in path segments, can lead Spring Security to not recognize certain paths as not protected that are in fact mapped to Spring MVC controllers that should be protected. The problem is compounded by the fact that the Spring Framework provides richer features with regards to pattern matching as well as by the fact that pattern matching in each Spring Security and the Spring Framework can easily be customized creating additional differences.</system-out><system-err>location: /Users/jeremy/.m2/repository/org/springframework/security/spring-security-web/3.2.10.RELEASE/spring-security-web-3.2.10.RELEASE.jar</system-err></testcase><testcase classname="CVE-2018-1258" name="pkg:maven/org.springframework.security/spring-security-web@3.2.10.RELEASE"><failure message="cvssV3: HIGH, score: 8.8 (/AV:N/AC:L/PR:L/UI:N/S:U/C:H/I:H/A:H)"/><system-out>Spring Framework version 5.0.5 when used in combination with any versions of Spring Security contains an authorization bypass when using method security. An unauthorized malicious user can gain unauthorized access to methods that should be restricted.</system-out><system-err>location: /Users/jeremy/.m2/repository/org/springframework/security/spring-security-web/3.2.10.RELEASE/spring-security-web-3.2.10.RELEASE.jar</system-err></testcase></testsuite><testsuite failures="2" id="20" name="/Users/jeremy/.m2/repository/org/codehaus/jackson/jackson-core-asl/1.9.13/jackson-core-asl-1.9.13.jar" package="jackson-core-asl-1.9.13.jar" skipped="0" tests="1">#        <properties>#            <property name="test" value="value"/>#        </properties><testcase classname="dependency-check" name="jackson-core-asl-1.9.13.jar"/></testsuite><testsuite failures="2" id="21" name="/Users/jeremy/.m2/repository/com/nimbusds/nimbus-jose-jwt/5.4/nimbus-jose-jwt-5.4.jar" package="nimbus-jose-jwt-5.4.jar" skipped="0" tests="1">#        <properties>#            <property name="test" value="value"/>#        </properties><testcase classname="dependency-check" name="nimbus-jose-jwt-5.4.jar"/></testsuite><testsuite failures="2" id="22" name="/Users/jeremy/.m2/repository/com/github/stephenc/jcip/jcip-annotations/1.0-1/jcip-annotations-1.0-1.jar" package="jcip-annotations-1.0-1.jar" skipped="0" tests="1">#        <properties>#            <property name="test" value="value"/>#        </properties><testcase classname="dependency-check" name="jcip-annotations-1.0-1.jar"/></testsuite><testsuite failures="2" id="23" name="/Users/jeremy/.m2/repository/net/minidev/json-smart/2.3/json-smart-2.3.jar" package="json-smart-2.3.jar" skipped="0" tests="1">#        <properties>#            <property name="test" value="value"/>#        </properties><testcase classname="dependency-check" name="json-smart-2.3.jar"/></testsuite><testsuite failures="2" id="24" name="/Users/jeremy/.m2/repository/net/minidev/accessors-smart/1.2/accessors-smart-1.2.jar" package="accessors-smart-1.2.jar" skipped="0" tests="1">#        <properties>#            <property name="test" value="value"/>#        </properties><testcase classname="dependency-check" name="accessors-smart-1.2.jar"/></testsuite><testsuite failures="2" id="25" name="/Users/jeremy/.m2/repository/org/ow2/asm/asm/5.0.4/asm-5.0.4.jar" package="asm-5.0.4.jar" skipped="0" tests="1">#        <properties>#            <property name="test" value="value"/>#        </properties><testcase classname="dependency-check" name="asm-5.0.4.jar"/></testsuite><testsuite failures="2" id="26" name="/Users/jeremy/.m2/repository/org/eclipse/persistence/javax.persistence/2.1.1/javax.persistence-2.1.1.jar" package="javax.persistence-2.1.1.jar" skipped="0" tests="1">#        <properties>#            <property name="test" value="value"/>#        </properties><testcase classname="dependency-check" name="javax.persistence-2.1.1.jar"/></testsuite><testsuite failures="2" id="27" name="/Users/jeremy/.m2/repository/com/google/code/gson/gson/2.8.0/gson-2.8.0.jar" package="gson-2.8.0.jar" skipped="0" tests="1">#        <properties>#            <property name="test" value="value"/>#        </properties><testcase classname="dependency-check" name="gson-2.8.0.jar"/></testsuite><testsuite failures="2" id="28" name="/Users/jeremy/.m2/repository/org/slf4j/slf4j-api/1.7.25/slf4j-api-1.7.25.jar" package="slf4j-api-1.7.25.jar" skipped="0" tests="1">#        <properties>#            <property name="test" value="value"/>#        </properties><testcase classname="dependency-check" name="slf4j-api-1.7.25.jar"/></testsuite><testsuite failures="2" id="29" name="/Users/jeremy/.m2/repository/com/fasterxml/jackson/core/jackson-databind/2.9.8/jackson-databind-2.9.8.jar" package="jackson-databind-2.9.8.jar" skipped="0" tests="1">#        <properties>#            <property name="test" value="value"/>#        </properties><testcase classname="dependency-check" name="jackson-databind-2.9.8.jar"/></testsuite><testsuite failures="2" id="30" name="/Users/jeremy/.m2/repository/com/fasterxml/jackson/core/jackson-core/2.9.8/jackson-core-2.9.8.jar" package="jackson-core-2.9.8.jar" skipped="0" tests="1">#        <properties>#            <property name="test" value="value"/>#        </properties><testcase classname="dependency-check" name="jackson-core-2.9.8.jar"/></testsuite><testsuite failures="2" id="31" name="/Users/jeremy/.m2/repository/org/bouncycastle/bcprov-jdk15on/1.61/bcprov-jdk15on-1.61.jar" package="bcprov-jdk15on-1.61.jar" skipped="0" tests="1">#        <properties>#            <property name="test" value="value"/>#        </properties><testcase classname="dependency-check" name="bcprov-jdk15on-1.61.jar"/></testsuite><testsuite failures="2" id="32" name="/Users/jeremy/.m2/repository/org/slf4j/jcl-over-slf4j/1.7.25/jcl-over-slf4j-1.7.25.jar" package="jcl-over-slf4j-1.7.25.jar" skipped="0" tests="1">#        <properties>#            <property name="test" value="value"/>#        </properties><testcase classname="dependency-check" name="jcl-over-slf4j-1.7.25.jar"/></testsuite><testsuite failures="2" id="33" name="/Users/jeremy/Projects/odc-falsepositives/src/main/resources/test.js" package="test.js" skipped="0" tests="1">#        <properties>#            <property name="test" value="value"/>#        </properties><testcase classname="dependency-check" name="test.js"/></testsuite></testsuites>